[INFO] Scanning for projects...
[INFO]                                                                         
[INFO] ------------------------------------------------------------------------
[INFO] Building EnergyPlusOpt2Fed_exec 0.1.0-SNAPSHOT
[INFO] ------------------------------------------------------------------------
[INFO] 
[INFO] --- exec-maven-plugin:1.5.0:java (default-cli) @ EnergyPlusOpt2Fed_exec ---

-------------------------------------------------------------------
GMS: address=vagrant-57458, cluster=EnergyPlusOpt2Fed1, physical address=172.16.119.10:47949
-------------------------------------------------------------------
09:32:01.767 [org.webgme.guest.controller.Controller.main()] INFO  org.webgme.guest.controller.Controller - waiting on readyToPopulate...
09:32:54.188 [org.webgme.guest.controller.Controller.main()] INFO  org.webgme.guest.controller.Controller - ...synchronized on readyToPopulate
09:32:54.190 [org.webgme.guest.controller.Controller.main()] INFO  org.webgme.guest.controller.Controller - waiting on readyToRun...
09:32:54.451 [org.webgme.guest.controller.Controller.main()] INFO  org.webgme.guest.controller.Controller - ...synchronized on readyToRun
09:32:54.460 [org.webgme.guest.controller.Controller.main()] INFO  org.webgme.guest.controller.Controller - started logical time progression
timestep before receiving Socket/Reader: 0.0
09:32:54.476 [org.webgme.guest.controller.Controller.main()] INFO  org.webgme.guest.controller.Controller - timestep before receiving Socket/Reader: 
09:32:54.479 [org.webgme.guest.controller.Controller.main()] INFO  org.webgme.guest.controller.Controller - waiting to receive Socket_Controller interaction...
09:32:54.591 [org.webgme.guest.controller.Controller.main()] INFO  org.webgme.guest.controller.Controller - waiting to receive Socket_Controller interaction...
09:32:54.593 [org.webgme.guest.controller.Controller.main()] INFO  org.webgme.guest.controller.Controller - received RCModel_Controller interaction
numVars[simID] = 0
holder[simID] = epSendNetEnergy@467551.687500,epSendZoneMeanAirTemp@20.000101,epSendOutdoorAirTemp@2.250000,epSendZoneHumidity@28.944349,epSendEnergyPurchased@467551.687500,epSendEnergySurplus@0.000000,epSendSolarRadiation@0.000000,epSendHeatingSetpoint@20.000000,epSendCoolingSetpoint@28.000000,timestep@0.0,
handle interaction loop
vars[0] = epSendNetEnergy@467551.687500
length of vars = 10
j = 0
token = epSendNetEnergy@467551.687500
token1[0] = epSendNetEnergy
token1[1] = 467551.687500
varNames[j] = epSendNetEnergy
doubles[j] = 467551.687500
j = 1
token = epSendZoneMeanAirTemp@20.000101
token1[0] = epSendZoneMeanAirTemp
token1[1] = 20.000101
varNames[j] = epSendZoneMeanAirTemp
doubles[j] = 20.000101
j = 2
token = epSendOutdoorAirTemp@2.250000
token1[0] = epSendOutdoorAirTemp
token1[1] = 2.250000
varNames[j] = epSendOutdoorAirTemp
doubles[j] = 2.250000
j = 3
token = epSendZoneHumidity@28.944349
token1[0] = epSendZoneHumidity
token1[1] = 28.944349
varNames[j] = epSendZoneHumidity
doubles[j] = 28.944349
j = 4
token = epSendEnergyPurchased@467551.687500
token1[0] = epSendEnergyPurchased
token1[1] = 467551.687500
varNames[j] = epSendEnergyPurchased
doubles[j] = 467551.687500
j = 5
token = epSendEnergySurplus@0.000000
token1[0] = epSendEnergySurplus
token1[1] = 0.000000
varNames[j] = epSendEnergySurplus
doubles[j] = 0.000000
j = 6
token = epSendSolarRadiation@0.000000
token1[0] = epSendSolarRadiation
token1[1] = 0.000000
varNames[j] = epSendSolarRadiation
doubles[j] = 0.000000
j = 7
token = epSendHeatingSetpoint@20.000000
token1[0] = epSendHeatingSetpoint
token1[1] = 20.000000
varNames[j] = epSendHeatingSetpoint
doubles[j] = 20.000000
j = 8
token = epSendCoolingSetpoint@28.000000
token1[0] = epSendCoolingSetpoint
token1[1] = 28.000000
varNames[j] = epSendCoolingSetpoint
doubles[j] = 28.000000
j = 9
token = timestep@0.0
token1[0] = timestep
token1[1] = 0.0
varNames[j] = timestep
doubles[j] = 0.0
i = 0
i = 1
i = 2
i = 3
i = 4
i = 5
i = 6
i = 7
i = 8
i = 9
timestep after receiving Socket/Reader and before sending to Market: 0.0
09:32:54.619 [org.webgme.guest.controller.Controller.main()] INFO  org.webgme.guest.controller.Controller - hour is: 
hour is:0.0
sblock:0
zonetemp stirng20.000101
Here is the result
[ 2.90e-01]
[ 2.90e-01]
[ 2.90e-01]
[ 2.90e-01]
[ 2.90e-01]
[ 2.90e-01]
[ 2.90e-01]
[ 2.90e-01]
[ 2.90e-01]
[ 2.90e-01]
[ 2.90e-01]
[ 2.90e-01]
[ 2.84e-01]
[ 2.84e-01]
[ 2.84e-01]
[ 2.84e-01]
[ 2.84e-01]
[ 2.84e-01]
[ 2.84e-01]
[ 2.84e-01]
[ 2.84e-01]
[ 2.84e-01]
[ 2.84e-01]
[ 2.84e-01]
[ 2.87e-01]
[ 2.87e-01]
[ 2.87e-01]
[ 2.87e-01]
[ 2.87e-01]
[ 2.87e-01]
[ 2.87e-01]
[ 2.87e-01]
[ 2.87e-01]
[ 2.87e-01]
[ 2.87e-01]
[ 2.87e-01]
[ 2.85e-01]
[ 2.85e-01]
[ 2.85e-01]
[ 2.85e-01]
[ 2.85e-01]
[ 2.85e-01]
[ 2.85e-01]
[ 2.85e-01]
[ 2.85e-01]
[ 2.85e-01]
[ 2.85e-01]
[ 2.85e-01]

     pcost       dcost       gap    pres   dres   k/t
 0:  1.0520e+01 -2.1359e+02  6e+02  6e-01  2e-15  1e+00
 1:  7.6148e+00 -2.8282e+01  6e+01  1e-01  3e-15  7e-01
 2:  5.1443e+00  1.9639e-01  6e+00  1e-02  6e-15  5e-03
 3:  4.2636e+00  2.4612e+00  2e+00  5e-03  2e-15  5e-03
 4:  3.9158e+00  2.8262e+00  1e+00  3e-03  1e-15  4e-03
 5:  3.7224e+00  3.5457e+00  2e-01  5e-04  4e-16  7e-04
 6:  3.6894e+00  3.6751e+00  1e-02  4e-05  4e-16  6e-05
 7:  3.6865e+00  3.6864e+00  1e-04  4e-07  3e-16  6e-07
 8:  3.6865e+00  3.6865e+00  1e-06  4e-09  4e-16  6e-09
Optimal solution found.
energy consumption
[ 1.84e-01]
[ 1.93e-01]
[ 2.00e-01]
[ 2.04e-01]
[ 2.09e-01]
[ 2.17e-01]
[ 2.26e-01]
[ 2.33e-01]
[ 2.41e-01]
[ 2.46e-01]
[ 2.61e-01]
[ 2.64e-01]
[ 2.50e-01]
[ 2.56e-01]
[ 2.58e-01]
[ 2.61e-01]
[ 2.65e-01]
[ 2.66e-01]
[ 2.65e-01]
[ 2.65e-01]
[ 2.67e-01]
[ 2.68e-01]
[ 2.66e-01]
[ 2.65e-01]
[ 2.70e-01]
[ 2.72e-01]
[ 2.75e-01]
[ 2.78e-01]
[ 2.81e-01]
[ 2.83e-01]
[ 2.88e-01]
[ 2.90e-01]
[ 2.93e-01]
[ 2.97e-01]
[ 3.02e-01]
[ 3.05e-01]
[ 3.05e-01]
[ 3.05e-01]
[ 3.04e-01]
[ 3.05e-01]
[ 3.04e-01]
[ 3.03e-01]
[ 3.02e-01]
[ 3.02e-01]
[ 3.00e-01]
[ 2.98e-01]
[ 2.96e-01]
[ 2.93e-01]

indoor temp prediction
[ 2.00e+01]
[ 2.00e+01]
[ 2.00e+01]
[ 2.00e+01]
[ 2.00e+01]
[ 2.00e+01]
[ 2.00e+01]
[ 2.00e+01]
[ 2.00e+01]
[ 2.00e+01]
[ 2.00e+01]
[ 2.00e+01]
[ 2.00e+01]
[ 2.00e+01]
[ 2.00e+01]
[ 2.00e+01]
[ 2.00e+01]
[ 2.00e+01]
[ 2.00e+01]
[ 2.00e+01]
[ 2.00e+01]
[ 2.00e+01]
[ 2.00e+01]
[ 2.00e+01]
[ 2.00e+01]
[ 2.00e+01]
[ 2.00e+01]
[ 2.00e+01]
[ 2.00e+01]
[ 2.00e+01]
[ 2.00e+01]
[ 2.00e+01]
[ 2.00e+01]
[ 2.00e+01]
[ 2.00e+01]
[ 2.00e+01]
[ 2.00e+01]
[ 2.00e+01]
[ 2.00e+01]
[ 2.00e+01]
[ 2.00e+01]
[ 2.00e+01]
[ 2.00e+01]
[ 2.00e+01]
[ 2.00e+01]
[ 2.00e+01]
[ 2.00e+01]
[ 2.00e+01]

determine setpoints loop
09:32:56.611 [org.webgme.guest.controller.Controller.main()] ERROR org.webgme.guest.controller.Controller - java.lang.NumberFormatException: For input string: "[ 2.00e+01]"
