[INFO] Scanning for projects...
[INFO]                                                                         
[INFO] ------------------------------------------------------------------------
[INFO] Building EnergyPlusOpt2Fed_exec 0.1.0-SNAPSHOT
[INFO] ------------------------------------------------------------------------
[INFO] 
[INFO] --- exec-maven-plugin:1.5.0:java (default-cli) @ EnergyPlusOpt2Fed_exec ---

-------------------------------------------------------------------
GMS: address=vagrant-64870, cluster=EnergyPlusOpt2Fed1, physical address=172.16.119.10:33394
-------------------------------------------------------------------
02:49:57.329 [org.webgme.guest.controller.Controller.main()] INFO  org.webgme.guest.controller.Controller - waiting on readyToPopulate...
02:50:29.018 [org.webgme.guest.controller.Controller.main()] INFO  org.webgme.guest.controller.Controller - ...synchronized on readyToPopulate
02:50:29.019 [org.webgme.guest.controller.Controller.main()] INFO  org.webgme.guest.controller.Controller - waiting on readyToRun...
02:50:29.271 [org.webgme.guest.controller.Controller.main()] INFO  org.webgme.guest.controller.Controller - ...synchronized on readyToRun
02:50:29.293 [org.webgme.guest.controller.Controller.main()] INFO  org.webgme.guest.controller.Controller - started logical time progression
timestep before receiving Socket/Reader: 0.0
02:50:29.296 [org.webgme.guest.controller.Controller.main()] INFO  org.webgme.guest.controller.Controller - timestep before receiving Socket/Reader: 
02:50:29.297 [org.webgme.guest.controller.Controller.main()] INFO  org.webgme.guest.controller.Controller - waiting to receive Socket_Controller interaction...
02:50:29.407 [org.webgme.guest.controller.Controller.main()] INFO  org.webgme.guest.controller.Controller - waiting to receive Socket_Controller interaction...
02:50:29.409 [org.webgme.guest.controller.Controller.main()] INFO  org.webgme.guest.controller.Controller - received RCModel_Controller interaction
numVars[simID] = 0
holder[simID] = epSendNetEnergy@650148.687500,epSendZoneMeanAirTemp@22.500000,epSendOutdoorAirTemp@2.250000,epSendZoneHumidity@25.650948,epSendEnergyPurchased@650148.687500,epSendEnergySurplus@0.000000,epSendSolarRadiation@0.000000,epSendHeatingSetpoint@22.500000,epSendCoolingSetpoint@28.000000,timestep@0.0,
handle interaction loop
vars[0] = epSendNetEnergy@650148.687500
length of vars = 10
j = 0
token = epSendNetEnergy@650148.687500
token1[0] = epSendNetEnergy
token1[1] = 650148.687500
varNames[j] = epSendNetEnergy
doubles[j] = 650148.687500
j = 1
token = epSendZoneMeanAirTemp@22.500000
token1[0] = epSendZoneMeanAirTemp
token1[1] = 22.500000
varNames[j] = epSendZoneMeanAirTemp
doubles[j] = 22.500000
j = 2
token = epSendOutdoorAirTemp@2.250000
token1[0] = epSendOutdoorAirTemp
token1[1] = 2.250000
varNames[j] = epSendOutdoorAirTemp
doubles[j] = 2.250000
j = 3
token = epSendZoneHumidity@25.650948
token1[0] = epSendZoneHumidity
token1[1] = 25.650948
varNames[j] = epSendZoneHumidity
doubles[j] = 25.650948
j = 4
token = epSendEnergyPurchased@650148.687500
token1[0] = epSendEnergyPurchased
token1[1] = 650148.687500
varNames[j] = epSendEnergyPurchased
doubles[j] = 650148.687500
j = 5
token = epSendEnergySurplus@0.000000
token1[0] = epSendEnergySurplus
token1[1] = 0.000000
varNames[j] = epSendEnergySurplus
doubles[j] = 0.000000
j = 6
token = epSendSolarRadiation@0.000000
token1[0] = epSendSolarRadiation
token1[1] = 0.000000
varNames[j] = epSendSolarRadiation
doubles[j] = 0.000000
j = 7
token = epSendHeatingSetpoint@22.500000
token1[0] = epSendHeatingSetpoint
token1[1] = 22.500000
varNames[j] = epSendHeatingSetpoint
doubles[j] = 22.500000
j = 8
token = epSendCoolingSetpoint@28.000000
token1[0] = epSendCoolingSetpoint
token1[1] = 28.000000
varNames[j] = epSendCoolingSetpoint
doubles[j] = 28.000000
j = 9
token = timestep@0.0
token1[0] = timestep
token1[1] = 0.0
varNames[j] = timestep
doubles[j] = 0.0
i = 0
i = 1
i = 2
i = 3
i = 4
i = 5
i = 6
i = 7
i = 8
i = 9
timestep after receiving Socket/Reader and before sending to Market: 0.0
02:50:29.440 [org.webgme.guest.controller.Controller.main()] INFO  org.webgme.guest.controller.Controller - hour is: 
hour is:0.0
sblock:0
sday:1
zonetemp string22.5
Here is the result
02:50:38.460 [org.webgme.guest.controller.Controller.main()] ERROR org.webgme.guest.controller.Controller - java.lang.ArrayIndexOutOfBoundsException: 1
