[INFO] Scanning for projects...
[INFO]                                                                         
[INFO] ------------------------------------------------------------------------
[INFO] Building EnergyPlusOpt2Fed_exec 0.1.0-SNAPSHOT
[INFO] ------------------------------------------------------------------------
[INFO] 
[INFO] --- exec-maven-plugin:1.5.0:java (default-cli) @ EnergyPlusOpt2Fed_exec ---

-------------------------------------------------------------------
GMS: address=vagrant-9592, cluster=EnergyPlusOpt2Fed1, physical address=172.16.119.10:37265
-------------------------------------------------------------------
08:41:33.724 [org.webgme.guest.controller.Controller.main()] INFO  org.webgme.guest.controller.Controller - waiting on readyToPopulate...
08:42:06.733 [org.webgme.guest.controller.Controller.main()] INFO  org.webgme.guest.controller.Controller - ...synchronized on readyToPopulate
08:42:06.734 [org.webgme.guest.controller.Controller.main()] INFO  org.webgme.guest.controller.Controller - waiting on readyToRun...
08:42:06.988 [org.webgme.guest.controller.Controller.main()] INFO  org.webgme.guest.controller.Controller - ...synchronized on readyToRun
08:42:06.991 [org.webgme.guest.controller.Controller.main()] INFO  org.webgme.guest.controller.Controller - started logical time progression
timestep before receiving Socket/Reader: 0.0
08:42:06.998 [org.webgme.guest.controller.Controller.main()] INFO  org.webgme.guest.controller.Controller - timestep before receiving Socket/Reader: 
08:42:07.003 [org.webgme.guest.controller.Controller.main()] INFO  org.webgme.guest.controller.Controller - waiting to receive Socket_Controller interaction...
08:42:07.108 [org.webgme.guest.controller.Controller.main()] INFO  org.webgme.guest.controller.Controller - waiting to receive Socket_Controller interaction...
08:42:07.215 [org.webgme.guest.controller.Controller.main()] INFO  org.webgme.guest.controller.Controller - waiting to receive Socket_Controller interaction...
08:42:07.321 [org.webgme.guest.controller.Controller.main()] INFO  org.webgme.guest.controller.Controller - waiting to receive Socket_Controller interaction...
08:42:07.323 [org.webgme.guest.controller.Controller.main()] INFO  org.webgme.guest.controller.Controller - received RCModel_Controller interaction
numVars[simID] = 0
holder[simID] = epSendNetEnergy@467551.687500,epSendZoneMeanAirTemp@20.000101,epSendOutdoorAirTemp@2.250000,epSendZoneHumidity@28.944349,epSendEnergyPurchased@467551.687500,epSendEnergySurplus@0.000000,epSendSolarRadiation@0.000000,epSendHeatingSetpoint@20.000000,epSendCoolingSetpoint@28.000000,timestep@0.0,
handle interaction loop
vars[0] = epSendNetEnergy@467551.687500
length of vars = 10
j = 0
token = epSendNetEnergy@467551.687500
token1[0] = epSendNetEnergy
token1[1] = 467551.687500
varNames[j] = epSendNetEnergy
doubles[j] = 467551.687500
j = 1
token = epSendZoneMeanAirTemp@20.000101
token1[0] = epSendZoneMeanAirTemp
token1[1] = 20.000101
varNames[j] = epSendZoneMeanAirTemp
doubles[j] = 20.000101
j = 2
token = epSendOutdoorAirTemp@2.250000
token1[0] = epSendOutdoorAirTemp
token1[1] = 2.250000
varNames[j] = epSendOutdoorAirTemp
doubles[j] = 2.250000
j = 3
token = epSendZoneHumidity@28.944349
token1[0] = epSendZoneHumidity
token1[1] = 28.944349
varNames[j] = epSendZoneHumidity
doubles[j] = 28.944349
j = 4
token = epSendEnergyPurchased@467551.687500
token1[0] = epSendEnergyPurchased
token1[1] = 467551.687500
varNames[j] = epSendEnergyPurchased
doubles[j] = 467551.687500
j = 5
token = epSendEnergySurplus@0.000000
token1[0] = epSendEnergySurplus
token1[1] = 0.000000
varNames[j] = epSendEnergySurplus
doubles[j] = 0.000000
j = 6
token = epSendSolarRadiation@0.000000
token1[0] = epSendSolarRadiation
token1[1] = 0.000000
varNames[j] = epSendSolarRadiation
doubles[j] = 0.000000
j = 7
token = epSendHeatingSetpoint@20.000000
token1[0] = epSendHeatingSetpoint
token1[1] = 20.000000
varNames[j] = epSendHeatingSetpoint
doubles[j] = 20.000000
j = 8
token = epSendCoolingSetpoint@28.000000
token1[0] = epSendCoolingSetpoint
token1[1] = 28.000000
varNames[j] = epSendCoolingSetpoint
doubles[j] = 28.000000
j = 9
token = timestep@0.0
token1[0] = timestep
token1[1] = 0.0
varNames[j] = timestep
doubles[j] = 0.0
i = 0
i = 1
i = 2
i = 3
i = 4
i = 5
i = 6
i = 7
i = 8
i = 9
timestep after receiving Socket/Reader and before sending to Market: 0.0
08:42:07.345 [org.webgme.guest.controller.Controller.main()] INFO  org.webgme.guest.controller.Controller - hour is: 
hour is:0.0
sblock:0
zonetemp stirng20.000101
Here is the result
[ 2.90e-01]
[ 2.90e-01]
[ 2.90e-01]
[ 2.90e-01]
[ 2.90e-01]
[ 2.90e-01]
[ 2.90e-01]
[ 2.90e-01]
[ 2.90e-01]
[ 2.90e-01]
[ 2.90e-01]
[ 2.90e-01]
[ 2.84e-01]
[ 2.84e-01]
[ 2.84e-01]
[ 2.84e-01]
[ 2.84e-01]
[ 2.84e-01]
[ 2.84e-01]
[ 2.84e-01]
[ 2.84e-01]
[ 2.84e-01]
[ 2.84e-01]
[ 2.84e-01]
[ 2.87e-01]
[ 2.87e-01]
[ 2.87e-01]
[ 2.87e-01]
[ 2.87e-01]
[ 2.87e-01]
[ 2.87e-01]
[ 2.87e-01]
[ 2.87e-01]
[ 2.87e-01]
[ 2.87e-01]
[ 2.87e-01]
[ 2.85e-01]
[ 2.85e-01]
[ 2.85e-01]
[ 2.85e-01]
[ 2.85e-01]
[ 2.85e-01]
[ 2.85e-01]
[ 2.85e-01]
[ 2.85e-01]
[ 2.85e-01]
[ 2.85e-01]
[ 2.85e-01]

     pcost       dcost       gap    pres   dres   k/t
 0:  1.0520e+01 -2.1359e+02  6e+02  6e-01  2e-15  1e+00
 1:  7.6148e+00 -2.8282e+01  6e+01  1e-01  3e-15  7e-01
 2:  5.1443e+00  1.9639e-01  6e+00  1e-02  4e-15  5e-03
 3:  4.2636e+00  2.4612e+00  2e+00  5e-03  1e-15  5e-03
 4:  3.9158e+00  2.8262e+00  1e+00  3e-03  9e-16  4e-03
 5:  3.7224e+00  3.5457e+00  2e-01  5e-04  5e-16  7e-04
 6:  3.6894e+00  3.6751e+00  1e-02  4e-05  5e-16  6e-05
 7:  3.6865e+00  3.6864e+00  1e-04  4e-07  4e-16  6e-07
 8:  3.6865e+00  3.6865e+00  1e-06  4e-09  3e-16  6e-09
Optimal solution found.
[ 1.84e-01]
[ 1.93e-01]
[ 2.00e-01]
[ 2.04e-01]
[ 2.09e-01]
[ 2.17e-01]
[ 2.26e-01]
[ 2.33e-01]
[ 2.41e-01]
[ 2.46e-01]
[ 2.61e-01]
[ 2.64e-01]
[ 2.50e-01]
[ 2.56e-01]
[ 2.58e-01]
[ 2.61e-01]
[ 2.65e-01]
[ 2.66e-01]
[ 2.65e-01]
[ 2.65e-01]
[ 2.67e-01]
[ 2.68e-01]
[ 2.66e-01]
[ 2.65e-01]
[ 2.70e-01]
[ 2.72e-01]
[ 2.75e-01]
[ 2.78e-01]
[ 2.81e-01]
[ 2.83e-01]
[ 2.88e-01]
[ 2.90e-01]
[ 2.93e-01]
[ 2.97e-01]
[ 3.02e-01]
[ 3.05e-01]
[ 3.05e-01]
[ 3.05e-01]
[ 3.04e-01]
[ 3.05e-01]
[ 3.04e-01]
[ 3.03e-01]
[ 3.02e-01]
[ 3.02e-01]
[ 3.00e-01]
[ 2.98e-01]
[ 2.96e-01]
[ 2.93e-01]

determine setpoints loop
outTemps[i] = 2.25
zoneTemps[i] = 20.000101
heatTemps[i] = 018.9
coolTemps[i] = 022.9
send to sockets interactions loop
dataStrings[simID] = epGetStartCooling@22.9,epGetStartHeating@18.9,
Send sendControls interaction: 22.9 to socket #0
timestep after sending Socket... should advance after this: 0.0
timestep before receiving Socket/Reader: 1.0
08:42:09.435 [org.webgme.guest.controller.Controller.main()] INFO  org.webgme.guest.controller.Controller - timestep before receiving Socket/Reader: 
08:42:09.437 [org.webgme.guest.controller.Controller.main()] INFO  org.webgme.guest.controller.Controller - waiting to receive Socket_Controller interaction...
08:42:09.561 [org.webgme.guest.controller.Controller.main()] INFO  org.webgme.guest.controller.Controller - waiting to receive Socket_Controller interaction...
08:42:09.563 [org.webgme.guest.controller.Controller.main()] INFO  org.webgme.guest.controller.Controller - received RCModel_Controller interaction
numVars[simID] = 0
holder[simID] = epSendNetEnergy@461741.343750,epSendZoneMeanAirTemp@20.000019,epSendOutdoorAirTemp@2.341667,epSendZoneHumidity@28.929440,epSendEnergyPurchased@461741.343750,epSendEnergySurplus@0.000000,epSendSolarRadiation@0.000000,epSendHeatingSetpoint@20.000000,epSendCoolingSetpoint@28.000000,timestep@1.0,
handle interaction loop
vars[0] = epSendNetEnergy@461741.343750
length of vars = 10
j = 0
token = epSendNetEnergy@461741.343750
token1[0] = epSendNetEnergy
token1[1] = 461741.343750
varNames[j] = epSendNetEnergy
doubles[j] = 461741.343750
j = 1
token = epSendZoneMeanAirTemp@20.000019
token1[0] = epSendZoneMeanAirTemp
token1[1] = 20.000019
varNames[j] = epSendZoneMeanAirTemp
doubles[j] = 20.000019
j = 2
token = epSendOutdoorAirTemp@2.341667
token1[0] = epSendOutdoorAirTemp
token1[1] = 2.341667
varNames[j] = epSendOutdoorAirTemp
doubles[j] = 2.341667
j = 3
token = epSendZoneHumidity@28.929440
token1[0] = epSendZoneHumidity
token1[1] = 28.929440
varNames[j] = epSendZoneHumidity
doubles[j] = 28.929440
j = 4
token = epSendEnergyPurchased@461741.343750
token1[0] = epSendEnergyPurchased
token1[1] = 461741.343750
varNames[j] = epSendEnergyPurchased
doubles[j] = 461741.343750
j = 5
token = epSendEnergySurplus@0.000000
token1[0] = epSendEnergySurplus
token1[1] = 0.000000
varNames[j] = epSendEnergySurplus
doubles[j] = 0.000000
j = 6
token = epSendSolarRadiation@0.000000
token1[0] = epSendSolarRadiation
token1[1] = 0.000000
varNames[j] = epSendSolarRadiation
doubles[j] = 0.000000
j = 7
token = epSendHeatingSetpoint@20.000000
token1[0] = epSendHeatingSetpoint
token1[1] = 20.000000
varNames[j] = epSendHeatingSetpoint
doubles[j] = 20.000000
j = 8
token = epSendCoolingSetpoint@28.000000
token1[0] = epSendCoolingSetpoint
token1[1] = 28.000000
varNames[j] = epSendCoolingSetpoint
doubles[j] = 28.000000
j = 9
token = timestep@1.0
token1[0] = timestep
token1[1] = 1.0
varNames[j] = timestep
doubles[j] = 1.0
i = 0
i = 1
i = 2
i = 3
i = 4
i = 5
i = 6
i = 7
i = 8
i = 9
timestep after receiving Socket/Reader and before sending to Market: 1.0
08:42:09.582 [org.webgme.guest.controller.Controller.main()] INFO  org.webgme.guest.controller.Controller - hour is: 
hour is:0.08333333333333333
determine setpoints loop
outTemps[i] = 2.341667
zoneTemps[i] = 20.000019
heatTemps[i] = 018.9
coolTemps[i] = 022.9
send to sockets interactions loop
dataStrings[simID] = epGetStartCooling@22.9,epGetStartHeating@18.9,
Send sendControls interaction: 22.9 to socket #0
timestep after sending Socket... should advance after this: 1.0
timestep before receiving Socket/Reader: 2.0
08:42:09.746 [org.webgme.guest.controller.Controller.main()] INFO  org.webgme.guest.controller.Controller - timestep before receiving Socket/Reader: 
08:42:09.746 [org.webgme.guest.controller.Controller.main()] INFO  org.webgme.guest.controller.Controller - waiting to receive Socket_Controller interaction...
08:42:09.852 [org.webgme.guest.controller.Controller.main()] INFO  org.webgme.guest.controller.Controller - waiting to receive Socket_Controller interaction...
08:42:09.853 [org.webgme.guest.controller.Controller.main()] INFO  org.webgme.guest.controller.Controller - received RCModel_Controller interaction
numVars[simID] = 0
holder[simID] = epSendNetEnergy@463352.062500,epSendZoneMeanAirTemp@20.000027,epSendOutdoorAirTemp@2.483333,epSendZoneHumidity@28.929176,epSendEnergyPurchased@463352.062500,epSendEnergySurplus@0.000000,epSendSolarRadiation@0.000000,epSendHeatingSetpoint@20.000000,epSendCoolingSetpoint@28.000000,timestep@2.0,
handle interaction loop
vars[0] = epSendNetEnergy@463352.062500
length of vars = 10
j = 0
token = epSendNetEnergy@463352.062500
token1[0] = epSendNetEnergy
token1[1] = 463352.062500
varNames[j] = epSendNetEnergy
doubles[j] = 463352.062500
j = 1
token = epSendZoneMeanAirTemp@20.000027
token1[0] = epSendZoneMeanAirTemp
token1[1] = 20.000027
varNames[j] = epSendZoneMeanAirTemp
doubles[j] = 20.000027
j = 2
token = epSendOutdoorAirTemp@2.483333
token1[0] = epSendOutdoorAirTemp
token1[1] = 2.483333
varNames[j] = epSendOutdoorAirTemp
doubles[j] = 2.483333
j = 3
token = epSendZoneHumidity@28.929176
token1[0] = epSendZoneHumidity
token1[1] = 28.929176
varNames[j] = epSendZoneHumidity
doubles[j] = 28.929176
j = 4
token = epSendEnergyPurchased@463352.062500
token1[0] = epSendEnergyPurchased
token1[1] = 463352.062500
varNames[j] = epSendEnergyPurchased
doubles[j] = 463352.062500
j = 5
token = epSendEnergySurplus@0.000000
token1[0] = epSendEnergySurplus
token1[1] = 0.000000
varNames[j] = epSendEnergySurplus
doubles[j] = 0.000000
j = 6
token = epSendSolarRadiation@0.000000
token1[0] = epSendSolarRadiation
token1[1] = 0.000000
varNames[j] = epSendSolarRadiation
doubles[j] = 0.000000
j = 7
token = epSendHeatingSetpoint@20.000000
token1[0] = epSendHeatingSetpoint
token1[1] = 20.000000
varNames[j] = epSendHeatingSetpoint
doubles[j] = 20.000000
j = 8
token = epSendCoolingSetpoint@28.000000
token1[0] = epSendCoolingSetpoint
token1[1] = 28.000000
varNames[j] = epSendCoolingSetpoint
doubles[j] = 28.000000
j = 9
token = timestep@2.0
token1[0] = timestep
token1[1] = 2.0
varNames[j] = timestep
doubles[j] = 2.0
i = 0
i = 1
i = 2
i = 3
i = 4
i = 5
i = 6
i = 7
i = 8
i = 9
timestep after receiving Socket/Reader and before sending to Market: 2.0
08:42:09.862 [org.webgme.guest.controller.Controller.main()] INFO  org.webgme.guest.controller.Controller - hour is: 
hour is:0.16666666666666666
determine setpoints loop
outTemps[i] = 2.483333
zoneTemps[i] = 20.000027
heatTemps[i] = 018.9
coolTemps[i] = 022.9
send to sockets interactions loop
dataStrings[simID] = epGetStartCooling@22.9,epGetStartHeating@18.9,
Send sendControls interaction: 22.9 to socket #0
timestep after sending Socket... should advance after this: 2.0
timestep before receiving Socket/Reader: 3.0
08:42:10.469 [org.webgme.guest.controller.Controller.main()] INFO  org.webgme.guest.controller.Controller - timestep before receiving Socket/Reader: 
08:42:10.470 [org.webgme.guest.controller.Controller.main()] INFO  org.webgme.guest.controller.Controller - waiting to receive Socket_Controller interaction...
08:42:10.582 [org.webgme.guest.controller.Controller.main()] INFO  org.webgme.guest.controller.Controller - waiting to receive Socket_Controller interaction...
08:42:10.582 [org.webgme.guest.controller.Controller.main()] INFO  org.webgme.guest.controller.Controller - received RCModel_Controller interaction
numVars[simID] = 0
holder[simID] = epSendNetEnergy@464966.187500,epSendZoneMeanAirTemp@20.000034,epSendOutdoorAirTemp@2.625000,epSendZoneHumidity@28.940521,epSendEnergyPurchased@464966.187500,epSendEnergySurplus@0.000000,epSendSolarRadiation@0.000000,epSendHeatingSetpoint@20.000000,epSendCoolingSetpoint@28.000000,timestep@3.0,
handle interaction loop
vars[0] = epSendNetEnergy@464966.187500
length of vars = 10
j = 0
token = epSendNetEnergy@464966.187500
token1[0] = epSendNetEnergy
token1[1] = 464966.187500
varNames[j] = epSendNetEnergy
doubles[j] = 464966.187500
j = 1
token = epSendZoneMeanAirTemp@20.000034
token1[0] = epSendZoneMeanAirTemp
token1[1] = 20.000034
varNames[j] = epSendZoneMeanAirTemp
doubles[j] = 20.000034
j = 2
token = epSendOutdoorAirTemp@2.625000
token1[0] = epSendOutdoorAirTemp
token1[1] = 2.625000
varNames[j] = epSendOutdoorAirTemp
doubles[j] = 2.625000
j = 3
token = epSendZoneHumidity@28.940521
token1[0] = epSendZoneHumidity
token1[1] = 28.940521
varNames[j] = epSendZoneHumidity
doubles[j] = 28.940521
j = 4
token = epSendEnergyPurchased@464966.187500
token1[0] = epSendEnergyPurchased
token1[1] = 464966.187500
varNames[j] = epSendEnergyPurchased
doubles[j] = 464966.187500
j = 5
token = epSendEnergySurplus@0.000000
token1[0] = epSendEnergySurplus
token1[1] = 0.000000
varNames[j] = epSendEnergySurplus
doubles[j] = 0.000000
j = 6
token = epSendSolarRadiation@0.000000
token1[0] = epSendSolarRadiation
token1[1] = 0.000000
varNames[j] = epSendSolarRadiation
doubles[j] = 0.000000
j = 7
token = epSendHeatingSetpoint@20.000000
token1[0] = epSendHeatingSetpoint
token1[1] = 20.000000
varNames[j] = epSendHeatingSetpoint
doubles[j] = 20.000000
j = 8
token = epSendCoolingSetpoint@28.000000
token1[0] = epSendCoolingSetpoint
token1[1] = 28.000000
varNames[j] = epSendCoolingSetpoint
doubles[j] = 28.000000
j = 9
token = timestep@3.0
token1[0] = timestep
token1[1] = 3.0
varNames[j] = timestep
doubles[j] = 3.0
i = 0
i = 1
i = 2
i = 3
i = 4
i = 5
i = 6
i = 7
i = 8
i = 9
timestep after receiving Socket/Reader and before sending to Market: 3.0
08:42:10.599 [org.webgme.guest.controller.Controller.main()] INFO  org.webgme.guest.controller.Controller - hour is: 
hour is:0.25
determine setpoints loop
outTemps[i] = 2.625
zoneTemps[i] = 20.000034
heatTemps[i] = 018.9
coolTemps[i] = 022.9
send to sockets interactions loop
dataStrings[simID] = epGetStartCooling@22.9,epGetStartHeating@18.9,
Send sendControls interaction: 22.9 to socket #0
timestep after sending Socket... should advance after this: 3.0
timestep before receiving Socket/Reader: 4.0
08:42:11.477 [org.webgme.guest.controller.Controller.main()] INFO  org.webgme.guest.controller.Controller - timestep before receiving Socket/Reader: 
08:42:11.477 [org.webgme.guest.controller.Controller.main()] INFO  org.webgme.guest.controller.Controller - waiting to receive Socket_Controller interaction...
08:42:11.583 [org.webgme.guest.controller.Controller.main()] INFO  org.webgme.guest.controller.Controller - waiting to receive Socket_Controller interaction...
08:42:11.585 [org.webgme.guest.controller.Controller.main()] INFO  org.webgme.guest.controller.Controller - received RCModel_Controller interaction
numVars[simID] = 0
holder[simID] = epSendNetEnergy@466516.781250,epSendZoneMeanAirTemp@20.000046,epSendOutdoorAirTemp@2.766667,epSendZoneHumidity@28.963278,epSendEnergyPurchased@466516.781250,epSendEnergySurplus@0.000000,epSendSolarRadiation@0.000000,epSendHeatingSetpoint@20.000000,epSendCoolingSetpoint@28.000000,timestep@4.0,
handle interaction loop
vars[0] = epSendNetEnergy@466516.781250
length of vars = 10
j = 0
token = epSendNetEnergy@466516.781250
token1[0] = epSendNetEnergy
token1[1] = 466516.781250
varNames[j] = epSendNetEnergy
doubles[j] = 466516.781250
j = 1
token = epSendZoneMeanAirTemp@20.000046
token1[0] = epSendZoneMeanAirTemp
token1[1] = 20.000046
varNames[j] = epSendZoneMeanAirTemp
doubles[j] = 20.000046
j = 2
token = epSendOutdoorAirTemp@2.766667
token1[0] = epSendOutdoorAirTemp
token1[1] = 2.766667
varNames[j] = epSendOutdoorAirTemp
doubles[j] = 2.766667
j = 3
token = epSendZoneHumidity@28.963278
token1[0] = epSendZoneHumidity
token1[1] = 28.963278
varNames[j] = epSendZoneHumidity
doubles[j] = 28.963278
j = 4
token = epSendEnergyPurchased@466516.781250
token1[0] = epSendEnergyPurchased
token1[1] = 466516.781250
varNames[j] = epSendEnergyPurchased
doubles[j] = 466516.781250
j = 5
token = epSendEnergySurplus@0.000000
token1[0] = epSendEnergySurplus
token1[1] = 0.000000
varNames[j] = epSendEnergySurplus
doubles[j] = 0.000000
j = 6
token = epSendSolarRadiation@0.000000
token1[0] = epSendSolarRadiation
token1[1] = 0.000000
varNames[j] = epSendSolarRadiation
doubles[j] = 0.000000
j = 7
token = epSendHeatingSetpoint@20.000000
token1[0] = epSendHeatingSetpoint
token1[1] = 20.000000
varNames[j] = epSendHeatingSetpoint
doubles[j] = 20.000000
j = 8
token = epSendCoolingSetpoint@28.000000
token1[0] = epSendCoolingSetpoint
token1[1] = 28.000000
varNames[j] = epSendCoolingSetpoint
doubles[j] = 28.000000
j = 9
token = timestep@4.0
token1[0] = timestep
token1[1] = 4.0
varNames[j] = timestep
doubles[j] = 4.0
i = 0
i = 1
i = 2
i = 3
i = 4
i = 5
i = 6
i = 7
i = 8
i = 9
timestep after receiving Socket/Reader and before sending to Market: 4.0
08:42:11.594 [org.webgme.guest.controller.Controller.main()] INFO  org.webgme.guest.controller.Controller - hour is: 
hour is:0.3333333333333333
determine setpoints loop
outTemps[i] = 2.766667
zoneTemps[i] = 20.000046
heatTemps[i] = 018.9
coolTemps[i] = 022.9
send to sockets interactions loop
dataStrings[simID] = epGetStartCooling@22.9,epGetStartHeating@18.9,
Send sendControls interaction: 22.9 to socket #0
timestep after sending Socket... should advance after this: 4.0
timestep before receiving Socket/Reader: 5.0
08:42:12.473 [org.webgme.guest.controller.Controller.main()] INFO  org.webgme.guest.controller.Controller - timestep before receiving Socket/Reader: 
08:42:12.474 [org.webgme.guest.controller.Controller.main()] INFO  org.webgme.guest.controller.Controller - waiting to receive Socket_Controller interaction...
08:42:12.582 [org.webgme.guest.controller.Controller.main()] INFO  org.webgme.guest.controller.Controller - waiting to receive Socket_Controller interaction...
08:42:12.584 [org.webgme.guest.controller.Controller.main()] INFO  org.webgme.guest.controller.Controller - received RCModel_Controller interaction
numVars[simID] = 0
holder[simID] = epSendNetEnergy@468031.468750,epSendZoneMeanAirTemp@20.000057,epSendOutdoorAirTemp@2.908333,epSendZoneHumidity@28.997002,epSendEnergyPurchased@468031.468750,epSendEnergySurplus@0.000000,epSendSolarRadiation@0.000000,epSendHeatingSetpoint@20.000000,epSendCoolingSetpoint@28.000000,timestep@5.0,
handle interaction loop
vars[0] = epSendNetEnergy@468031.468750
length of vars = 10
j = 0
token = epSendNetEnergy@468031.468750
token1[0] = epSendNetEnergy
token1[1] = 468031.468750
varNames[j] = epSendNetEnergy
doubles[j] = 468031.468750
j = 1
token = epSendZoneMeanAirTemp@20.000057
token1[0] = epSendZoneMeanAirTemp
token1[1] = 20.000057
varNames[j] = epSendZoneMeanAirTemp
doubles[j] = 20.000057
j = 2
token = epSendOutdoorAirTemp@2.908333
token1[0] = epSendOutdoorAirTemp
token1[1] = 2.908333
varNames[j] = epSendOutdoorAirTemp
doubles[j] = 2.908333
j = 3
token = epSendZoneHumidity@28.997002
token1[0] = epSendZoneHumidity
token1[1] = 28.997002
varNames[j] = epSendZoneHumidity
doubles[j] = 28.997002
j = 4
token = epSendEnergyPurchased@468031.468750
token1[0] = epSendEnergyPurchased
token1[1] = 468031.468750
varNames[j] = epSendEnergyPurchased
doubles[j] = 468031.468750
j = 5
token = epSendEnergySurplus@0.000000
token1[0] = epSendEnergySurplus
token1[1] = 0.000000
varNames[j] = epSendEnergySurplus
doubles[j] = 0.000000
j = 6
token = epSendSolarRadiation@0.000000
token1[0] = epSendSolarRadiation
token1[1] = 0.000000
varNames[j] = epSendSolarRadiation
doubles[j] = 0.000000
j = 7
token = epSendHeatingSetpoint@20.000000
token1[0] = epSendHeatingSetpoint
token1[1] = 20.000000
varNames[j] = epSendHeatingSetpoint
doubles[j] = 20.000000
j = 8
token = epSendCoolingSetpoint@28.000000
token1[0] = epSendCoolingSetpoint
token1[1] = 28.000000
varNames[j] = epSendCoolingSetpoint
doubles[j] = 28.000000
j = 9
token = timestep@5.0
token1[0] = timestep
token1[1] = 5.0
varNames[j] = timestep
doubles[j] = 5.0
i = 0
i = 1
i = 2
i = 3
i = 4
i = 5
i = 6
i = 7
i = 8
i = 9
timestep after receiving Socket/Reader and before sending to Market: 5.0
08:42:12.600 [org.webgme.guest.controller.Controller.main()] INFO  org.webgme.guest.controller.Controller - hour is: 
hour is:0.4166666666666667
determine setpoints loop
outTemps[i] = 2.908333
zoneTemps[i] = 20.000057
heatTemps[i] = 018.9
coolTemps[i] = 022.9
send to sockets interactions loop
dataStrings[simID] = epGetStartCooling@22.9,epGetStartHeating@18.9,
Send sendControls interaction: 22.9 to socket #0
timestep after sending Socket... should advance after this: 5.0
timestep before receiving Socket/Reader: 6.0
08:42:13.483 [org.webgme.guest.controller.Controller.main()] INFO  org.webgme.guest.controller.Controller - timestep before receiving Socket/Reader: 
08:42:13.489 [org.webgme.guest.controller.Controller.main()] INFO  org.webgme.guest.controller.Controller - waiting to receive Socket_Controller interaction...
08:42:13.602 [org.webgme.guest.controller.Controller.main()] INFO  org.webgme.guest.controller.Controller - waiting to receive Socket_Controller interaction...
08:42:13.611 [org.webgme.guest.controller.Controller.main()] INFO  org.webgme.guest.controller.Controller - received RCModel_Controller interaction
numVars[simID] = 0
holder[simID] = epSendNetEnergy@469535.625000,epSendZoneMeanAirTemp@20.000069,epSendOutdoorAirTemp@3.050000,epSendZoneHumidity@29.041349,epSendEnergyPurchased@469535.625000,epSendEnergySurplus@0.000000,epSendSolarRadiation@0.000000,epSendHeatingSetpoint@20.000000,epSendCoolingSetpoint@28.000000,timestep@6.0,
handle interaction loop
vars[0] = epSendNetEnergy@469535.625000
length of vars = 10
j = 0
token = epSendNetEnergy@469535.625000
token1[0] = epSendNetEnergy
token1[1] = 469535.625000
varNames[j] = epSendNetEnergy
doubles[j] = 469535.625000
j = 1
token = epSendZoneMeanAirTemp@20.000069
token1[0] = epSendZoneMeanAirTemp
token1[1] = 20.000069
varNames[j] = epSendZoneMeanAirTemp
doubles[j] = 20.000069
j = 2
token = epSendOutdoorAirTemp@3.050000
token1[0] = epSendOutdoorAirTemp
token1[1] = 3.050000
varNames[j] = epSendOutdoorAirTemp
doubles[j] = 3.050000
j = 3
token = epSendZoneHumidity@29.041349
token1[0] = epSendZoneHumidity
token1[1] = 29.041349
varNames[j] = epSendZoneHumidity
doubles[j] = 29.041349
j = 4
token = epSendEnergyPurchased@469535.625000
token1[0] = epSendEnergyPurchased
token1[1] = 469535.625000
varNames[j] = epSendEnergyPurchased
doubles[j] = 469535.625000
j = 5
token = epSendEnergySurplus@0.000000
token1[0] = epSendEnergySurplus
token1[1] = 0.000000
varNames[j] = epSendEnergySurplus
doubles[j] = 0.000000
j = 6
token = epSendSolarRadiation@0.000000
token1[0] = epSendSolarRadiation
token1[1] = 0.000000
varNames[j] = epSendSolarRadiation
doubles[j] = 0.000000
j = 7
token = epSendHeatingSetpoint@20.000000
token1[0] = epSendHeatingSetpoint
token1[1] = 20.000000
varNames[j] = epSendHeatingSetpoint
doubles[j] = 20.000000
j = 8
token = epSendCoolingSetpoint@28.000000
token1[0] = epSendCoolingSetpoint
token1[1] = 28.000000
varNames[j] = epSendCoolingSetpoint
doubles[j] = 28.000000
j = 9
token = timestep@6.0
token1[0] = timestep
token1[1] = 6.0
varNames[j] = timestep
doubles[j] = 6.0
i = 0
i = 1
i = 2
i = 3
i = 4
i = 5
i = 6
i = 7
i = 8
i = 9
timestep after receiving Socket/Reader and before sending to Market: 6.0
08:42:13.623 [org.webgme.guest.controller.Controller.main()] INFO  org.webgme.guest.controller.Controller - hour is: 
hour is:0.5
determine setpoints loop
outTemps[i] = 3.05
zoneTemps[i] = 20.000069
heatTemps[i] = 018.9
coolTemps[i] = 022.9
send to sockets interactions loop
dataStrings[simID] = epGetStartCooling@22.9,epGetStartHeating@18.9,
Send sendControls interaction: 22.9 to socket #0
timestep after sending Socket... should advance after this: 6.0
timestep before receiving Socket/Reader: 7.0
08:42:14.491 [org.webgme.guest.controller.Controller.main()] INFO  org.webgme.guest.controller.Controller - timestep before receiving Socket/Reader: 
08:42:14.494 [org.webgme.guest.controller.Controller.main()] INFO  org.webgme.guest.controller.Controller - waiting to receive Socket_Controller interaction...
08:42:14.610 [org.webgme.guest.controller.Controller.main()] INFO  org.webgme.guest.controller.Controller - waiting to receive Socket_Controller interaction...
08:42:14.620 [org.webgme.guest.controller.Controller.main()] INFO  org.webgme.guest.controller.Controller - received RCModel_Controller interaction
numVars[simID] = 0
holder[simID] = epSendNetEnergy@471009.593750,epSendZoneMeanAirTemp@20.000082,epSendOutdoorAirTemp@3.191667,epSendZoneHumidity@29.096088,epSendEnergyPurchased@471009.593750,epSendEnergySurplus@0.000000,epSendSolarRadiation@0.000000,epSendHeatingSetpoint@20.000000,epSendCoolingSetpoint@28.000000,timestep@7.0,
handle interaction loop
vars[0] = epSendNetEnergy@471009.593750
length of vars = 10
j = 0
token = epSendNetEnergy@471009.593750
token1[0] = epSendNetEnergy
token1[1] = 471009.593750
varNames[j] = epSendNetEnergy
doubles[j] = 471009.593750
j = 1
token = epSendZoneMeanAirTemp@20.000082
token1[0] = epSendZoneMeanAirTemp
token1[1] = 20.000082
varNames[j] = epSendZoneMeanAirTemp
doubles[j] = 20.000082
j = 2
token = epSendOutdoorAirTemp@3.191667
token1[0] = epSendOutdoorAirTemp
token1[1] = 3.191667
varNames[j] = epSendOutdoorAirTemp
doubles[j] = 3.191667
j = 3
token = epSendZoneHumidity@29.096088
token1[0] = epSendZoneHumidity
token1[1] = 29.096088
varNames[j] = epSendZoneHumidity
doubles[j] = 29.096088
j = 4
token = epSendEnergyPurchased@471009.593750
token1[0] = epSendEnergyPurchased
token1[1] = 471009.593750
varNames[j] = epSendEnergyPurchased
doubles[j] = 471009.593750
j = 5
token = epSendEnergySurplus@0.000000
token1[0] = epSendEnergySurplus
token1[1] = 0.000000
varNames[j] = epSendEnergySurplus
doubles[j] = 0.000000
j = 6
token = epSendSolarRadiation@0.000000
token1[0] = epSendSolarRadiation
token1[1] = 0.000000
varNames[j] = epSendSolarRadiation
doubles[j] = 0.000000
j = 7
token = epSendHeatingSetpoint@20.000000
token1[0] = epSendHeatingSetpoint
token1[1] = 20.000000
varNames[j] = epSendHeatingSetpoint
doubles[j] = 20.000000
j = 8
token = epSendCoolingSetpoint@28.000000
token1[0] = epSendCoolingSetpoint
token1[1] = 28.000000
varNames[j] = epSendCoolingSetpoint
doubles[j] = 28.000000
j = 9
token = timestep@7.0
token1[0] = timestep
token1[1] = 7.0
varNames[j] = timestep
doubles[j] = 7.0
i = 0
i = 1
i = 2
i = 3
i = 4
i = 5
i = 6
i = 7
i = 8
i = 9
timestep after receiving Socket/Reader and before sending to Market: 7.0
08:42:14.631 [org.webgme.guest.controller.Controller.main()] INFO  org.webgme.guest.controller.Controller - hour is: 
hour is:0.5833333333333334
determine setpoints loop
outTemps[i] = 3.191667
zoneTemps[i] = 20.000082
heatTemps[i] = 018.9
coolTemps[i] = 022.9
send to sockets interactions loop
dataStrings[simID] = epGetStartCooling@22.9,epGetStartHeating@18.9,
Send sendControls interaction: 22.9 to socket #0
timestep after sending Socket... should advance after this: 7.0
timestep before receiving Socket/Reader: 8.0
08:42:15.507 [org.webgme.guest.controller.Controller.main()] INFO  org.webgme.guest.controller.Controller - timestep before receiving Socket/Reader: 
08:42:15.508 [org.webgme.guest.controller.Controller.main()] INFO  org.webgme.guest.controller.Controller - waiting to receive Socket_Controller interaction...
08:42:15.616 [org.webgme.guest.controller.Controller.main()] INFO  org.webgme.guest.controller.Controller - waiting to receive Socket_Controller interaction...
08:42:15.617 [org.webgme.guest.controller.Controller.main()] INFO  org.webgme.guest.controller.Controller - received RCModel_Controller interaction
numVars[simID] = 0
holder[simID] = epSendNetEnergy@472447.812500,epSendZoneMeanAirTemp@20.000093,epSendOutdoorAirTemp@3.333333,epSendZoneHumidity@29.161047,epSendEnergyPurchased@472447.812500,epSendEnergySurplus@0.000000,epSendSolarRadiation@0.000000,epSendHeatingSetpoint@20.000000,epSendCoolingSetpoint@28.000000,timestep@8.0,
handle interaction loop
vars[0] = epSendNetEnergy@472447.812500
length of vars = 10
j = 0
token = epSendNetEnergy@472447.812500
token1[0] = epSendNetEnergy
token1[1] = 472447.812500
varNames[j] = epSendNetEnergy
doubles[j] = 472447.812500
j = 1
token = epSendZoneMeanAirTemp@20.000093
token1[0] = epSendZoneMeanAirTemp
token1[1] = 20.000093
varNames[j] = epSendZoneMeanAirTemp
doubles[j] = 20.000093
j = 2
token = epSendOutdoorAirTemp@3.333333
token1[0] = epSendOutdoorAirTemp
token1[1] = 3.333333
varNames[j] = epSendOutdoorAirTemp
doubles[j] = 3.333333
j = 3
token = epSendZoneHumidity@29.161047
token1[0] = epSendZoneHumidity
token1[1] = 29.161047
varNames[j] = epSendZoneHumidity
doubles[j] = 29.161047
j = 4
token = epSendEnergyPurchased@472447.812500
token1[0] = epSendEnergyPurchased
token1[1] = 472447.812500
varNames[j] = epSendEnergyPurchased
doubles[j] = 472447.812500
j = 5
token = epSendEnergySurplus@0.000000
token1[0] = epSendEnergySurplus
token1[1] = 0.000000
varNames[j] = epSendEnergySurplus
doubles[j] = 0.000000
j = 6
token = epSendSolarRadiation@0.000000
token1[0] = epSendSolarRadiation
token1[1] = 0.000000
varNames[j] = epSendSolarRadiation
doubles[j] = 0.000000
j = 7
token = epSendHeatingSetpoint@20.000000
token1[0] = epSendHeatingSetpoint
token1[1] = 20.000000
varNames[j] = epSendHeatingSetpoint
doubles[j] = 20.000000
j = 8
token = epSendCoolingSetpoint@28.000000
token1[0] = epSendCoolingSetpoint
token1[1] = 28.000000
varNames[j] = epSendCoolingSetpoint
doubles[j] = 28.000000
j = 9
token = timestep@8.0
token1[0] = timestep
token1[1] = 8.0
varNames[j] = timestep
doubles[j] = 8.0
i = 0
i = 1
i = 2
i = 3
i = 4
i = 5
i = 6
i = 7
i = 8
i = 9
timestep after receiving Socket/Reader and before sending to Market: 8.0
08:42:15.618 [org.webgme.guest.controller.Controller.main()] INFO  org.webgme.guest.controller.Controller - hour is: 
hour is:0.6666666666666666
determine setpoints loop
outTemps[i] = 3.333333
zoneTemps[i] = 20.000093
heatTemps[i] = 018.9
coolTemps[i] = 022.9
send to sockets interactions loop
dataStrings[simID] = epGetStartCooling@22.9,epGetStartHeating@18.9,
Send sendControls interaction: 22.9 to socket #0
timestep after sending Socket... should advance after this: 8.0
timestep before receiving Socket/Reader: 9.0
08:42:16.497 [org.webgme.guest.controller.Controller.main()] INFO  org.webgme.guest.controller.Controller - timestep before receiving Socket/Reader: 
08:42:16.500 [org.webgme.guest.controller.Controller.main()] INFO  org.webgme.guest.controller.Controller - waiting to receive Socket_Controller interaction...
08:42:16.609 [org.webgme.guest.controller.Controller.main()] INFO  org.webgme.guest.controller.Controller - waiting to receive Socket_Controller interaction...
08:42:16.616 [org.webgme.guest.controller.Controller.main()] INFO  org.webgme.guest.controller.Controller - received RCModel_Controller interaction
numVars[simID] = 0
holder[simID] = epSendNetEnergy@473857.531250,epSendZoneMeanAirTemp@20.000109,epSendOutdoorAirTemp@3.475000,epSendZoneHumidity@29.236071,epSendEnergyPurchased@473857.531250,epSendEnergySurplus@0.000000,epSendSolarRadiation@0.000000,epSendHeatingSetpoint@20.000000,epSendCoolingSetpoint@28.000000,timestep@9.0,
handle interaction loop
vars[0] = epSendNetEnergy@473857.531250
length of vars = 10
j = 0
token = epSendNetEnergy@473857.531250
token1[0] = epSendNetEnergy
token1[1] = 473857.531250
varNames[j] = epSendNetEnergy
doubles[j] = 473857.531250
j = 1
token = epSendZoneMeanAirTemp@20.000109
token1[0] = epSendZoneMeanAirTemp
token1[1] = 20.000109
varNames[j] = epSendZoneMeanAirTemp
doubles[j] = 20.000109
j = 2
token = epSendOutdoorAirTemp@3.475000
token1[0] = epSendOutdoorAirTemp
token1[1] = 3.475000
varNames[j] = epSendOutdoorAirTemp
doubles[j] = 3.475000
j = 3
token = epSendZoneHumidity@29.236071
token1[0] = epSendZoneHumidity
token1[1] = 29.236071
varNames[j] = epSendZoneHumidity
doubles[j] = 29.236071
j = 4
token = epSendEnergyPurchased@473857.531250
token1[0] = epSendEnergyPurchased
token1[1] = 473857.531250
varNames[j] = epSendEnergyPurchased
doubles[j] = 473857.531250
j = 5
token = epSendEnergySurplus@0.000000
token1[0] = epSendEnergySurplus
token1[1] = 0.000000
varNames[j] = epSendEnergySurplus
doubles[j] = 0.000000
j = 6
token = epSendSolarRadiation@0.000000
token1[0] = epSendSolarRadiation
token1[1] = 0.000000
varNames[j] = epSendSolarRadiation
doubles[j] = 0.000000
j = 7
token = epSendHeatingSetpoint@20.000000
token1[0] = epSendHeatingSetpoint
token1[1] = 20.000000
varNames[j] = epSendHeatingSetpoint
doubles[j] = 20.000000
j = 8
token = epSendCoolingSetpoint@28.000000
token1[0] = epSendCoolingSetpoint
token1[1] = 28.000000
varNames[j] = epSendCoolingSetpoint
doubles[j] = 28.000000
j = 9
token = timestep@9.0
token1[0] = timestep
token1[1] = 9.0
varNames[j] = timestep
doubles[j] = 9.0
i = 0
i = 1
i = 2
i = 3
i = 4
i = 5
i = 6
i = 7
i = 8
i = 9
timestep after receiving Socket/Reader and before sending to Market: 9.0
08:42:16.619 [org.webgme.guest.controller.Controller.main()] INFO  org.webgme.guest.controller.Controller - hour is: 
hour is:0.75
determine setpoints loop
outTemps[i] = 3.475
zoneTemps[i] = 20.000109
heatTemps[i] = 018.9
coolTemps[i] = 022.9
send to sockets interactions loop
dataStrings[simID] = epGetStartCooling@22.9,epGetStartHeating@18.9,
Send sendControls interaction: 22.9 to socket #0
timestep after sending Socket... should advance after this: 9.0
timestep before receiving Socket/Reader: 10.0
08:42:17.514 [org.webgme.guest.controller.Controller.main()] INFO  org.webgme.guest.controller.Controller - timestep before receiving Socket/Reader: 
08:42:17.514 [org.webgme.guest.controller.Controller.main()] INFO  org.webgme.guest.controller.Controller - waiting to receive Socket_Controller interaction...
08:42:17.620 [org.webgme.guest.controller.Controller.main()] INFO  org.webgme.guest.controller.Controller - waiting to receive Socket_Controller interaction...
08:42:17.621 [org.webgme.guest.controller.Controller.main()] INFO  org.webgme.guest.controller.Controller - received RCModel_Controller interaction
numVars[simID] = 0
holder[simID] = epSendNetEnergy@475242.781250,epSendZoneMeanAirTemp@20.000122,epSendOutdoorAirTemp@3.616667,epSendZoneHumidity@29.321014,epSendEnergyPurchased@475242.781250,epSendEnergySurplus@0.000000,epSendSolarRadiation@0.000000,epSendHeatingSetpoint@20.000000,epSendCoolingSetpoint@28.000000,timestep@10.0,
handle interaction loop
vars[0] = epSendNetEnergy@475242.781250
length of vars = 10
j = 0
token = epSendNetEnergy@475242.781250
token1[0] = epSendNetEnergy
token1[1] = 475242.781250
varNames[j] = epSendNetEnergy
doubles[j] = 475242.781250
j = 1
token = epSendZoneMeanAirTemp@20.000122
token1[0] = epSendZoneMeanAirTemp
token1[1] = 20.000122
varNames[j] = epSendZoneMeanAirTemp
doubles[j] = 20.000122
j = 2
token = epSendOutdoorAirTemp@3.616667
token1[0] = epSendOutdoorAirTemp
token1[1] = 3.616667
varNames[j] = epSendOutdoorAirTemp
doubles[j] = 3.616667
j = 3
token = epSendZoneHumidity@29.321014
token1[0] = epSendZoneHumidity
token1[1] = 29.321014
varNames[j] = epSendZoneHumidity
doubles[j] = 29.321014
j = 4
token = epSendEnergyPurchased@475242.781250
token1[0] = epSendEnergyPurchased
token1[1] = 475242.781250
varNames[j] = epSendEnergyPurchased
doubles[j] = 475242.781250
j = 5
token = epSendEnergySurplus@0.000000
token1[0] = epSendEnergySurplus
token1[1] = 0.000000
varNames[j] = epSendEnergySurplus
doubles[j] = 0.000000
j = 6
token = epSendSolarRadiation@0.000000
token1[0] = epSendSolarRadiation
token1[1] = 0.000000
varNames[j] = epSendSolarRadiation
doubles[j] = 0.000000
j = 7
token = epSendHeatingSetpoint@20.000000
token1[0] = epSendHeatingSetpoint
token1[1] = 20.000000
varNames[j] = epSendHeatingSetpoint
doubles[j] = 20.000000
j = 8
token = epSendCoolingSetpoint@28.000000
token1[0] = epSendCoolingSetpoint
token1[1] = 28.000000
varNames[j] = epSendCoolingSetpoint
doubles[j] = 28.000000
j = 9
token = timestep@10.0
token1[0] = timestep
token1[1] = 10.0
varNames[j] = timestep
doubles[j] = 10.0
i = 0
i = 1
i = 2
i = 3
i = 4
i = 5
i = 6
i = 7
i = 8
i = 9
timestep after receiving Socket/Reader and before sending to Market: 10.0
08:42:17.627 [org.webgme.guest.controller.Controller.main()] INFO  org.webgme.guest.controller.Controller - hour is: 
hour is:0.8333333333333334
determine setpoints loop
outTemps[i] = 3.616667
zoneTemps[i] = 20.000122
heatTemps[i] = 018.9
coolTemps[i] = 022.9
send to sockets interactions loop
dataStrings[simID] = epGetStartCooling@22.9,epGetStartHeating@18.9,
Send sendControls interaction: 22.9 to socket #0
timestep after sending Socket... should advance after this: 10.0
timestep before receiving Socket/Reader: 11.0
08:42:18.511 [org.webgme.guest.controller.Controller.main()] INFO  org.webgme.guest.controller.Controller - timestep before receiving Socket/Reader: 
08:42:18.515 [org.webgme.guest.controller.Controller.main()] INFO  org.webgme.guest.controller.Controller - waiting to receive Socket_Controller interaction...
08:42:18.627 [org.webgme.guest.controller.Controller.main()] INFO  org.webgme.guest.controller.Controller - waiting to receive Socket_Controller interaction...
08:42:18.627 [org.webgme.guest.controller.Controller.main()] INFO  org.webgme.guest.controller.Controller - received RCModel_Controller interaction
numVars[simID] = 0
holder[simID] = epSendNetEnergy@476606.843750,epSendZoneMeanAirTemp@20.000137,epSendOutdoorAirTemp@3.758333,epSendZoneHumidity@29.415743,epSendEnergyPurchased@476606.843750,epSendEnergySurplus@0.000000,epSendSolarRadiation@0.000000,epSendHeatingSetpoint@20.000000,epSendCoolingSetpoint@28.000000,timestep@11.0,
handle interaction loop
vars[0] = epSendNetEnergy@476606.843750
length of vars = 10
j = 0
token = epSendNetEnergy@476606.843750
token1[0] = epSendNetEnergy
token1[1] = 476606.843750
varNames[j] = epSendNetEnergy
doubles[j] = 476606.843750
j = 1
token = epSendZoneMeanAirTemp@20.000137
token1[0] = epSendZoneMeanAirTemp
token1[1] = 20.000137
varNames[j] = epSendZoneMeanAirTemp
doubles[j] = 20.000137
j = 2
token = epSendOutdoorAirTemp@3.758333
token1[0] = epSendOutdoorAirTemp
token1[1] = 3.758333
varNames[j] = epSendOutdoorAirTemp
doubles[j] = 3.758333
j = 3
token = epSendZoneHumidity@29.415743
token1[0] = epSendZoneHumidity
token1[1] = 29.415743
varNames[j] = epSendZoneHumidity
doubles[j] = 29.415743
j = 4
token = epSendEnergyPurchased@476606.843750
token1[0] = epSendEnergyPurchased
token1[1] = 476606.843750
varNames[j] = epSendEnergyPurchased
doubles[j] = 476606.843750
j = 5
token = epSendEnergySurplus@0.000000
token1[0] = epSendEnergySurplus
token1[1] = 0.000000
varNames[j] = epSendEnergySurplus
doubles[j] = 0.000000
j = 6
token = epSendSolarRadiation@0.000000
token1[0] = epSendSolarRadiation
token1[1] = 0.000000
varNames[j] = epSendSolarRadiation
doubles[j] = 0.000000
j = 7
token = epSendHeatingSetpoint@20.000000
token1[0] = epSendHeatingSetpoint
token1[1] = 20.000000
varNames[j] = epSendHeatingSetpoint
doubles[j] = 20.000000
j = 8
token = epSendCoolingSetpoint@28.000000
token1[0] = epSendCoolingSetpoint
token1[1] = 28.000000
varNames[j] = epSendCoolingSetpoint
doubles[j] = 28.000000
j = 9
token = timestep@11.0
token1[0] = timestep
token1[1] = 11.0
varNames[j] = timestep
doubles[j] = 11.0
i = 0
i = 1
i = 2
i = 3
i = 4
i = 5
i = 6
i = 7
i = 8
i = 9
timestep after receiving Socket/Reader and before sending to Market: 11.0
08:42:18.634 [org.webgme.guest.controller.Controller.main()] INFO  org.webgme.guest.controller.Controller - hour is: 
hour is:0.9166666666666666
determine setpoints loop
outTemps[i] = 3.758333
zoneTemps[i] = 20.000137
heatTemps[i] = 018.9
coolTemps[i] = 022.9
send to sockets interactions loop
dataStrings[simID] = epGetStartCooling@22.9,epGetStartHeating@18.9,
Send sendControls interaction: 22.9 to socket #0
timestep after sending Socket... should advance after this: 11.0
timestep before receiving Socket/Reader: 12.0
08:42:19.519 [org.webgme.guest.controller.Controller.main()] INFO  org.webgme.guest.controller.Controller - timestep before receiving Socket/Reader: 
08:42:19.520 [org.webgme.guest.controller.Controller.main()] INFO  org.webgme.guest.controller.Controller - waiting to receive Socket_Controller interaction...
08:42:19.626 [org.webgme.guest.controller.Controller.main()] INFO  org.webgme.guest.controller.Controller - waiting to receive Socket_Controller interaction...
08:42:19.627 [org.webgme.guest.controller.Controller.main()] INFO  org.webgme.guest.controller.Controller - received RCModel_Controller interaction
numVars[simID] = 0
holder[simID] = epSendNetEnergy@477949.656250,epSendZoneMeanAirTemp@20.000154,epSendOutdoorAirTemp@3.900000,epSendZoneHumidity@29.520124,epSendEnergyPurchased@477949.656250,epSendEnergySurplus@0.000000,epSendSolarRadiation@0.000000,epSendHeatingSetpoint@20.000000,epSendCoolingSetpoint@28.000000,timestep@12.0,
handle interaction loop
vars[0] = epSendNetEnergy@477949.656250
length of vars = 10
j = 0
token = epSendNetEnergy@477949.656250
token1[0] = epSendNetEnergy
token1[1] = 477949.656250
varNames[j] = epSendNetEnergy
doubles[j] = 477949.656250
j = 1
token = epSendZoneMeanAirTemp@20.000154
token1[0] = epSendZoneMeanAirTemp
token1[1] = 20.000154
varNames[j] = epSendZoneMeanAirTemp
doubles[j] = 20.000154
j = 2
token = epSendOutdoorAirTemp@3.900000
token1[0] = epSendOutdoorAirTemp
token1[1] = 3.900000
varNames[j] = epSendOutdoorAirTemp
doubles[j] = 3.900000
j = 3
token = epSendZoneHumidity@29.520124
token1[0] = epSendZoneHumidity
token1[1] = 29.520124
varNames[j] = epSendZoneHumidity
doubles[j] = 29.520124
j = 4
token = epSendEnergyPurchased@477949.656250
token1[0] = epSendEnergyPurchased
token1[1] = 477949.656250
varNames[j] = epSendEnergyPurchased
doubles[j] = 477949.656250
j = 5
token = epSendEnergySurplus@0.000000
token1[0] = epSendEnergySurplus
token1[1] = 0.000000
varNames[j] = epSendEnergySurplus
doubles[j] = 0.000000
j = 6
token = epSendSolarRadiation@0.000000
token1[0] = epSendSolarRadiation
token1[1] = 0.000000
varNames[j] = epSendSolarRadiation
doubles[j] = 0.000000
j = 7
token = epSendHeatingSetpoint@20.000000
token1[0] = epSendHeatingSetpoint
token1[1] = 20.000000
varNames[j] = epSendHeatingSetpoint
doubles[j] = 20.000000
j = 8
token = epSendCoolingSetpoint@28.000000
token1[0] = epSendCoolingSetpoint
token1[1] = 28.000000
varNames[j] = epSendCoolingSetpoint
doubles[j] = 28.000000
j = 9
token = timestep@12.0
token1[0] = timestep
token1[1] = 12.0
varNames[j] = timestep
doubles[j] = 12.0
i = 0
i = 1
i = 2
i = 3
i = 4
i = 5
i = 6
i = 7
i = 8
i = 9
timestep after receiving Socket/Reader and before sending to Market: 12.0
08:42:19.631 [org.webgme.guest.controller.Controller.main()] INFO  org.webgme.guest.controller.Controller - hour is: 
hour is:1.0
sblock:1
zonetemp stirng20.000154
Here is the result
[ 2.84e-01]
[ 2.84e-01]
[ 2.84e-01]
[ 2.84e-01]
[ 2.84e-01]
[ 2.84e-01]
[ 2.84e-01]
[ 2.84e-01]
[ 2.84e-01]
[ 2.84e-01]
[ 2.84e-01]
[ 2.84e-01]
[ 2.87e-01]
[ 2.87e-01]
[ 2.87e-01]
[ 2.87e-01]
[ 2.87e-01]
[ 2.87e-01]
[ 2.87e-01]
[ 2.87e-01]
[ 2.87e-01]
[ 2.87e-01]
[ 2.87e-01]
[ 2.87e-01]
[ 2.85e-01]
[ 2.85e-01]
[ 2.85e-01]
[ 2.85e-01]
[ 2.85e-01]
[ 2.85e-01]
[ 2.85e-01]
[ 2.85e-01]
[ 2.85e-01]
[ 2.85e-01]
[ 2.85e-01]
[ 2.85e-01]
[ 2.89e-01]
[ 2.89e-01]
[ 2.89e-01]
[ 2.89e-01]
[ 2.89e-01]
[ 2.89e-01]
[ 2.89e-01]
[ 2.89e-01]
[ 2.89e-01]
[ 2.89e-01]
[ 2.89e-01]
[ 2.89e-01]

     pcost       dcost       gap    pres   dres   k/t
 0:  1.0537e+01 -2.1377e+02  6e+02  6e-01  3e-15  1e+00
 1:  7.6526e+00 -3.1164e+01  7e+01  1e-01  3e-15  7e-01
 2:  5.1560e+00 -7.0790e-01  7e+00  2e-02  9e-15  2e-02
 3:  4.3131e+00  2.5804e+00  2e+00  5e-03  2e-15  7e-03
 4:  3.9452e+00  2.8755e+00  1e+00  3e-03  2e-15  5e-03
 5:  3.7462e+00  3.5539e+00  2e-01  5e-04  6e-16  1e-03
 6:  3.7071e+00  3.6928e+00  1e-02  4e-05  4e-16  7e-05
 7:  3.7040e+00  3.7039e+00  1e-04  4e-07  3e-16  7e-07
 8:  3.7040e+00  3.7040e+00  1e-06  4e-09  3e-16  7e-09
Optimal solution found.
[ 1.56e-01]
[ 1.65e-01]
[ 1.71e-01]
[ 1.77e-01]
[ 1.83e-01]
[ 1.91e-01]
[ 2.00e-01]
[ 2.08e-01]
[ 2.17e-01]
[ 2.23e-01]
[ 2.38e-01]
[ 2.42e-01]
[ 2.35e-01]
[ 2.44e-01]
[ 2.50e-01]
[ 2.56e-01]
[ 2.63e-01]
[ 2.68e-01]
[ 2.73e-01]
[ 2.77e-01]
[ 2.84e-01]
[ 2.89e-01]
[ 2.93e-01]
[ 2.97e-01]
[ 3.00e-01]
[ 3.00e-01]
[ 2.99e-01]
[ 3.00e-01]
[ 2.99e-01]
[ 2.98e-01]
[ 2.99e-01]
[ 2.97e-01]
[ 2.95e-01]
[ 2.94e-01]
[ 2.92e-01]
[ 2.90e-01]
[ 2.93e-01]
[ 2.96e-01]
[ 2.99e-01]
[ 3.03e-01]
[ 3.07e-01]
[ 3.10e-01]
[ 3.14e-01]
[ 3.20e-01]
[ 3.24e-01]
[ 3.28e-01]
[ 3.34e-01]
[ 3.39e-01]

determine setpoints loop
outTemps[i] = 3.9
zoneTemps[i] = 20.000154
heatTemps[i] = 018.9
coolTemps[i] = 022.9
send to sockets interactions loop
dataStrings[simID] = epGetStartCooling@22.9,epGetStartHeating@18.9,
Send sendControls interaction: 22.9 to socket #0
timestep after sending Socket... should advance after this: 12.0
timestep before receiving Socket/Reader: 13.0
08:42:21.727 [org.webgme.guest.controller.Controller.main()] INFO  org.webgme.guest.controller.Controller - timestep before receiving Socket/Reader: 
08:42:21.728 [org.webgme.guest.controller.Controller.main()] INFO  org.webgme.guest.controller.Controller - waiting to receive Socket_Controller interaction...
08:42:21.841 [org.webgme.guest.controller.Controller.main()] INFO  org.webgme.guest.controller.Controller - waiting to receive Socket_Controller interaction...
08:42:21.844 [org.webgme.guest.controller.Controller.main()] INFO  org.webgme.guest.controller.Controller - received RCModel_Controller interaction
numVars[simID] = 0
holder[simID] = epSendNetEnergy@475872.281250,epSendZoneMeanAirTemp@20.000153,epSendOutdoorAirTemp@3.941667,epSendZoneHumidity@29.635565,epSendEnergyPurchased@475872.281250,epSendEnergySurplus@0.000000,epSendSolarRadiation@0.000000,epSendHeatingSetpoint@20.000000,epSendCoolingSetpoint@28.000000,timestep@13.0,
handle interaction loop
vars[0] = epSendNetEnergy@475872.281250
length of vars = 10
j = 0
token = epSendNetEnergy@475872.281250
token1[0] = epSendNetEnergy
token1[1] = 475872.281250
varNames[j] = epSendNetEnergy
doubles[j] = 475872.281250
j = 1
token = epSendZoneMeanAirTemp@20.000153
token1[0] = epSendZoneMeanAirTemp
token1[1] = 20.000153
varNames[j] = epSendZoneMeanAirTemp
doubles[j] = 20.000153
j = 2
token = epSendOutdoorAirTemp@3.941667
token1[0] = epSendOutdoorAirTemp
token1[1] = 3.941667
varNames[j] = epSendOutdoorAirTemp
doubles[j] = 3.941667
j = 3
token = epSendZoneHumidity@29.635565
token1[0] = epSendZoneHumidity
token1[1] = 29.635565
varNames[j] = epSendZoneHumidity
doubles[j] = 29.635565
j = 4
token = epSendEnergyPurchased@475872.281250
token1[0] = epSendEnergyPurchased
token1[1] = 475872.281250
varNames[j] = epSendEnergyPurchased
doubles[j] = 475872.281250
j = 5
token = epSendEnergySurplus@0.000000
token1[0] = epSendEnergySurplus
token1[1] = 0.000000
varNames[j] = epSendEnergySurplus
doubles[j] = 0.000000
j = 6
token = epSendSolarRadiation@0.000000
token1[0] = epSendSolarRadiation
token1[1] = 0.000000
varNames[j] = epSendSolarRadiation
doubles[j] = 0.000000
j = 7
token = epSendHeatingSetpoint@20.000000
token1[0] = epSendHeatingSetpoint
token1[1] = 20.000000
varNames[j] = epSendHeatingSetpoint
doubles[j] = 20.000000
j = 8
token = epSendCoolingSetpoint@28.000000
token1[0] = epSendCoolingSetpoint
token1[1] = 28.000000
varNames[j] = epSendCoolingSetpoint
doubles[j] = 28.000000
j = 9
token = timestep@13.0
token1[0] = timestep
token1[1] = 13.0
varNames[j] = timestep
doubles[j] = 13.0
i = 0
i = 1
i = 2
i = 3
i = 4
i = 5
i = 6
i = 7
i = 8
i = 9
timestep after receiving Socket/Reader and before sending to Market: 13.0
08:42:21.850 [org.webgme.guest.controller.Controller.main()] INFO  org.webgme.guest.controller.Controller - hour is: 
hour is:1.0833333333333333
determine setpoints loop
outTemps[i] = 3.941667
zoneTemps[i] = 20.000153
heatTemps[i] = 018.9
coolTemps[i] = 022.9
send to sockets interactions loop
dataStrings[simID] = epGetStartCooling@22.9,epGetStartHeating@18.9,
Send sendControls interaction: 22.9 to socket #0
timestep after sending Socket... should advance after this: 13.0
timestep before receiving Socket/Reader: 14.0
08:42:22.004 [org.webgme.guest.controller.Controller.main()] INFO  org.webgme.guest.controller.Controller - timestep before receiving Socket/Reader: 
08:42:22.008 [org.webgme.guest.controller.Controller.main()] INFO  org.webgme.guest.controller.Controller - waiting to receive Socket_Controller interaction...
08:42:22.015 [org.webgme.guest.controller.Controller.main()] INFO  org.webgme.guest.controller.Controller - received RCModel_Controller interaction
numVars[simID] = 0
holder[simID] = epSendNetEnergy@473756.437500,epSendZoneMeanAirTemp@20.000151,epSendOutdoorAirTemp@3.983333,epSendZoneHumidity@29.740074,epSendEnergyPurchased@473756.437500,epSendEnergySurplus@0.000000,epSendSolarRadiation@0.000000,epSendHeatingSetpoint@20.000000,epSendCoolingSetpoint@28.000000,timestep@14.0,
handle interaction loop
vars[0] = epSendNetEnergy@473756.437500
length of vars = 10
j = 0
token = epSendNetEnergy@473756.437500
token1[0] = epSendNetEnergy
token1[1] = 473756.437500
varNames[j] = epSendNetEnergy
doubles[j] = 473756.437500
j = 1
token = epSendZoneMeanAirTemp@20.000151
token1[0] = epSendZoneMeanAirTemp
token1[1] = 20.000151
varNames[j] = epSendZoneMeanAirTemp
doubles[j] = 20.000151
j = 2
token = epSendOutdoorAirTemp@3.983333
token1[0] = epSendOutdoorAirTemp
token1[1] = 3.983333
varNames[j] = epSendOutdoorAirTemp
doubles[j] = 3.983333
j = 3
token = epSendZoneHumidity@29.740074
token1[0] = epSendZoneHumidity
token1[1] = 29.740074
varNames[j] = epSendZoneHumidity
doubles[j] = 29.740074
j = 4
token = epSendEnergyPurchased@473756.437500
token1[0] = epSendEnergyPurchased
token1[1] = 473756.437500
varNames[j] = epSendEnergyPurchased
doubles[j] = 473756.437500
j = 5
token = epSendEnergySurplus@0.000000
token1[0] = epSendEnergySurplus
token1[1] = 0.000000
varNames[j] = epSendEnergySurplus
doubles[j] = 0.000000
j = 6
token = epSendSolarRadiation@0.000000
token1[0] = epSendSolarRadiation
token1[1] = 0.000000
varNames[j] = epSendSolarRadiation
doubles[j] = 0.000000
j = 7
token = epSendHeatingSetpoint@20.000000
token1[0] = epSendHeatingSetpoint
token1[1] = 20.000000
varNames[j] = epSendHeatingSetpoint
doubles[j] = 20.000000
j = 8
token = epSendCoolingSetpoint@28.000000
token1[0] = epSendCoolingSetpoint
token1[1] = 28.000000
varNames[j] = epSendCoolingSetpoint
doubles[j] = 28.000000
j = 9
token = timestep@14.0
token1[0] = timestep
token1[1] = 14.0
varNames[j] = timestep
doubles[j] = 14.0
i = 0
i = 1
i = 2
i = 3
i = 4
i = 5
i = 6
i = 7
i = 8
i = 9
timestep after receiving Socket/Reader and before sending to Market: 14.0
08:42:22.016 [org.webgme.guest.controller.Controller.main()] INFO  org.webgme.guest.controller.Controller - hour is: 
hour is:1.1666666666666667
determine setpoints loop
outTemps[i] = 3.983333
zoneTemps[i] = 20.000151
heatTemps[i] = 018.9
coolTemps[i] = 022.9
send to sockets interactions loop
dataStrings[simID] = epGetStartCooling@22.9,epGetStartHeating@18.9,
Send sendControls interaction: 22.9 to socket #0
timestep after sending Socket... should advance after this: 14.0
timestep before receiving Socket/Reader: 15.0
08:42:22.781 [org.webgme.guest.controller.Controller.main()] INFO  org.webgme.guest.controller.Controller - timestep before receiving Socket/Reader: 
08:42:22.781 [org.webgme.guest.controller.Controller.main()] INFO  org.webgme.guest.controller.Controller - waiting to receive Socket_Controller interaction...
08:42:22.888 [org.webgme.guest.controller.Controller.main()] INFO  org.webgme.guest.controller.Controller - waiting to receive Socket_Controller interaction...
08:42:22.889 [org.webgme.guest.controller.Controller.main()] INFO  org.webgme.guest.controller.Controller - received RCModel_Controller interaction
numVars[simID] = 0
holder[simID] = epSendNetEnergy@471585.937500,epSendZoneMeanAirTemp@20.000149,epSendOutdoorAirTemp@4.025000,epSendZoneHumidity@29.831514,epSendEnergyPurchased@471585.937500,epSendEnergySurplus@0.000000,epSendSolarRadiation@0.000000,epSendHeatingSetpoint@20.000000,epSendCoolingSetpoint@28.000000,timestep@15.0,
handle interaction loop
vars[0] = epSendNetEnergy@471585.937500
length of vars = 10
j = 0
token = epSendNetEnergy@471585.937500
token1[0] = epSendNetEnergy
token1[1] = 471585.937500
varNames[j] = epSendNetEnergy
doubles[j] = 471585.937500
j = 1
token = epSendZoneMeanAirTemp@20.000149
token1[0] = epSendZoneMeanAirTemp
token1[1] = 20.000149
varNames[j] = epSendZoneMeanAirTemp
doubles[j] = 20.000149
j = 2
token = epSendOutdoorAirTemp@4.025000
token1[0] = epSendOutdoorAirTemp
token1[1] = 4.025000
varNames[j] = epSendOutdoorAirTemp
doubles[j] = 4.025000
j = 3
token = epSendZoneHumidity@29.831514
token1[0] = epSendZoneHumidity
token1[1] = 29.831514
varNames[j] = epSendZoneHumidity
doubles[j] = 29.831514
j = 4
token = epSendEnergyPurchased@471585.937500
token1[0] = epSendEnergyPurchased
token1[1] = 471585.937500
varNames[j] = epSendEnergyPurchased
doubles[j] = 471585.937500
j = 5
token = epSendEnergySurplus@0.000000
token1[0] = epSendEnergySurplus
token1[1] = 0.000000
varNames[j] = epSendEnergySurplus
doubles[j] = 0.000000
j = 6
token = epSendSolarRadiation@0.000000
token1[0] = epSendSolarRadiation
token1[1] = 0.000000
varNames[j] = epSendSolarRadiation
doubles[j] = 0.000000
j = 7
token = epSendHeatingSetpoint@20.000000
token1[0] = epSendHeatingSetpoint
token1[1] = 20.000000
varNames[j] = epSendHeatingSetpoint
doubles[j] = 20.000000
j = 8
token = epSendCoolingSetpoint@28.000000
token1[0] = epSendCoolingSetpoint
token1[1] = 28.000000
varNames[j] = epSendCoolingSetpoint
doubles[j] = 28.000000
j = 9
token = timestep@15.0
token1[0] = timestep
token1[1] = 15.0
varNames[j] = timestep
doubles[j] = 15.0
i = 0
i = 1
i = 2
i = 3
i = 4
i = 5
i = 6
i = 7
i = 8
i = 9
timestep after receiving Socket/Reader and before sending to Market: 15.0
08:42:22.898 [org.webgme.guest.controller.Controller.main()] INFO  org.webgme.guest.controller.Controller - hour is: 
hour is:1.25
determine setpoints loop
outTemps[i] = 4.025
zoneTemps[i] = 20.000149
heatTemps[i] = 018.9
coolTemps[i] = 022.9
send to sockets interactions loop
dataStrings[simID] = epGetStartCooling@22.9,epGetStartHeating@18.9,
Send sendControls interaction: 22.9 to socket #0
timestep after sending Socket... should advance after this: 15.0
timestep before receiving Socket/Reader: 16.0
08:42:23.792 [org.webgme.guest.controller.Controller.main()] INFO  org.webgme.guest.controller.Controller - timestep before receiving Socket/Reader: 
08:42:23.793 [org.webgme.guest.controller.Controller.main()] INFO  org.webgme.guest.controller.Controller - waiting to receive Socket_Controller interaction...
08:42:23.902 [org.webgme.guest.controller.Controller.main()] INFO  org.webgme.guest.controller.Controller - waiting to receive Socket_Controller interaction...
08:42:23.902 [org.webgme.guest.controller.Controller.main()] INFO  org.webgme.guest.controller.Controller - received RCModel_Controller interaction
numVars[simID] = 0
holder[simID] = epSendNetEnergy@469367.468750,epSendZoneMeanAirTemp@20.000147,epSendOutdoorAirTemp@4.066667,epSendZoneHumidity@29.910034,epSendEnergyPurchased@469367.468750,epSendEnergySurplus@0.000000,epSendSolarRadiation@0.000000,epSendHeatingSetpoint@20.000000,epSendCoolingSetpoint@28.000000,timestep@16.0,
handle interaction loop
vars[0] = epSendNetEnergy@469367.468750
length of vars = 10
j = 0
token = epSendNetEnergy@469367.468750
token1[0] = epSendNetEnergy
token1[1] = 469367.468750
varNames[j] = epSendNetEnergy
doubles[j] = 469367.468750
j = 1
token = epSendZoneMeanAirTemp@20.000147
token1[0] = epSendZoneMeanAirTemp
token1[1] = 20.000147
varNames[j] = epSendZoneMeanAirTemp
doubles[j] = 20.000147
j = 2
token = epSendOutdoorAirTemp@4.066667
token1[0] = epSendOutdoorAirTemp
token1[1] = 4.066667
varNames[j] = epSendOutdoorAirTemp
doubles[j] = 4.066667
j = 3
token = epSendZoneHumidity@29.910034
token1[0] = epSendZoneHumidity
token1[1] = 29.910034
varNames[j] = epSendZoneHumidity
doubles[j] = 29.910034
j = 4
token = epSendEnergyPurchased@469367.468750
token1[0] = epSendEnergyPurchased
token1[1] = 469367.468750
varNames[j] = epSendEnergyPurchased
doubles[j] = 469367.468750
j = 5
token = epSendEnergySurplus@0.000000
token1[0] = epSendEnergySurplus
token1[1] = 0.000000
varNames[j] = epSendEnergySurplus
doubles[j] = 0.000000
j = 6
token = epSendSolarRadiation@0.000000
token1[0] = epSendSolarRadiation
token1[1] = 0.000000
varNames[j] = epSendSolarRadiation
doubles[j] = 0.000000
j = 7
token = epSendHeatingSetpoint@20.000000
token1[0] = epSendHeatingSetpoint
token1[1] = 20.000000
varNames[j] = epSendHeatingSetpoint
doubles[j] = 20.000000
j = 8
token = epSendCoolingSetpoint@28.000000
token1[0] = epSendCoolingSetpoint
token1[1] = 28.000000
varNames[j] = epSendCoolingSetpoint
doubles[j] = 28.000000
j = 9
token = timestep@16.0
token1[0] = timestep
token1[1] = 16.0
varNames[j] = timestep
doubles[j] = 16.0
i = 0
i = 1
i = 2
i = 3
i = 4
i = 5
i = 6
i = 7
i = 8
i = 9
timestep after receiving Socket/Reader and before sending to Market: 16.0
08:42:23.903 [org.webgme.guest.controller.Controller.main()] INFO  org.webgme.guest.controller.Controller - hour is: 
hour is:1.3333333333333333
determine setpoints loop
outTemps[i] = 4.066667
zoneTemps[i] = 20.000147
heatTemps[i] = 018.9
coolTemps[i] = 022.9
send to sockets interactions loop
dataStrings[simID] = epGetStartCooling@22.9,epGetStartHeating@18.9,
Send sendControls interaction: 22.9 to socket #0
timestep after sending Socket... should advance after this: 16.0
timestep before receiving Socket/Reader: 17.0
08:42:24.782 [org.webgme.guest.controller.Controller.main()] INFO  org.webgme.guest.controller.Controller - timestep before receiving Socket/Reader: 
08:42:24.786 [org.webgme.guest.controller.Controller.main()] INFO  org.webgme.guest.controller.Controller - waiting to receive Socket_Controller interaction...
08:42:24.896 [org.webgme.guest.controller.Controller.main()] INFO  org.webgme.guest.controller.Controller - waiting to receive Socket_Controller interaction...
08:42:24.896 [org.webgme.guest.controller.Controller.main()] INFO  org.webgme.guest.controller.Controller - received RCModel_Controller interaction
numVars[simID] = 0
holder[simID] = epSendNetEnergy@467098.968750,epSendZoneMeanAirTemp@20.000147,epSendOutdoorAirTemp@4.108333,epSendZoneHumidity@29.976192,epSendEnergyPurchased@467098.968750,epSendEnergySurplus@0.000000,epSendSolarRadiation@0.000000,epSendHeatingSetpoint@20.000000,epSendCoolingSetpoint@28.000000,timestep@17.0,
handle interaction loop
vars[0] = epSendNetEnergy@467098.968750
length of vars = 10
j = 0
token = epSendNetEnergy@467098.968750
token1[0] = epSendNetEnergy
token1[1] = 467098.968750
varNames[j] = epSendNetEnergy
doubles[j] = 467098.968750
j = 1
token = epSendZoneMeanAirTemp@20.000147
token1[0] = epSendZoneMeanAirTemp
token1[1] = 20.000147
varNames[j] = epSendZoneMeanAirTemp
doubles[j] = 20.000147
j = 2
token = epSendOutdoorAirTemp@4.108333
token1[0] = epSendOutdoorAirTemp
token1[1] = 4.108333
varNames[j] = epSendOutdoorAirTemp
doubles[j] = 4.108333
j = 3
token = epSendZoneHumidity@29.976192
token1[0] = epSendZoneHumidity
token1[1] = 29.976192
varNames[j] = epSendZoneHumidity
doubles[j] = 29.976192
j = 4
token = epSendEnergyPurchased@467098.968750
token1[0] = epSendEnergyPurchased
token1[1] = 467098.968750
varNames[j] = epSendEnergyPurchased
doubles[j] = 467098.968750
j = 5
token = epSendEnergySurplus@0.000000
token1[0] = epSendEnergySurplus
token1[1] = 0.000000
varNames[j] = epSendEnergySurplus
doubles[j] = 0.000000
j = 6
token = epSendSolarRadiation@0.000000
token1[0] = epSendSolarRadiation
token1[1] = 0.000000
varNames[j] = epSendSolarRadiation
doubles[j] = 0.000000
j = 7
token = epSendHeatingSetpoint@20.000000
token1[0] = epSendHeatingSetpoint
token1[1] = 20.000000
varNames[j] = epSendHeatingSetpoint
doubles[j] = 20.000000
j = 8
token = epSendCoolingSetpoint@28.000000
token1[0] = epSendCoolingSetpoint
token1[1] = 28.000000
varNames[j] = epSendCoolingSetpoint
doubles[j] = 28.000000
j = 9
token = timestep@17.0
token1[0] = timestep
token1[1] = 17.0
varNames[j] = timestep
doubles[j] = 17.0
i = 0
i = 1
i = 2
i = 3
i = 4
i = 5
i = 6
i = 7
i = 8
i = 9
timestep after receiving Socket/Reader and before sending to Market: 17.0
08:42:24.903 [org.webgme.guest.controller.Controller.main()] INFO  org.webgme.guest.controller.Controller - hour is: 
hour is:1.4166666666666667
determine setpoints loop
outTemps[i] = 4.108333
zoneTemps[i] = 20.000147
heatTemps[i] = 018.9
coolTemps[i] = 022.9
send to sockets interactions loop
dataStrings[simID] = epGetStartCooling@22.9,epGetStartHeating@18.9,
Send sendControls interaction: 22.9 to socket #0
timestep after sending Socket... should advance after this: 17.0
timestep before receiving Socket/Reader: 18.0
08:42:25.782 [org.webgme.guest.controller.Controller.main()] INFO  org.webgme.guest.controller.Controller - timestep before receiving Socket/Reader: 
08:42:25.783 [org.webgme.guest.controller.Controller.main()] INFO  org.webgme.guest.controller.Controller - waiting to receive Socket_Controller interaction...
08:42:25.890 [org.webgme.guest.controller.Controller.main()] INFO  org.webgme.guest.controller.Controller - waiting to receive Socket_Controller interaction...
08:42:25.996 [org.webgme.guest.controller.Controller.main()] INFO  org.webgme.guest.controller.Controller - waiting to receive Socket_Controller interaction...
08:42:26.102 [org.webgme.guest.controller.Controller.main()] INFO  org.webgme.guest.controller.Controller - waiting to receive Socket_Controller interaction...
08:42:26.208 [org.webgme.guest.controller.Controller.main()] INFO  org.webgme.guest.controller.Controller - waiting to receive Socket_Controller interaction...
08:42:26.316 [org.webgme.guest.controller.Controller.main()] INFO  org.webgme.guest.controller.Controller - waiting to receive Socket_Controller interaction...
08:42:26.425 [org.webgme.guest.controller.Controller.main()] INFO  org.webgme.guest.controller.Controller - waiting to receive Socket_Controller interaction...
08:42:26.537 [org.webgme.guest.controller.Controller.main()] INFO  org.webgme.guest.controller.Controller - waiting to receive Socket_Controller interaction...
08:42:26.650 [org.webgme.guest.controller.Controller.main()] INFO  org.webgme.guest.controller.Controller - waiting to receive Socket_Controller interaction...
08:42:26.755 [org.webgme.guest.controller.Controller.main()] INFO  org.webgme.guest.controller.Controller - waiting to receive Socket_Controller interaction...
08:42:26.862 [org.webgme.guest.controller.Controller.main()] INFO  org.webgme.guest.controller.Controller - waiting to receive Socket_Controller interaction...
08:42:26.970 [org.webgme.guest.controller.Controller.main()] INFO  org.webgme.guest.controller.Controller - waiting to receive Socket_Controller interaction...
08:42:27.079 [org.webgme.guest.controller.Controller.main()] INFO  org.webgme.guest.controller.Controller - waiting to receive Socket_Controller interaction...
08:42:27.185 [org.webgme.guest.controller.Controller.main()] INFO  org.webgme.guest.controller.Controller - waiting to receive Socket_Controller interaction...
08:42:27.290 [org.webgme.guest.controller.Controller.main()] INFO  org.webgme.guest.controller.Controller - waiting to receive Socket_Controller interaction...
08:42:27.396 [org.webgme.guest.controller.Controller.main()] INFO  org.webgme.guest.controller.Controller - waiting to receive Socket_Controller interaction...
08:42:27.504 [org.webgme.guest.controller.Controller.main()] INFO  org.webgme.guest.controller.Controller - waiting to receive Socket_Controller interaction...
08:42:27.611 [org.webgme.guest.controller.Controller.main()] INFO  org.webgme.guest.controller.Controller - waiting to receive Socket_Controller interaction...
08:42:27.717 [org.webgme.guest.controller.Controller.main()] INFO  org.webgme.guest.controller.Controller - waiting to receive Socket_Controller interaction...
08:42:27.823 [org.webgme.guest.controller.Controller.main()] INFO  org.webgme.guest.controller.Controller - waiting to receive Socket_Controller interaction...
08:42:27.929 [org.webgme.guest.controller.Controller.main()] INFO  org.webgme.guest.controller.Controller - waiting to receive Socket_Controller interaction...
08:42:28.035 [org.webgme.guest.controller.Controller.main()] INFO  org.webgme.guest.controller.Controller - waiting to receive Socket_Controller interaction...
08:42:28.140 [org.webgme.guest.controller.Controller.main()] INFO  org.webgme.guest.controller.Controller - waiting to receive Socket_Controller interaction...
08:42:28.245 [org.webgme.guest.controller.Controller.main()] INFO  org.webgme.guest.controller.Controller - waiting to receive Socket_Controller interaction...
08:42:28.358 [org.webgme.guest.controller.Controller.main()] INFO  org.webgme.guest.controller.Controller - waiting to receive Socket_Controller interaction...
08:42:28.465 [org.webgme.guest.controller.Controller.main()] INFO  org.webgme.guest.controller.Controller - waiting to receive Socket_Controller interaction...
08:42:28.571 [org.webgme.guest.controller.Controller.main()] INFO  org.webgme.guest.controller.Controller - waiting to receive Socket_Controller interaction...
08:42:28.687 [org.webgme.guest.controller.Controller.main()] INFO  org.webgme.guest.controller.Controller - waiting to receive Socket_Controller interaction...
08:42:28.795 [org.webgme.guest.controller.Controller.main()] INFO  org.webgme.guest.controller.Controller - waiting to receive Socket_Controller interaction...
08:42:28.904 [org.webgme.guest.controller.Controller.main()] INFO  org.webgme.guest.controller.Controller - waiting to receive Socket_Controller interaction...
08:42:29.010 [org.webgme.guest.controller.Controller.main()] INFO  org.webgme.guest.controller.Controller - waiting to receive Socket_Controller interaction...
08:42:29.116 [org.webgme.guest.controller.Controller.main()] INFO  org.webgme.guest.controller.Controller - waiting to receive Socket_Controller interaction...
08:42:29.223 [org.webgme.guest.controller.Controller.main()] INFO  org.webgme.guest.controller.Controller - waiting to receive Socket_Controller interaction...
08:42:29.329 [org.webgme.guest.controller.Controller.main()] INFO  org.webgme.guest.controller.Controller - waiting to receive Socket_Controller interaction...
08:42:29.434 [org.webgme.guest.controller.Controller.main()] INFO  org.webgme.guest.controller.Controller - waiting to receive Socket_Controller interaction...
08:42:29.540 [org.webgme.guest.controller.Controller.main()] INFO  org.webgme.guest.controller.Controller - waiting to receive Socket_Controller interaction...
08:42:29.646 [org.webgme.guest.controller.Controller.main()] INFO  org.webgme.guest.controller.Controller - waiting to receive Socket_Controller interaction...
08:42:29.752 [org.webgme.guest.controller.Controller.main()] INFO  org.webgme.guest.controller.Controller - waiting to receive Socket_Controller interaction...
08:42:29.858 [org.webgme.guest.controller.Controller.main()] INFO  org.webgme.guest.controller.Controller - waiting to receive Socket_Controller interaction...
