[INFO] Scanning for projects...
[INFO]                                                                         
[INFO] ------------------------------------------------------------------------
[INFO] Building EnergyPlusOpt2Fed_exec 0.1.0-SNAPSHOT
[INFO] ------------------------------------------------------------------------
[INFO] 
[INFO] --- exec-maven-plugin:1.5.0:java (default-cli) @ EnergyPlusOpt2Fed_exec ---

-------------------------------------------------------------------
GMS: address=vagrant-60269, cluster=EnergyPlusOpt2Fed1, physical address=172.16.119.10:51021
-------------------------------------------------------------------
09:10:33.714 [org.webgme.guest.controller.Controller.main()] INFO  org.webgme.guest.controller.Controller - waiting on readyToPopulate...
09:11:35.443 [org.webgme.guest.controller.Controller.main()] INFO  org.webgme.guest.controller.Controller - ...synchronized on readyToPopulate
09:11:35.445 [org.webgme.guest.controller.Controller.main()] INFO  org.webgme.guest.controller.Controller - waiting on readyToRun...
09:11:35.696 [org.webgme.guest.controller.Controller.main()] INFO  org.webgme.guest.controller.Controller - ...synchronized on readyToRun
09:11:35.698 [org.webgme.guest.controller.Controller.main()] INFO  org.webgme.guest.controller.Controller - started logical time progression
timestep before receiving Socket/Reader: 0.0
09:11:35.701 [org.webgme.guest.controller.Controller.main()] INFO  org.webgme.guest.controller.Controller - timestep before receiving Socket/Reader: 
09:11:35.702 [org.webgme.guest.controller.Controller.main()] INFO  org.webgme.guest.controller.Controller - waiting to receive Socket_Controller interaction...
09:11:35.809 [org.webgme.guest.controller.Controller.main()] INFO  org.webgme.guest.controller.Controller - waiting to receive Socket_Controller interaction...
09:11:35.810 [org.webgme.guest.controller.Controller.main()] INFO  org.webgme.guest.controller.Controller - received RCModel_Controller interaction
numVars[simID] = 0
holder[simID] = epSendNetEnergy@467551.687500,epSendZoneMeanAirTemp@20.000101,epSendOutdoorAirTemp@2.250000,epSendZoneHumidity@28.944349,epSendEnergyPurchased@467551.687500,epSendEnergySurplus@0.000000,epSendSolarRadiation@0.000000,epSendHeatingSetpoint@20.000000,epSendCoolingSetpoint@28.000000,timestep@0.0,
handle interaction loop
vars[0] = epSendNetEnergy@467551.687500
length of vars = 10
j = 0
token = epSendNetEnergy@467551.687500
token1[0] = epSendNetEnergy
token1[1] = 467551.687500
varNames[j] = epSendNetEnergy
doubles[j] = 467551.687500
j = 1
token = epSendZoneMeanAirTemp@20.000101
token1[0] = epSendZoneMeanAirTemp
token1[1] = 20.000101
varNames[j] = epSendZoneMeanAirTemp
doubles[j] = 20.000101
j = 2
token = epSendOutdoorAirTemp@2.250000
token1[0] = epSendOutdoorAirTemp
token1[1] = 2.250000
varNames[j] = epSendOutdoorAirTemp
doubles[j] = 2.250000
j = 3
token = epSendZoneHumidity@28.944349
token1[0] = epSendZoneHumidity
token1[1] = 28.944349
varNames[j] = epSendZoneHumidity
doubles[j] = 28.944349
j = 4
token = epSendEnergyPurchased@467551.687500
token1[0] = epSendEnergyPurchased
token1[1] = 467551.687500
varNames[j] = epSendEnergyPurchased
doubles[j] = 467551.687500
j = 5
token = epSendEnergySurplus@0.000000
token1[0] = epSendEnergySurplus
token1[1] = 0.000000
varNames[j] = epSendEnergySurplus
doubles[j] = 0.000000
j = 6
token = epSendSolarRadiation@0.000000
token1[0] = epSendSolarRadiation
token1[1] = 0.000000
varNames[j] = epSendSolarRadiation
doubles[j] = 0.000000
j = 7
token = epSendHeatingSetpoint@20.000000
token1[0] = epSendHeatingSetpoint
token1[1] = 20.000000
varNames[j] = epSendHeatingSetpoint
doubles[j] = 20.000000
j = 8
token = epSendCoolingSetpoint@28.000000
token1[0] = epSendCoolingSetpoint
token1[1] = 28.000000
varNames[j] = epSendCoolingSetpoint
doubles[j] = 28.000000
j = 9
token = timestep@0.0
token1[0] = timestep
token1[1] = 0.0
varNames[j] = timestep
doubles[j] = 0.0
i = 0
i = 1
i = 2
i = 3
i = 4
i = 5
i = 6
i = 7
i = 8
i = 9
timestep after receiving Socket/Reader and before sending to Market: 0.0
09:11:35.846 [org.webgme.guest.controller.Controller.main()] INFO  org.webgme.guest.controller.Controller - hour is: 
hour is:0.0
sblock:0
zonetemp stirng20.000101
Here is the result
java.lang.ArrayIndexOutOfBoundsException: 1
determine setpoints loop
outTemps[i] = 2.25
zoneTemps[i] = 20.000101
heatTemps[i] = 018.9
coolTemps[i] = 022.9
send to sockets interactions loop
dataStrings[simID] = epGetStartCooling@22.9,epGetStartHeating@18.9,
Send sendControls interaction: 22.9 to socket #0
timestep after sending Socket... should advance after this: 0.0
timestep before receiving Socket/Reader: 1.0
09:11:36.022 [org.webgme.guest.controller.Controller.main()] INFO  org.webgme.guest.controller.Controller - timestep before receiving Socket/Reader: 
09:11:36.022 [org.webgme.guest.controller.Controller.main()] INFO  org.webgme.guest.controller.Controller - waiting to receive Socket_Controller interaction...
09:11:36.130 [org.webgme.guest.controller.Controller.main()] INFO  org.webgme.guest.controller.Controller - waiting to receive Socket_Controller interaction...
09:11:36.133 [org.webgme.guest.controller.Controller.main()] INFO  org.webgme.guest.controller.Controller - received RCModel_Controller interaction
numVars[simID] = 0
holder[simID] = epSendNetEnergy@461741.343750,epSendZoneMeanAirTemp@20.000019,epSendOutdoorAirTemp@2.341667,epSendZoneHumidity@28.929440,epSendEnergyPurchased@461741.343750,epSendEnergySurplus@0.000000,epSendSolarRadiation@0.000000,epSendHeatingSetpoint@20.000000,epSendCoolingSetpoint@28.000000,timestep@1.0,
handle interaction loop
vars[0] = epSendNetEnergy@461741.343750
length of vars = 10
j = 0
token = epSendNetEnergy@461741.343750
token1[0] = epSendNetEnergy
token1[1] = 461741.343750
varNames[j] = epSendNetEnergy
doubles[j] = 461741.343750
j = 1
token = epSendZoneMeanAirTemp@20.000019
token1[0] = epSendZoneMeanAirTemp
token1[1] = 20.000019
varNames[j] = epSendZoneMeanAirTemp
doubles[j] = 20.000019
j = 2
token = epSendOutdoorAirTemp@2.341667
token1[0] = epSendOutdoorAirTemp
token1[1] = 2.341667
varNames[j] = epSendOutdoorAirTemp
doubles[j] = 2.341667
j = 3
token = epSendZoneHumidity@28.929440
token1[0] = epSendZoneHumidity
token1[1] = 28.929440
varNames[j] = epSendZoneHumidity
doubles[j] = 28.929440
j = 4
token = epSendEnergyPurchased@461741.343750
token1[0] = epSendEnergyPurchased
token1[1] = 461741.343750
varNames[j] = epSendEnergyPurchased
doubles[j] = 461741.343750
j = 5
token = epSendEnergySurplus@0.000000
token1[0] = epSendEnergySurplus
token1[1] = 0.000000
varNames[j] = epSendEnergySurplus
doubles[j] = 0.000000
j = 6
token = epSendSolarRadiation@0.000000
token1[0] = epSendSolarRadiation
token1[1] = 0.000000
varNames[j] = epSendSolarRadiation
doubles[j] = 0.000000
j = 7
token = epSendHeatingSetpoint@20.000000
token1[0] = epSendHeatingSetpoint
token1[1] = 20.000000
varNames[j] = epSendHeatingSetpoint
doubles[j] = 20.000000
j = 8
token = epSendCoolingSetpoint@28.000000
token1[0] = epSendCoolingSetpoint
token1[1] = 28.000000
varNames[j] = epSendCoolingSetpoint
doubles[j] = 28.000000
j = 9
token = timestep@1.0
token1[0] = timestep
token1[1] = 1.0
varNames[j] = timestep
doubles[j] = 1.0
i = 0
i = 1
i = 2
i = 3
i = 4
i = 5
i = 6
i = 7
i = 8
i = 9
timestep after receiving Socket/Reader and before sending to Market: 1.0
09:11:36.154 [org.webgme.guest.controller.Controller.main()] INFO  org.webgme.guest.controller.Controller - hour is: 
hour is:0.08333333333333333
determine setpoints loop
outTemps[i] = 2.341667
zoneTemps[i] = 20.000019
heatTemps[i] = 018.9
coolTemps[i] = 022.9
send to sockets interactions loop
dataStrings[simID] = epGetStartCooling@22.9,epGetStartHeating@18.9,
Send sendControls interaction: 22.9 to socket #0
timestep after sending Socket... should advance after this: 1.0
timestep before receiving Socket/Reader: 2.0
09:11:36.707 [org.webgme.guest.controller.Controller.main()] INFO  org.webgme.guest.controller.Controller - timestep before receiving Socket/Reader: 
09:11:36.710 [org.webgme.guest.controller.Controller.main()] INFO  org.webgme.guest.controller.Controller - waiting to receive Socket_Controller interaction...
09:11:36.819 [org.webgme.guest.controller.Controller.main()] INFO  org.webgme.guest.controller.Controller - waiting to receive Socket_Controller interaction...
09:11:36.823 [org.webgme.guest.controller.Controller.main()] INFO  org.webgme.guest.controller.Controller - received RCModel_Controller interaction
numVars[simID] = 0
holder[simID] = epSendNetEnergy@463352.062500,epSendZoneMeanAirTemp@20.000027,epSendOutdoorAirTemp@2.483333,epSendZoneHumidity@28.929176,epSendEnergyPurchased@463352.062500,epSendEnergySurplus@0.000000,epSendSolarRadiation@0.000000,epSendHeatingSetpoint@20.000000,epSendCoolingSetpoint@28.000000,timestep@2.0,
handle interaction loop
vars[0] = epSendNetEnergy@463352.062500
length of vars = 10
j = 0
token = epSendNetEnergy@463352.062500
token1[0] = epSendNetEnergy
token1[1] = 463352.062500
varNames[j] = epSendNetEnergy
doubles[j] = 463352.062500
j = 1
token = epSendZoneMeanAirTemp@20.000027
token1[0] = epSendZoneMeanAirTemp
token1[1] = 20.000027
varNames[j] = epSendZoneMeanAirTemp
doubles[j] = 20.000027
j = 2
token = epSendOutdoorAirTemp@2.483333
token1[0] = epSendOutdoorAirTemp
token1[1] = 2.483333
varNames[j] = epSendOutdoorAirTemp
doubles[j] = 2.483333
j = 3
token = epSendZoneHumidity@28.929176
token1[0] = epSendZoneHumidity
token1[1] = 28.929176
varNames[j] = epSendZoneHumidity
doubles[j] = 28.929176
j = 4
token = epSendEnergyPurchased@463352.062500
token1[0] = epSendEnergyPurchased
token1[1] = 463352.062500
varNames[j] = epSendEnergyPurchased
doubles[j] = 463352.062500
j = 5
token = epSendEnergySurplus@0.000000
token1[0] = epSendEnergySurplus
token1[1] = 0.000000
varNames[j] = epSendEnergySurplus
doubles[j] = 0.000000
j = 6
token = epSendSolarRadiation@0.000000
token1[0] = epSendSolarRadiation
token1[1] = 0.000000
varNames[j] = epSendSolarRadiation
doubles[j] = 0.000000
j = 7
token = epSendHeatingSetpoint@20.000000
token1[0] = epSendHeatingSetpoint
token1[1] = 20.000000
varNames[j] = epSendHeatingSetpoint
doubles[j] = 20.000000
j = 8
token = epSendCoolingSetpoint@28.000000
token1[0] = epSendCoolingSetpoint
token1[1] = 28.000000
varNames[j] = epSendCoolingSetpoint
doubles[j] = 28.000000
j = 9
token = timestep@2.0
token1[0] = timestep
token1[1] = 2.0
varNames[j] = timestep
doubles[j] = 2.0
i = 0
i = 1
i = 2
i = 3
i = 4
i = 5
i = 6
i = 7
i = 8
i = 9
timestep after receiving Socket/Reader and before sending to Market: 2.0
09:11:36.838 [org.webgme.guest.controller.Controller.main()] INFO  org.webgme.guest.controller.Controller - hour is: 
hour is:0.16666666666666666
determine setpoints loop
outTemps[i] = 2.483333
zoneTemps[i] = 20.000027
heatTemps[i] = 018.9
coolTemps[i] = 022.9
send to sockets interactions loop
dataStrings[simID] = epGetStartCooling@22.9,epGetStartHeating@18.9,
Send sendControls interaction: 22.9 to socket #0
timestep after sending Socket... should advance after this: 2.0
timestep before receiving Socket/Reader: 3.0
09:11:37.712 [org.webgme.guest.controller.Controller.main()] INFO  org.webgme.guest.controller.Controller - timestep before receiving Socket/Reader: 
09:11:37.718 [org.webgme.guest.controller.Controller.main()] INFO  org.webgme.guest.controller.Controller - waiting to receive Socket_Controller interaction...
09:11:37.827 [org.webgme.guest.controller.Controller.main()] INFO  org.webgme.guest.controller.Controller - waiting to receive Socket_Controller interaction...
09:11:37.828 [org.webgme.guest.controller.Controller.main()] INFO  org.webgme.guest.controller.Controller - received RCModel_Controller interaction
numVars[simID] = 0
holder[simID] = epSendNetEnergy@464966.187500,epSendZoneMeanAirTemp@20.000034,epSendOutdoorAirTemp@2.625000,epSendZoneHumidity@28.940521,epSendEnergyPurchased@464966.187500,epSendEnergySurplus@0.000000,epSendSolarRadiation@0.000000,epSendHeatingSetpoint@20.000000,epSendCoolingSetpoint@28.000000,timestep@3.0,
handle interaction loop
vars[0] = epSendNetEnergy@464966.187500
length of vars = 10
j = 0
token = epSendNetEnergy@464966.187500
token1[0] = epSendNetEnergy
token1[1] = 464966.187500
varNames[j] = epSendNetEnergy
doubles[j] = 464966.187500
j = 1
token = epSendZoneMeanAirTemp@20.000034
token1[0] = epSendZoneMeanAirTemp
token1[1] = 20.000034
varNames[j] = epSendZoneMeanAirTemp
doubles[j] = 20.000034
j = 2
token = epSendOutdoorAirTemp@2.625000
token1[0] = epSendOutdoorAirTemp
token1[1] = 2.625000
varNames[j] = epSendOutdoorAirTemp
doubles[j] = 2.625000
j = 3
token = epSendZoneHumidity@28.940521
token1[0] = epSendZoneHumidity
token1[1] = 28.940521
varNames[j] = epSendZoneHumidity
doubles[j] = 28.940521
j = 4
token = epSendEnergyPurchased@464966.187500
token1[0] = epSendEnergyPurchased
token1[1] = 464966.187500
varNames[j] = epSendEnergyPurchased
doubles[j] = 464966.187500
j = 5
token = epSendEnergySurplus@0.000000
token1[0] = epSendEnergySurplus
token1[1] = 0.000000
varNames[j] = epSendEnergySurplus
doubles[j] = 0.000000
j = 6
token = epSendSolarRadiation@0.000000
token1[0] = epSendSolarRadiation
token1[1] = 0.000000
varNames[j] = epSendSolarRadiation
doubles[j] = 0.000000
j = 7
token = epSendHeatingSetpoint@20.000000
token1[0] = epSendHeatingSetpoint
token1[1] = 20.000000
varNames[j] = epSendHeatingSetpoint
doubles[j] = 20.000000
j = 8
token = epSendCoolingSetpoint@28.000000
token1[0] = epSendCoolingSetpoint
token1[1] = 28.000000
varNames[j] = epSendCoolingSetpoint
doubles[j] = 28.000000
j = 9
token = timestep@3.0
token1[0] = timestep
token1[1] = 3.0
varNames[j] = timestep
doubles[j] = 3.0
i = 0
i = 1
i = 2
i = 3
i = 4
i = 5
i = 6
i = 7
i = 8
i = 9
timestep after receiving Socket/Reader and before sending to Market: 3.0
09:11:37.848 [org.webgme.guest.controller.Controller.main()] INFO  org.webgme.guest.controller.Controller - hour is: 
hour is:0.25
determine setpoints loop
outTemps[i] = 2.625
zoneTemps[i] = 20.000034
heatTemps[i] = 018.9
coolTemps[i] = 022.9
send to sockets interactions loop
dataStrings[simID] = epGetStartCooling@22.9,epGetStartHeating@18.9,
Send sendControls interaction: 22.9 to socket #0
timestep after sending Socket... should advance after this: 3.0
timestep before receiving Socket/Reader: 4.0
09:11:38.707 [org.webgme.guest.controller.Controller.main()] INFO  org.webgme.guest.controller.Controller - timestep before receiving Socket/Reader: 
09:11:38.710 [org.webgme.guest.controller.Controller.main()] INFO  org.webgme.guest.controller.Controller - waiting to receive Socket_Controller interaction...
09:11:38.819 [org.webgme.guest.controller.Controller.main()] INFO  org.webgme.guest.controller.Controller - waiting to receive Socket_Controller interaction...
09:11:38.819 [org.webgme.guest.controller.Controller.main()] INFO  org.webgme.guest.controller.Controller - received RCModel_Controller interaction
numVars[simID] = 0
holder[simID] = epSendNetEnergy@466516.781250,epSendZoneMeanAirTemp@20.000046,epSendOutdoorAirTemp@2.766667,epSendZoneHumidity@28.963278,epSendEnergyPurchased@466516.781250,epSendEnergySurplus@0.000000,epSendSolarRadiation@0.000000,epSendHeatingSetpoint@20.000000,epSendCoolingSetpoint@28.000000,timestep@4.0,
handle interaction loop
vars[0] = epSendNetEnergy@466516.781250
length of vars = 10
j = 0
token = epSendNetEnergy@466516.781250
token1[0] = epSendNetEnergy
token1[1] = 466516.781250
varNames[j] = epSendNetEnergy
doubles[j] = 466516.781250
j = 1
token = epSendZoneMeanAirTemp@20.000046
token1[0] = epSendZoneMeanAirTemp
token1[1] = 20.000046
varNames[j] = epSendZoneMeanAirTemp
doubles[j] = 20.000046
j = 2
token = epSendOutdoorAirTemp@2.766667
token1[0] = epSendOutdoorAirTemp
token1[1] = 2.766667
varNames[j] = epSendOutdoorAirTemp
doubles[j] = 2.766667
j = 3
token = epSendZoneHumidity@28.963278
token1[0] = epSendZoneHumidity
token1[1] = 28.963278
varNames[j] = epSendZoneHumidity
doubles[j] = 28.963278
j = 4
token = epSendEnergyPurchased@466516.781250
token1[0] = epSendEnergyPurchased
token1[1] = 466516.781250
varNames[j] = epSendEnergyPurchased
doubles[j] = 466516.781250
j = 5
token = epSendEnergySurplus@0.000000
token1[0] = epSendEnergySurplus
token1[1] = 0.000000
varNames[j] = epSendEnergySurplus
doubles[j] = 0.000000
j = 6
token = epSendSolarRadiation@0.000000
token1[0] = epSendSolarRadiation
token1[1] = 0.000000
varNames[j] = epSendSolarRadiation
doubles[j] = 0.000000
j = 7
token = epSendHeatingSetpoint@20.000000
token1[0] = epSendHeatingSetpoint
token1[1] = 20.000000
varNames[j] = epSendHeatingSetpoint
doubles[j] = 20.000000
j = 8
token = epSendCoolingSetpoint@28.000000
token1[0] = epSendCoolingSetpoint
token1[1] = 28.000000
varNames[j] = epSendCoolingSetpoint
doubles[j] = 28.000000
j = 9
token = timestep@4.0
token1[0] = timestep
token1[1] = 4.0
varNames[j] = timestep
doubles[j] = 4.0
i = 0
i = 1
i = 2
i = 3
i = 4
i = 5
i = 6
i = 7
i = 8
i = 9
timestep after receiving Socket/Reader and before sending to Market: 4.0
09:11:38.829 [org.webgme.guest.controller.Controller.main()] INFO  org.webgme.guest.controller.Controller - hour is: 
hour is:0.3333333333333333
determine setpoints loop
outTemps[i] = 2.766667
zoneTemps[i] = 20.000046
heatTemps[i] = 018.9
coolTemps[i] = 022.9
send to sockets interactions loop
dataStrings[simID] = epGetStartCooling@22.9,epGetStartHeating@18.9,
Send sendControls interaction: 22.9 to socket #0
timestep after sending Socket... should advance after this: 4.0
timestep before receiving Socket/Reader: 5.0
09:11:39.717 [org.webgme.guest.controller.Controller.main()] INFO  org.webgme.guest.controller.Controller - timestep before receiving Socket/Reader: 
09:11:39.718 [org.webgme.guest.controller.Controller.main()] INFO  org.webgme.guest.controller.Controller - waiting to receive Socket_Controller interaction...
09:11:39.825 [org.webgme.guest.controller.Controller.main()] INFO  org.webgme.guest.controller.Controller - waiting to receive Socket_Controller interaction...
09:11:39.826 [org.webgme.guest.controller.Controller.main()] INFO  org.webgme.guest.controller.Controller - received RCModel_Controller interaction
numVars[simID] = 0
holder[simID] = epSendNetEnergy@468031.468750,epSendZoneMeanAirTemp@20.000057,epSendOutdoorAirTemp@2.908333,epSendZoneHumidity@28.997002,epSendEnergyPurchased@468031.468750,epSendEnergySurplus@0.000000,epSendSolarRadiation@0.000000,epSendHeatingSetpoint@20.000000,epSendCoolingSetpoint@28.000000,timestep@5.0,
handle interaction loop
vars[0] = epSendNetEnergy@468031.468750
length of vars = 10
j = 0
token = epSendNetEnergy@468031.468750
token1[0] = epSendNetEnergy
token1[1] = 468031.468750
varNames[j] = epSendNetEnergy
doubles[j] = 468031.468750
j = 1
token = epSendZoneMeanAirTemp@20.000057
token1[0] = epSendZoneMeanAirTemp
token1[1] = 20.000057
varNames[j] = epSendZoneMeanAirTemp
doubles[j] = 20.000057
j = 2
token = epSendOutdoorAirTemp@2.908333
token1[0] = epSendOutdoorAirTemp
token1[1] = 2.908333
varNames[j] = epSendOutdoorAirTemp
doubles[j] = 2.908333
j = 3
token = epSendZoneHumidity@28.997002
token1[0] = epSendZoneHumidity
token1[1] = 28.997002
varNames[j] = epSendZoneHumidity
doubles[j] = 28.997002
j = 4
token = epSendEnergyPurchased@468031.468750
token1[0] = epSendEnergyPurchased
token1[1] = 468031.468750
varNames[j] = epSendEnergyPurchased
doubles[j] = 468031.468750
j = 5
token = epSendEnergySurplus@0.000000
token1[0] = epSendEnergySurplus
token1[1] = 0.000000
varNames[j] = epSendEnergySurplus
doubles[j] = 0.000000
j = 6
token = epSendSolarRadiation@0.000000
token1[0] = epSendSolarRadiation
token1[1] = 0.000000
varNames[j] = epSendSolarRadiation
doubles[j] = 0.000000
j = 7
token = epSendHeatingSetpoint@20.000000
token1[0] = epSendHeatingSetpoint
token1[1] = 20.000000
varNames[j] = epSendHeatingSetpoint
doubles[j] = 20.000000
j = 8
token = epSendCoolingSetpoint@28.000000
token1[0] = epSendCoolingSetpoint
token1[1] = 28.000000
varNames[j] = epSendCoolingSetpoint
doubles[j] = 28.000000
j = 9
token = timestep@5.0
token1[0] = timestep
token1[1] = 5.0
varNames[j] = timestep
doubles[j] = 5.0
i = 0
i = 1
i = 2
i = 3
i = 4
i = 5
i = 6
i = 7
i = 8
i = 9
timestep after receiving Socket/Reader and before sending to Market: 5.0
09:11:39.826 [org.webgme.guest.controller.Controller.main()] INFO  org.webgme.guest.controller.Controller - hour is: 
hour is:0.4166666666666667
determine setpoints loop
outTemps[i] = 2.908333
zoneTemps[i] = 20.000057
heatTemps[i] = 018.9
coolTemps[i] = 022.9
send to sockets interactions loop
dataStrings[simID] = epGetStartCooling@22.9,epGetStartHeating@18.9,
Send sendControls interaction: 22.9 to socket #0
timestep after sending Socket... should advance after this: 5.0
timestep before receiving Socket/Reader: 6.0
09:11:40.717 [org.webgme.guest.controller.Controller.main()] INFO  org.webgme.guest.controller.Controller - timestep before receiving Socket/Reader: 
09:11:40.718 [org.webgme.guest.controller.Controller.main()] INFO  org.webgme.guest.controller.Controller - waiting to receive Socket_Controller interaction...
09:11:40.825 [org.webgme.guest.controller.Controller.main()] INFO  org.webgme.guest.controller.Controller - waiting to receive Socket_Controller interaction...
09:11:40.826 [org.webgme.guest.controller.Controller.main()] INFO  org.webgme.guest.controller.Controller - received RCModel_Controller interaction
numVars[simID] = 0
holder[simID] = epSendNetEnergy@469535.625000,epSendZoneMeanAirTemp@20.000069,epSendOutdoorAirTemp@3.050000,epSendZoneHumidity@29.041349,epSendEnergyPurchased@469535.625000,epSendEnergySurplus@0.000000,epSendSolarRadiation@0.000000,epSendHeatingSetpoint@20.000000,epSendCoolingSetpoint@28.000000,timestep@6.0,
handle interaction loop
vars[0] = epSendNetEnergy@469535.625000
length of vars = 10
j = 0
token = epSendNetEnergy@469535.625000
token1[0] = epSendNetEnergy
token1[1] = 469535.625000
varNames[j] = epSendNetEnergy
doubles[j] = 469535.625000
j = 1
token = epSendZoneMeanAirTemp@20.000069
token1[0] = epSendZoneMeanAirTemp
token1[1] = 20.000069
varNames[j] = epSendZoneMeanAirTemp
doubles[j] = 20.000069
j = 2
token = epSendOutdoorAirTemp@3.050000
token1[0] = epSendOutdoorAirTemp
token1[1] = 3.050000
varNames[j] = epSendOutdoorAirTemp
doubles[j] = 3.050000
j = 3
token = epSendZoneHumidity@29.041349
token1[0] = epSendZoneHumidity
token1[1] = 29.041349
varNames[j] = epSendZoneHumidity
doubles[j] = 29.041349
j = 4
token = epSendEnergyPurchased@469535.625000
token1[0] = epSendEnergyPurchased
token1[1] = 469535.625000
varNames[j] = epSendEnergyPurchased
doubles[j] = 469535.625000
j = 5
token = epSendEnergySurplus@0.000000
token1[0] = epSendEnergySurplus
token1[1] = 0.000000
varNames[j] = epSendEnergySurplus
doubles[j] = 0.000000
j = 6
token = epSendSolarRadiation@0.000000
token1[0] = epSendSolarRadiation
token1[1] = 0.000000
varNames[j] = epSendSolarRadiation
doubles[j] = 0.000000
j = 7
token = epSendHeatingSetpoint@20.000000
token1[0] = epSendHeatingSetpoint
token1[1] = 20.000000
varNames[j] = epSendHeatingSetpoint
doubles[j] = 20.000000
j = 8
token = epSendCoolingSetpoint@28.000000
token1[0] = epSendCoolingSetpoint
token1[1] = 28.000000
varNames[j] = epSendCoolingSetpoint
doubles[j] = 28.000000
j = 9
token = timestep@6.0
token1[0] = timestep
token1[1] = 6.0
varNames[j] = timestep
doubles[j] = 6.0
i = 0
i = 1
i = 2
i = 3
i = 4
i = 5
i = 6
i = 7
i = 8
i = 9
timestep after receiving Socket/Reader and before sending to Market: 6.0
09:11:40.830 [org.webgme.guest.controller.Controller.main()] INFO  org.webgme.guest.controller.Controller - hour is: 
hour is:0.5
determine setpoints loop
outTemps[i] = 3.05
zoneTemps[i] = 20.000069
heatTemps[i] = 018.9
coolTemps[i] = 022.9
send to sockets interactions loop
dataStrings[simID] = epGetStartCooling@22.9,epGetStartHeating@18.9,
Send sendControls interaction: 22.9 to socket #0
timestep after sending Socket... should advance after this: 6.0
timestep before receiving Socket/Reader: 7.0
09:11:41.718 [org.webgme.guest.controller.Controller.main()] INFO  org.webgme.guest.controller.Controller - timestep before receiving Socket/Reader: 
09:11:41.718 [org.webgme.guest.controller.Controller.main()] INFO  org.webgme.guest.controller.Controller - waiting to receive Socket_Controller interaction...
09:11:41.826 [org.webgme.guest.controller.Controller.main()] INFO  org.webgme.guest.controller.Controller - waiting to receive Socket_Controller interaction...
09:11:41.830 [org.webgme.guest.controller.Controller.main()] INFO  org.webgme.guest.controller.Controller - received RCModel_Controller interaction
numVars[simID] = 0
holder[simID] = epSendNetEnergy@471009.593750,epSendZoneMeanAirTemp@20.000082,epSendOutdoorAirTemp@3.191667,epSendZoneHumidity@29.096088,epSendEnergyPurchased@471009.593750,epSendEnergySurplus@0.000000,epSendSolarRadiation@0.000000,epSendHeatingSetpoint@20.000000,epSendCoolingSetpoint@28.000000,timestep@7.0,
handle interaction loop
vars[0] = epSendNetEnergy@471009.593750
length of vars = 10
j = 0
token = epSendNetEnergy@471009.593750
token1[0] = epSendNetEnergy
token1[1] = 471009.593750
varNames[j] = epSendNetEnergy
doubles[j] = 471009.593750
j = 1
token = epSendZoneMeanAirTemp@20.000082
token1[0] = epSendZoneMeanAirTemp
token1[1] = 20.000082
varNames[j] = epSendZoneMeanAirTemp
doubles[j] = 20.000082
j = 2
token = epSendOutdoorAirTemp@3.191667
token1[0] = epSendOutdoorAirTemp
token1[1] = 3.191667
varNames[j] = epSendOutdoorAirTemp
doubles[j] = 3.191667
j = 3
token = epSendZoneHumidity@29.096088
token1[0] = epSendZoneHumidity
token1[1] = 29.096088
varNames[j] = epSendZoneHumidity
doubles[j] = 29.096088
j = 4
token = epSendEnergyPurchased@471009.593750
token1[0] = epSendEnergyPurchased
token1[1] = 471009.593750
varNames[j] = epSendEnergyPurchased
doubles[j] = 471009.593750
j = 5
token = epSendEnergySurplus@0.000000
token1[0] = epSendEnergySurplus
token1[1] = 0.000000
varNames[j] = epSendEnergySurplus
doubles[j] = 0.000000
j = 6
token = epSendSolarRadiation@0.000000
token1[0] = epSendSolarRadiation
token1[1] = 0.000000
varNames[j] = epSendSolarRadiation
doubles[j] = 0.000000
j = 7
token = epSendHeatingSetpoint@20.000000
token1[0] = epSendHeatingSetpoint
token1[1] = 20.000000
varNames[j] = epSendHeatingSetpoint
doubles[j] = 20.000000
j = 8
token = epSendCoolingSetpoint@28.000000
token1[0] = epSendCoolingSetpoint
token1[1] = 28.000000
varNames[j] = epSendCoolingSetpoint
doubles[j] = 28.000000
j = 9
token = timestep@7.0
token1[0] = timestep
token1[1] = 7.0
varNames[j] = timestep
doubles[j] = 7.0
i = 0
i = 1
i = 2
i = 3
i = 4
i = 5
i = 6
i = 7
i = 8
i = 9
timestep after receiving Socket/Reader and before sending to Market: 7.0
09:11:41.841 [org.webgme.guest.controller.Controller.main()] INFO  org.webgme.guest.controller.Controller - hour is: 
hour is:0.5833333333333334
determine setpoints loop
outTemps[i] = 3.191667
zoneTemps[i] = 20.000082
heatTemps[i] = 018.9
coolTemps[i] = 022.9
send to sockets interactions loop
dataStrings[simID] = epGetStartCooling@22.9,epGetStartHeating@18.9,
Send sendControls interaction: 22.9 to socket #0
timestep after sending Socket... should advance after this: 7.0
timestep before receiving Socket/Reader: 8.0
09:11:42.721 [org.webgme.guest.controller.Controller.main()] INFO  org.webgme.guest.controller.Controller - timestep before receiving Socket/Reader: 
09:11:42.723 [org.webgme.guest.controller.Controller.main()] INFO  org.webgme.guest.controller.Controller - waiting to receive Socket_Controller interaction...
09:11:42.831 [org.webgme.guest.controller.Controller.main()] INFO  org.webgme.guest.controller.Controller - waiting to receive Socket_Controller interaction...
09:11:42.834 [org.webgme.guest.controller.Controller.main()] INFO  org.webgme.guest.controller.Controller - received RCModel_Controller interaction
numVars[simID] = 0
holder[simID] = epSendNetEnergy@472447.812500,epSendZoneMeanAirTemp@20.000093,epSendOutdoorAirTemp@3.333333,epSendZoneHumidity@29.161047,epSendEnergyPurchased@472447.812500,epSendEnergySurplus@0.000000,epSendSolarRadiation@0.000000,epSendHeatingSetpoint@20.000000,epSendCoolingSetpoint@28.000000,timestep@8.0,
handle interaction loop
vars[0] = epSendNetEnergy@472447.812500
length of vars = 10
j = 0
token = epSendNetEnergy@472447.812500
token1[0] = epSendNetEnergy
token1[1] = 472447.812500
varNames[j] = epSendNetEnergy
doubles[j] = 472447.812500
j = 1
token = epSendZoneMeanAirTemp@20.000093
token1[0] = epSendZoneMeanAirTemp
token1[1] = 20.000093
varNames[j] = epSendZoneMeanAirTemp
doubles[j] = 20.000093
j = 2
token = epSendOutdoorAirTemp@3.333333
token1[0] = epSendOutdoorAirTemp
token1[1] = 3.333333
varNames[j] = epSendOutdoorAirTemp
doubles[j] = 3.333333
j = 3
token = epSendZoneHumidity@29.161047
token1[0] = epSendZoneHumidity
token1[1] = 29.161047
varNames[j] = epSendZoneHumidity
doubles[j] = 29.161047
j = 4
token = epSendEnergyPurchased@472447.812500
token1[0] = epSendEnergyPurchased
token1[1] = 472447.812500
varNames[j] = epSendEnergyPurchased
doubles[j] = 472447.812500
j = 5
token = epSendEnergySurplus@0.000000
token1[0] = epSendEnergySurplus
token1[1] = 0.000000
varNames[j] = epSendEnergySurplus
doubles[j] = 0.000000
j = 6
token = epSendSolarRadiation@0.000000
token1[0] = epSendSolarRadiation
token1[1] = 0.000000
varNames[j] = epSendSolarRadiation
doubles[j] = 0.000000
j = 7
token = epSendHeatingSetpoint@20.000000
token1[0] = epSendHeatingSetpoint
token1[1] = 20.000000
varNames[j] = epSendHeatingSetpoint
doubles[j] = 20.000000
j = 8
token = epSendCoolingSetpoint@28.000000
token1[0] = epSendCoolingSetpoint
token1[1] = 28.000000
varNames[j] = epSendCoolingSetpoint
doubles[j] = 28.000000
j = 9
token = timestep@8.0
token1[0] = timestep
token1[1] = 8.0
varNames[j] = timestep
doubles[j] = 8.0
i = 0
i = 1
i = 2
i = 3
i = 4
i = 5
i = 6
i = 7
i = 8
i = 9
timestep after receiving Socket/Reader and before sending to Market: 8.0
09:11:42.839 [org.webgme.guest.controller.Controller.main()] INFO  org.webgme.guest.controller.Controller - hour is: 
hour is:0.6666666666666666
determine setpoints loop
outTemps[i] = 3.333333
zoneTemps[i] = 20.000093
heatTemps[i] = 018.9
coolTemps[i] = 022.9
send to sockets interactions loop
dataStrings[simID] = epGetStartCooling@22.9,epGetStartHeating@18.9,
Send sendControls interaction: 22.9 to socket #0
timestep after sending Socket... should advance after this: 8.0
timestep before receiving Socket/Reader: 9.0
09:11:43.722 [org.webgme.guest.controller.Controller.main()] INFO  org.webgme.guest.controller.Controller - timestep before receiving Socket/Reader: 
09:11:43.724 [org.webgme.guest.controller.Controller.main()] INFO  org.webgme.guest.controller.Controller - waiting to receive Socket_Controller interaction...
09:11:43.832 [org.webgme.guest.controller.Controller.main()] INFO  org.webgme.guest.controller.Controller - waiting to receive Socket_Controller interaction...
09:11:43.833 [org.webgme.guest.controller.Controller.main()] INFO  org.webgme.guest.controller.Controller - received RCModel_Controller interaction
numVars[simID] = 0
holder[simID] = epSendNetEnergy@473857.531250,epSendZoneMeanAirTemp@20.000109,epSendOutdoorAirTemp@3.475000,epSendZoneHumidity@29.236071,epSendEnergyPurchased@473857.531250,epSendEnergySurplus@0.000000,epSendSolarRadiation@0.000000,epSendHeatingSetpoint@20.000000,epSendCoolingSetpoint@28.000000,timestep@9.0,
handle interaction loop
vars[0] = epSendNetEnergy@473857.531250
length of vars = 10
j = 0
token = epSendNetEnergy@473857.531250
token1[0] = epSendNetEnergy
token1[1] = 473857.531250
varNames[j] = epSendNetEnergy
doubles[j] = 473857.531250
j = 1
token = epSendZoneMeanAirTemp@20.000109
token1[0] = epSendZoneMeanAirTemp
token1[1] = 20.000109
varNames[j] = epSendZoneMeanAirTemp
doubles[j] = 20.000109
j = 2
token = epSendOutdoorAirTemp@3.475000
token1[0] = epSendOutdoorAirTemp
token1[1] = 3.475000
varNames[j] = epSendOutdoorAirTemp
doubles[j] = 3.475000
j = 3
token = epSendZoneHumidity@29.236071
token1[0] = epSendZoneHumidity
token1[1] = 29.236071
varNames[j] = epSendZoneHumidity
doubles[j] = 29.236071
j = 4
token = epSendEnergyPurchased@473857.531250
token1[0] = epSendEnergyPurchased
token1[1] = 473857.531250
varNames[j] = epSendEnergyPurchased
doubles[j] = 473857.531250
j = 5
token = epSendEnergySurplus@0.000000
token1[0] = epSendEnergySurplus
token1[1] = 0.000000
varNames[j] = epSendEnergySurplus
doubles[j] = 0.000000
j = 6
token = epSendSolarRadiation@0.000000
token1[0] = epSendSolarRadiation
token1[1] = 0.000000
varNames[j] = epSendSolarRadiation
doubles[j] = 0.000000
j = 7
token = epSendHeatingSetpoint@20.000000
token1[0] = epSendHeatingSetpoint
token1[1] = 20.000000
varNames[j] = epSendHeatingSetpoint
doubles[j] = 20.000000
j = 8
token = epSendCoolingSetpoint@28.000000
token1[0] = epSendCoolingSetpoint
token1[1] = 28.000000
varNames[j] = epSendCoolingSetpoint
doubles[j] = 28.000000
j = 9
token = timestep@9.0
token1[0] = timestep
token1[1] = 9.0
varNames[j] = timestep
doubles[j] = 9.0
i = 0
i = 1
i = 2
i = 3
i = 4
i = 5
i = 6
i = 7
i = 8
i = 9
timestep after receiving Socket/Reader and before sending to Market: 9.0
09:11:43.838 [org.webgme.guest.controller.Controller.main()] INFO  org.webgme.guest.controller.Controller - hour is: 
hour is:0.75
determine setpoints loop
outTemps[i] = 3.475
zoneTemps[i] = 20.000109
heatTemps[i] = 018.9
coolTemps[i] = 022.9
send to sockets interactions loop
dataStrings[simID] = epGetStartCooling@22.9,epGetStartHeating@18.9,
Send sendControls interaction: 22.9 to socket #0
timestep after sending Socket... should advance after this: 9.0
timestep before receiving Socket/Reader: 10.0
09:11:44.747 [org.webgme.guest.controller.Controller.main()] INFO  org.webgme.guest.controller.Controller - timestep before receiving Socket/Reader: 
09:11:44.748 [org.webgme.guest.controller.Controller.main()] INFO  org.webgme.guest.controller.Controller - waiting to receive Socket_Controller interaction...
09:11:44.854 [org.webgme.guest.controller.Controller.main()] INFO  org.webgme.guest.controller.Controller - waiting to receive Socket_Controller interaction...
09:11:44.856 [org.webgme.guest.controller.Controller.main()] INFO  org.webgme.guest.controller.Controller - received RCModel_Controller interaction
numVars[simID] = 0
holder[simID] = epSendNetEnergy@475242.781250,epSendZoneMeanAirTemp@20.000122,epSendOutdoorAirTemp@3.616667,epSendZoneHumidity@29.321014,epSendEnergyPurchased@475242.781250,epSendEnergySurplus@0.000000,epSendSolarRadiation@0.000000,epSendHeatingSetpoint@20.000000,epSendCoolingSetpoint@28.000000,timestep@10.0,
handle interaction loop
vars[0] = epSendNetEnergy@475242.781250
length of vars = 10
j = 0
token = epSendNetEnergy@475242.781250
token1[0] = epSendNetEnergy
token1[1] = 475242.781250
varNames[j] = epSendNetEnergy
doubles[j] = 475242.781250
j = 1
token = epSendZoneMeanAirTemp@20.000122
token1[0] = epSendZoneMeanAirTemp
token1[1] = 20.000122
varNames[j] = epSendZoneMeanAirTemp
doubles[j] = 20.000122
j = 2
token = epSendOutdoorAirTemp@3.616667
token1[0] = epSendOutdoorAirTemp
token1[1] = 3.616667
varNames[j] = epSendOutdoorAirTemp
doubles[j] = 3.616667
j = 3
token = epSendZoneHumidity@29.321014
token1[0] = epSendZoneHumidity
token1[1] = 29.321014
varNames[j] = epSendZoneHumidity
doubles[j] = 29.321014
j = 4
token = epSendEnergyPurchased@475242.781250
token1[0] = epSendEnergyPurchased
token1[1] = 475242.781250
varNames[j] = epSendEnergyPurchased
doubles[j] = 475242.781250
j = 5
token = epSendEnergySurplus@0.000000
token1[0] = epSendEnergySurplus
token1[1] = 0.000000
varNames[j] = epSendEnergySurplus
doubles[j] = 0.000000
j = 6
token = epSendSolarRadiation@0.000000
token1[0] = epSendSolarRadiation
token1[1] = 0.000000
varNames[j] = epSendSolarRadiation
doubles[j] = 0.000000
j = 7
token = epSendHeatingSetpoint@20.000000
token1[0] = epSendHeatingSetpoint
token1[1] = 20.000000
varNames[j] = epSendHeatingSetpoint
doubles[j] = 20.000000
j = 8
token = epSendCoolingSetpoint@28.000000
token1[0] = epSendCoolingSetpoint
token1[1] = 28.000000
varNames[j] = epSendCoolingSetpoint
doubles[j] = 28.000000
j = 9
token = timestep@10.0
token1[0] = timestep
token1[1] = 10.0
varNames[j] = timestep
doubles[j] = 10.0
i = 0
i = 1
i = 2
i = 3
i = 4
i = 5
i = 6
i = 7
i = 8
i = 9
timestep after receiving Socket/Reader and before sending to Market: 10.0
09:11:44.874 [org.webgme.guest.controller.Controller.main()] INFO  org.webgme.guest.controller.Controller - hour is: 
hour is:0.8333333333333334
determine setpoints loop
outTemps[i] = 3.616667
zoneTemps[i] = 20.000122
heatTemps[i] = 018.9
coolTemps[i] = 022.9
send to sockets interactions loop
dataStrings[simID] = epGetStartCooling@22.9,epGetStartHeating@18.9,
Send sendControls interaction: 22.9 to socket #0
timestep after sending Socket... should advance after this: 10.0
timestep before receiving Socket/Reader: 11.0
09:11:45.739 [org.webgme.guest.controller.Controller.main()] INFO  org.webgme.guest.controller.Controller - timestep before receiving Socket/Reader: 
09:11:45.740 [org.webgme.guest.controller.Controller.main()] INFO  org.webgme.guest.controller.Controller - waiting to receive Socket_Controller interaction...
09:11:45.846 [org.webgme.guest.controller.Controller.main()] INFO  org.webgme.guest.controller.Controller - waiting to receive Socket_Controller interaction...
09:11:45.848 [org.webgme.guest.controller.Controller.main()] INFO  org.webgme.guest.controller.Controller - received RCModel_Controller interaction
numVars[simID] = 0
holder[simID] = epSendNetEnergy@476606.843750,epSendZoneMeanAirTemp@20.000137,epSendOutdoorAirTemp@3.758333,epSendZoneHumidity@29.415743,epSendEnergyPurchased@476606.843750,epSendEnergySurplus@0.000000,epSendSolarRadiation@0.000000,epSendHeatingSetpoint@20.000000,epSendCoolingSetpoint@28.000000,timestep@11.0,
handle interaction loop
vars[0] = epSendNetEnergy@476606.843750
length of vars = 10
j = 0
token = epSendNetEnergy@476606.843750
token1[0] = epSendNetEnergy
token1[1] = 476606.843750
varNames[j] = epSendNetEnergy
doubles[j] = 476606.843750
j = 1
token = epSendZoneMeanAirTemp@20.000137
token1[0] = epSendZoneMeanAirTemp
token1[1] = 20.000137
varNames[j] = epSendZoneMeanAirTemp
doubles[j] = 20.000137
j = 2
token = epSendOutdoorAirTemp@3.758333
token1[0] = epSendOutdoorAirTemp
token1[1] = 3.758333
varNames[j] = epSendOutdoorAirTemp
doubles[j] = 3.758333
j = 3
token = epSendZoneHumidity@29.415743
token1[0] = epSendZoneHumidity
token1[1] = 29.415743
varNames[j] = epSendZoneHumidity
doubles[j] = 29.415743
j = 4
token = epSendEnergyPurchased@476606.843750
token1[0] = epSendEnergyPurchased
token1[1] = 476606.843750
varNames[j] = epSendEnergyPurchased
doubles[j] = 476606.843750
j = 5
token = epSendEnergySurplus@0.000000
token1[0] = epSendEnergySurplus
token1[1] = 0.000000
varNames[j] = epSendEnergySurplus
doubles[j] = 0.000000
j = 6
token = epSendSolarRadiation@0.000000
token1[0] = epSendSolarRadiation
token1[1] = 0.000000
varNames[j] = epSendSolarRadiation
doubles[j] = 0.000000
j = 7
token = epSendHeatingSetpoint@20.000000
token1[0] = epSendHeatingSetpoint
token1[1] = 20.000000
varNames[j] = epSendHeatingSetpoint
doubles[j] = 20.000000
j = 8
token = epSendCoolingSetpoint@28.000000
token1[0] = epSendCoolingSetpoint
token1[1] = 28.000000
varNames[j] = epSendCoolingSetpoint
doubles[j] = 28.000000
j = 9
token = timestep@11.0
token1[0] = timestep
token1[1] = 11.0
varNames[j] = timestep
doubles[j] = 11.0
i = 0
i = 1
i = 2
i = 3
i = 4
i = 5
i = 6
i = 7
i = 8
i = 9
timestep after receiving Socket/Reader and before sending to Market: 11.0
09:11:45.854 [org.webgme.guest.controller.Controller.main()] INFO  org.webgme.guest.controller.Controller - hour is: 
hour is:0.9166666666666666
determine setpoints loop
outTemps[i] = 3.758333
zoneTemps[i] = 20.000137
heatTemps[i] = 018.9
coolTemps[i] = 022.9
send to sockets interactions loop
dataStrings[simID] = epGetStartCooling@22.9,epGetStartHeating@18.9,
Send sendControls interaction: 22.9 to socket #0
timestep after sending Socket... should advance after this: 11.0
timestep before receiving Socket/Reader: 12.0
09:11:46.733 [org.webgme.guest.controller.Controller.main()] INFO  org.webgme.guest.controller.Controller - timestep before receiving Socket/Reader: 
09:11:46.735 [org.webgme.guest.controller.Controller.main()] INFO  org.webgme.guest.controller.Controller - waiting to receive Socket_Controller interaction...
09:11:46.844 [org.webgme.guest.controller.Controller.main()] INFO  org.webgme.guest.controller.Controller - waiting to receive Socket_Controller interaction...
09:11:46.844 [org.webgme.guest.controller.Controller.main()] INFO  org.webgme.guest.controller.Controller - received RCModel_Controller interaction
numVars[simID] = 0
holder[simID] = epSendNetEnergy@477949.656250,epSendZoneMeanAirTemp@20.000154,epSendOutdoorAirTemp@3.900000,epSendZoneHumidity@29.520124,epSendEnergyPurchased@477949.656250,epSendEnergySurplus@0.000000,epSendSolarRadiation@0.000000,epSendHeatingSetpoint@20.000000,epSendCoolingSetpoint@28.000000,timestep@12.0,
handle interaction loop
vars[0] = epSendNetEnergy@477949.656250
length of vars = 10
j = 0
token = epSendNetEnergy@477949.656250
token1[0] = epSendNetEnergy
token1[1] = 477949.656250
varNames[j] = epSendNetEnergy
doubles[j] = 477949.656250
j = 1
token = epSendZoneMeanAirTemp@20.000154
token1[0] = epSendZoneMeanAirTemp
token1[1] = 20.000154
varNames[j] = epSendZoneMeanAirTemp
doubles[j] = 20.000154
j = 2
token = epSendOutdoorAirTemp@3.900000
token1[0] = epSendOutdoorAirTemp
token1[1] = 3.900000
varNames[j] = epSendOutdoorAirTemp
doubles[j] = 3.900000
j = 3
token = epSendZoneHumidity@29.520124
token1[0] = epSendZoneHumidity
token1[1] = 29.520124
varNames[j] = epSendZoneHumidity
doubles[j] = 29.520124
j = 4
token = epSendEnergyPurchased@477949.656250
token1[0] = epSendEnergyPurchased
token1[1] = 477949.656250
varNames[j] = epSendEnergyPurchased
doubles[j] = 477949.656250
j = 5
token = epSendEnergySurplus@0.000000
token1[0] = epSendEnergySurplus
token1[1] = 0.000000
varNames[j] = epSendEnergySurplus
doubles[j] = 0.000000
j = 6
token = epSendSolarRadiation@0.000000
token1[0] = epSendSolarRadiation
token1[1] = 0.000000
varNames[j] = epSendSolarRadiation
doubles[j] = 0.000000
j = 7
token = epSendHeatingSetpoint@20.000000
token1[0] = epSendHeatingSetpoint
token1[1] = 20.000000
varNames[j] = epSendHeatingSetpoint
doubles[j] = 20.000000
j = 8
token = epSendCoolingSetpoint@28.000000
token1[0] = epSendCoolingSetpoint
token1[1] = 28.000000
varNames[j] = epSendCoolingSetpoint
doubles[j] = 28.000000
j = 9
token = timestep@12.0
token1[0] = timestep
token1[1] = 12.0
varNames[j] = timestep
doubles[j] = 12.0
i = 0
i = 1
i = 2
i = 3
i = 4
i = 5
i = 6
i = 7
i = 8
i = 9
timestep after receiving Socket/Reader and before sending to Market: 12.0
09:11:46.844 [org.webgme.guest.controller.Controller.main()] INFO  org.webgme.guest.controller.Controller - hour is: 
hour is:1.0
sblock:1
zonetemp stirng20.000154
Here is the result
java.lang.ArrayIndexOutOfBoundsException: 1
determine setpoints loop
outTemps[i] = 3.9
zoneTemps[i] = 20.000154
heatTemps[i] = 018.9
coolTemps[i] = 022.9
send to sockets interactions loop
dataStrings[simID] = epGetStartCooling@22.9,epGetStartHeating@18.9,
Send sendControls interaction: 22.9 to socket #0
timestep after sending Socket... should advance after this: 12.0
timestep before receiving Socket/Reader: 13.0
09:11:47.737 [org.webgme.guest.controller.Controller.main()] INFO  org.webgme.guest.controller.Controller - timestep before receiving Socket/Reader: 
09:11:47.739 [org.webgme.guest.controller.Controller.main()] INFO  org.webgme.guest.controller.Controller - waiting to receive Socket_Controller interaction...
09:11:47.848 [org.webgme.guest.controller.Controller.main()] INFO  org.webgme.guest.controller.Controller - waiting to receive Socket_Controller interaction...
09:11:47.850 [org.webgme.guest.controller.Controller.main()] INFO  org.webgme.guest.controller.Controller - received RCModel_Controller interaction
numVars[simID] = 0
holder[simID] = epSendNetEnergy@475872.281250,epSendZoneMeanAirTemp@20.000153,epSendOutdoorAirTemp@3.941667,epSendZoneHumidity@29.635565,epSendEnergyPurchased@475872.281250,epSendEnergySurplus@0.000000,epSendSolarRadiation@0.000000,epSendHeatingSetpoint@20.000000,epSendCoolingSetpoint@28.000000,timestep@13.0,
handle interaction loop
vars[0] = epSendNetEnergy@475872.281250
length of vars = 10
j = 0
token = epSendNetEnergy@475872.281250
token1[0] = epSendNetEnergy
token1[1] = 475872.281250
varNames[j] = epSendNetEnergy
doubles[j] = 475872.281250
j = 1
token = epSendZoneMeanAirTemp@20.000153
token1[0] = epSendZoneMeanAirTemp
token1[1] = 20.000153
varNames[j] = epSendZoneMeanAirTemp
doubles[j] = 20.000153
j = 2
token = epSendOutdoorAirTemp@3.941667
token1[0] = epSendOutdoorAirTemp
token1[1] = 3.941667
varNames[j] = epSendOutdoorAirTemp
doubles[j] = 3.941667
j = 3
token = epSendZoneHumidity@29.635565
token1[0] = epSendZoneHumidity
token1[1] = 29.635565
varNames[j] = epSendZoneHumidity
doubles[j] = 29.635565
j = 4
token = epSendEnergyPurchased@475872.281250
token1[0] = epSendEnergyPurchased
token1[1] = 475872.281250
varNames[j] = epSendEnergyPurchased
doubles[j] = 475872.281250
j = 5
token = epSendEnergySurplus@0.000000
token1[0] = epSendEnergySurplus
token1[1] = 0.000000
varNames[j] = epSendEnergySurplus
doubles[j] = 0.000000
j = 6
token = epSendSolarRadiation@0.000000
token1[0] = epSendSolarRadiation
token1[1] = 0.000000
varNames[j] = epSendSolarRadiation
doubles[j] = 0.000000
j = 7
token = epSendHeatingSetpoint@20.000000
token1[0] = epSendHeatingSetpoint
token1[1] = 20.000000
varNames[j] = epSendHeatingSetpoint
doubles[j] = 20.000000
j = 8
token = epSendCoolingSetpoint@28.000000
token1[0] = epSendCoolingSetpoint
token1[1] = 28.000000
varNames[j] = epSendCoolingSetpoint
doubles[j] = 28.000000
j = 9
token = timestep@13.0
token1[0] = timestep
token1[1] = 13.0
varNames[j] = timestep
doubles[j] = 13.0
i = 0
i = 1
i = 2
i = 3
i = 4
i = 5
i = 6
i = 7
i = 8
i = 9
timestep after receiving Socket/Reader and before sending to Market: 13.0
09:11:47.867 [org.webgme.guest.controller.Controller.main()] INFO  org.webgme.guest.controller.Controller - hour is: 
hour is:1.0833333333333333
determine setpoints loop
outTemps[i] = 3.941667
zoneTemps[i] = 20.000153
heatTemps[i] = 018.9
coolTemps[i] = 022.9
send to sockets interactions loop
dataStrings[simID] = epGetStartCooling@22.9,epGetStartHeating@18.9,
Send sendControls interaction: 22.9 to socket #0
timestep after sending Socket... should advance after this: 13.0
timestep before receiving Socket/Reader: 14.0
09:11:48.752 [org.webgme.guest.controller.Controller.main()] INFO  org.webgme.guest.controller.Controller - timestep before receiving Socket/Reader: 
09:11:48.753 [org.webgme.guest.controller.Controller.main()] INFO  org.webgme.guest.controller.Controller - waiting to receive Socket_Controller interaction...
09:11:48.860 [org.webgme.guest.controller.Controller.main()] INFO  org.webgme.guest.controller.Controller - waiting to receive Socket_Controller interaction...
09:11:48.862 [org.webgme.guest.controller.Controller.main()] INFO  org.webgme.guest.controller.Controller - received RCModel_Controller interaction
numVars[simID] = 0
holder[simID] = epSendNetEnergy@473756.437500,epSendZoneMeanAirTemp@20.000151,epSendOutdoorAirTemp@3.983333,epSendZoneHumidity@29.740074,epSendEnergyPurchased@473756.437500,epSendEnergySurplus@0.000000,epSendSolarRadiation@0.000000,epSendHeatingSetpoint@20.000000,epSendCoolingSetpoint@28.000000,timestep@14.0,
handle interaction loop
vars[0] = epSendNetEnergy@473756.437500
length of vars = 10
j = 0
token = epSendNetEnergy@473756.437500
token1[0] = epSendNetEnergy
token1[1] = 473756.437500
varNames[j] = epSendNetEnergy
doubles[j] = 473756.437500
j = 1
token = epSendZoneMeanAirTemp@20.000151
token1[0] = epSendZoneMeanAirTemp
token1[1] = 20.000151
varNames[j] = epSendZoneMeanAirTemp
doubles[j] = 20.000151
j = 2
token = epSendOutdoorAirTemp@3.983333
token1[0] = epSendOutdoorAirTemp
token1[1] = 3.983333
varNames[j] = epSendOutdoorAirTemp
doubles[j] = 3.983333
j = 3
token = epSendZoneHumidity@29.740074
token1[0] = epSendZoneHumidity
token1[1] = 29.740074
varNames[j] = epSendZoneHumidity
doubles[j] = 29.740074
j = 4
token = epSendEnergyPurchased@473756.437500
token1[0] = epSendEnergyPurchased
token1[1] = 473756.437500
varNames[j] = epSendEnergyPurchased
doubles[j] = 473756.437500
j = 5
token = epSendEnergySurplus@0.000000
token1[0] = epSendEnergySurplus
token1[1] = 0.000000
varNames[j] = epSendEnergySurplus
doubles[j] = 0.000000
j = 6
token = epSendSolarRadiation@0.000000
token1[0] = epSendSolarRadiation
token1[1] = 0.000000
varNames[j] = epSendSolarRadiation
doubles[j] = 0.000000
j = 7
token = epSendHeatingSetpoint@20.000000
token1[0] = epSendHeatingSetpoint
token1[1] = 20.000000
varNames[j] = epSendHeatingSetpoint
doubles[j] = 20.000000
j = 8
token = epSendCoolingSetpoint@28.000000
token1[0] = epSendCoolingSetpoint
token1[1] = 28.000000
varNames[j] = epSendCoolingSetpoint
doubles[j] = 28.000000
j = 9
token = timestep@14.0
token1[0] = timestep
token1[1] = 14.0
varNames[j] = timestep
doubles[j] = 14.0
i = 0
i = 1
i = 2
i = 3
i = 4
i = 5
i = 6
i = 7
i = 8
i = 9
timestep after receiving Socket/Reader and before sending to Market: 14.0
09:11:48.867 [org.webgme.guest.controller.Controller.main()] INFO  org.webgme.guest.controller.Controller - hour is: 
hour is:1.1666666666666667
determine setpoints loop
outTemps[i] = 3.983333
zoneTemps[i] = 20.000151
heatTemps[i] = 018.9
coolTemps[i] = 022.9
send to sockets interactions loop
dataStrings[simID] = epGetStartCooling@22.9,epGetStartHeating@18.9,
Send sendControls interaction: 22.9 to socket #0
timestep after sending Socket... should advance after this: 14.0
timestep before receiving Socket/Reader: 15.0
09:11:49.751 [org.webgme.guest.controller.Controller.main()] INFO  org.webgme.guest.controller.Controller - timestep before receiving Socket/Reader: 
09:11:49.752 [org.webgme.guest.controller.Controller.main()] INFO  org.webgme.guest.controller.Controller - waiting to receive Socket_Controller interaction...
09:11:49.858 [org.webgme.guest.controller.Controller.main()] INFO  org.webgme.guest.controller.Controller - waiting to receive Socket_Controller interaction...
09:11:49.862 [org.webgme.guest.controller.Controller.main()] INFO  org.webgme.guest.controller.Controller - received RCModel_Controller interaction
numVars[simID] = 0
holder[simID] = epSendNetEnergy@471585.937500,epSendZoneMeanAirTemp@20.000149,epSendOutdoorAirTemp@4.025000,epSendZoneHumidity@29.831514,epSendEnergyPurchased@471585.937500,epSendEnergySurplus@0.000000,epSendSolarRadiation@0.000000,epSendHeatingSetpoint@20.000000,epSendCoolingSetpoint@28.000000,timestep@15.0,
handle interaction loop
vars[0] = epSendNetEnergy@471585.937500
length of vars = 10
j = 0
token = epSendNetEnergy@471585.937500
token1[0] = epSendNetEnergy
token1[1] = 471585.937500
varNames[j] = epSendNetEnergy
doubles[j] = 471585.937500
j = 1
token = epSendZoneMeanAirTemp@20.000149
token1[0] = epSendZoneMeanAirTemp
token1[1] = 20.000149
varNames[j] = epSendZoneMeanAirTemp
doubles[j] = 20.000149
j = 2
token = epSendOutdoorAirTemp@4.025000
token1[0] = epSendOutdoorAirTemp
token1[1] = 4.025000
varNames[j] = epSendOutdoorAirTemp
doubles[j] = 4.025000
j = 3
token = epSendZoneHumidity@29.831514
token1[0] = epSendZoneHumidity
token1[1] = 29.831514
varNames[j] = epSendZoneHumidity
doubles[j] = 29.831514
j = 4
token = epSendEnergyPurchased@471585.937500
token1[0] = epSendEnergyPurchased
token1[1] = 471585.937500
varNames[j] = epSendEnergyPurchased
doubles[j] = 471585.937500
j = 5
token = epSendEnergySurplus@0.000000
token1[0] = epSendEnergySurplus
token1[1] = 0.000000
varNames[j] = epSendEnergySurplus
doubles[j] = 0.000000
j = 6
token = epSendSolarRadiation@0.000000
token1[0] = epSendSolarRadiation
token1[1] = 0.000000
varNames[j] = epSendSolarRadiation
doubles[j] = 0.000000
j = 7
token = epSendHeatingSetpoint@20.000000
token1[0] = epSendHeatingSetpoint
token1[1] = 20.000000
varNames[j] = epSendHeatingSetpoint
doubles[j] = 20.000000
j = 8
token = epSendCoolingSetpoint@28.000000
token1[0] = epSendCoolingSetpoint
token1[1] = 28.000000
varNames[j] = epSendCoolingSetpoint
doubles[j] = 28.000000
j = 9
token = timestep@15.0
token1[0] = timestep
token1[1] = 15.0
varNames[j] = timestep
doubles[j] = 15.0
i = 0
i = 1
i = 2
i = 3
i = 4
i = 5
i = 6
i = 7
i = 8
i = 9
timestep after receiving Socket/Reader and before sending to Market: 15.0
09:11:49.870 [org.webgme.guest.controller.Controller.main()] INFO  org.webgme.guest.controller.Controller - hour is: 
hour is:1.25
determine setpoints loop
outTemps[i] = 4.025
zoneTemps[i] = 20.000149
heatTemps[i] = 018.9
coolTemps[i] = 022.9
send to sockets interactions loop
dataStrings[simID] = epGetStartCooling@22.9,epGetStartHeating@18.9,
Send sendControls interaction: 22.9 to socket #0
timestep after sending Socket... should advance after this: 15.0
timestep before receiving Socket/Reader: 16.0
09:11:50.750 [org.webgme.guest.controller.Controller.main()] INFO  org.webgme.guest.controller.Controller - timestep before receiving Socket/Reader: 
09:11:50.752 [org.webgme.guest.controller.Controller.main()] INFO  org.webgme.guest.controller.Controller - waiting to receive Socket_Controller interaction...
09:11:50.862 [org.webgme.guest.controller.Controller.main()] INFO  org.webgme.guest.controller.Controller - waiting to receive Socket_Controller interaction...
09:11:50.866 [org.webgme.guest.controller.Controller.main()] INFO  org.webgme.guest.controller.Controller - received RCModel_Controller interaction
numVars[simID] = 0
holder[simID] = epSendNetEnergy@469367.468750,epSendZoneMeanAirTemp@20.000147,epSendOutdoorAirTemp@4.066667,epSendZoneHumidity@29.910034,epSendEnergyPurchased@469367.468750,epSendEnergySurplus@0.000000,epSendSolarRadiation@0.000000,epSendHeatingSetpoint@20.000000,epSendCoolingSetpoint@28.000000,timestep@16.0,
handle interaction loop
vars[0] = epSendNetEnergy@469367.468750
length of vars = 10
j = 0
token = epSendNetEnergy@469367.468750
token1[0] = epSendNetEnergy
token1[1] = 469367.468750
varNames[j] = epSendNetEnergy
doubles[j] = 469367.468750
j = 1
token = epSendZoneMeanAirTemp@20.000147
token1[0] = epSendZoneMeanAirTemp
token1[1] = 20.000147
varNames[j] = epSendZoneMeanAirTemp
doubles[j] = 20.000147
j = 2
token = epSendOutdoorAirTemp@4.066667
token1[0] = epSendOutdoorAirTemp
token1[1] = 4.066667
varNames[j] = epSendOutdoorAirTemp
doubles[j] = 4.066667
j = 3
token = epSendZoneHumidity@29.910034
token1[0] = epSendZoneHumidity
token1[1] = 29.910034
varNames[j] = epSendZoneHumidity
doubles[j] = 29.910034
j = 4
token = epSendEnergyPurchased@469367.468750
token1[0] = epSendEnergyPurchased
token1[1] = 469367.468750
varNames[j] = epSendEnergyPurchased
doubles[j] = 469367.468750
j = 5
token = epSendEnergySurplus@0.000000
token1[0] = epSendEnergySurplus
token1[1] = 0.000000
varNames[j] = epSendEnergySurplus
doubles[j] = 0.000000
j = 6
token = epSendSolarRadiation@0.000000
token1[0] = epSendSolarRadiation
token1[1] = 0.000000
varNames[j] = epSendSolarRadiation
doubles[j] = 0.000000
j = 7
token = epSendHeatingSetpoint@20.000000
token1[0] = epSendHeatingSetpoint
token1[1] = 20.000000
varNames[j] = epSendHeatingSetpoint
doubles[j] = 20.000000
j = 8
token = epSendCoolingSetpoint@28.000000
token1[0] = epSendCoolingSetpoint
token1[1] = 28.000000
varNames[j] = epSendCoolingSetpoint
doubles[j] = 28.000000
j = 9
token = timestep@16.0
token1[0] = timestep
token1[1] = 16.0
varNames[j] = timestep
doubles[j] = 16.0
i = 0
i = 1
i = 2
i = 3
i = 4
i = 5
i = 6
i = 7
i = 8
i = 9
timestep after receiving Socket/Reader and before sending to Market: 16.0
09:11:50.873 [org.webgme.guest.controller.Controller.main()] INFO  org.webgme.guest.controller.Controller - hour is: 
hour is:1.3333333333333333
determine setpoints loop
outTemps[i] = 4.066667
zoneTemps[i] = 20.000147
heatTemps[i] = 018.9
coolTemps[i] = 022.9
send to sockets interactions loop
dataStrings[simID] = epGetStartCooling@22.9,epGetStartHeating@18.9,
Send sendControls interaction: 22.9 to socket #0
timestep after sending Socket... should advance after this: 16.0
timestep before receiving Socket/Reader: 17.0
09:11:51.755 [org.webgme.guest.controller.Controller.main()] INFO  org.webgme.guest.controller.Controller - timestep before receiving Socket/Reader: 
09:11:51.760 [org.webgme.guest.controller.Controller.main()] INFO  org.webgme.guest.controller.Controller - waiting to receive Socket_Controller interaction...
09:11:51.870 [org.webgme.guest.controller.Controller.main()] INFO  org.webgme.guest.controller.Controller - waiting to receive Socket_Controller interaction...
09:11:51.872 [org.webgme.guest.controller.Controller.main()] INFO  org.webgme.guest.controller.Controller - received RCModel_Controller interaction
numVars[simID] = 0
holder[simID] = epSendNetEnergy@467098.968750,epSendZoneMeanAirTemp@20.000147,epSendOutdoorAirTemp@4.108333,epSendZoneHumidity@29.976192,epSendEnergyPurchased@467098.968750,epSendEnergySurplus@0.000000,epSendSolarRadiation@0.000000,epSendHeatingSetpoint@20.000000,epSendCoolingSetpoint@28.000000,timestep@17.0,
handle interaction loop
vars[0] = epSendNetEnergy@467098.968750
length of vars = 10
j = 0
token = epSendNetEnergy@467098.968750
token1[0] = epSendNetEnergy
token1[1] = 467098.968750
varNames[j] = epSendNetEnergy
doubles[j] = 467098.968750
j = 1
token = epSendZoneMeanAirTemp@20.000147
token1[0] = epSendZoneMeanAirTemp
token1[1] = 20.000147
varNames[j] = epSendZoneMeanAirTemp
doubles[j] = 20.000147
j = 2
token = epSendOutdoorAirTemp@4.108333
token1[0] = epSendOutdoorAirTemp
token1[1] = 4.108333
varNames[j] = epSendOutdoorAirTemp
doubles[j] = 4.108333
j = 3
token = epSendZoneHumidity@29.976192
token1[0] = epSendZoneHumidity
token1[1] = 29.976192
varNames[j] = epSendZoneHumidity
doubles[j] = 29.976192
j = 4
token = epSendEnergyPurchased@467098.968750
token1[0] = epSendEnergyPurchased
token1[1] = 467098.968750
varNames[j] = epSendEnergyPurchased
doubles[j] = 467098.968750
j = 5
token = epSendEnergySurplus@0.000000
token1[0] = epSendEnergySurplus
token1[1] = 0.000000
varNames[j] = epSendEnergySurplus
doubles[j] = 0.000000
j = 6
token = epSendSolarRadiation@0.000000
token1[0] = epSendSolarRadiation
token1[1] = 0.000000
varNames[j] = epSendSolarRadiation
doubles[j] = 0.000000
j = 7
token = epSendHeatingSetpoint@20.000000
token1[0] = epSendHeatingSetpoint
token1[1] = 20.000000
varNames[j] = epSendHeatingSetpoint
doubles[j] = 20.000000
j = 8
token = epSendCoolingSetpoint@28.000000
token1[0] = epSendCoolingSetpoint
token1[1] = 28.000000
varNames[j] = epSendCoolingSetpoint
doubles[j] = 28.000000
j = 9
token = timestep@17.0
token1[0] = timestep
token1[1] = 17.0
varNames[j] = timestep
doubles[j] = 17.0
i = 0
i = 1
i = 2
i = 3
i = 4
i = 5
i = 6
i = 7
i = 8
i = 9
timestep after receiving Socket/Reader and before sending to Market: 17.0
09:11:51.881 [org.webgme.guest.controller.Controller.main()] INFO  org.webgme.guest.controller.Controller - hour is: 
hour is:1.4166666666666667
determine setpoints loop
outTemps[i] = 4.108333
zoneTemps[i] = 20.000147
heatTemps[i] = 018.9
coolTemps[i] = 022.9
send to sockets interactions loop
dataStrings[simID] = epGetStartCooling@22.9,epGetStartHeating@18.9,
Send sendControls interaction: 22.9 to socket #0
timestep after sending Socket... should advance after this: 17.0
timestep before receiving Socket/Reader: 18.0
09:11:52.752 [org.webgme.guest.controller.Controller.main()] INFO  org.webgme.guest.controller.Controller - timestep before receiving Socket/Reader: 
09:11:52.754 [org.webgme.guest.controller.Controller.main()] INFO  org.webgme.guest.controller.Controller - waiting to receive Socket_Controller interaction...
09:11:52.862 [org.webgme.guest.controller.Controller.main()] INFO  org.webgme.guest.controller.Controller - waiting to receive Socket_Controller interaction...
09:11:52.863 [org.webgme.guest.controller.Controller.main()] INFO  org.webgme.guest.controller.Controller - received RCModel_Controller interaction
numVars[simID] = 0
holder[simID] = epSendNetEnergy@464778.718750,epSendZoneMeanAirTemp@20.000147,epSendOutdoorAirTemp@4.150000,epSendZoneHumidity@30.030397,epSendEnergyPurchased@464778.718750,epSendEnergySurplus@0.000000,epSendSolarRadiation@0.000000,epSendHeatingSetpoint@20.000000,epSendCoolingSetpoint@28.000000,timestep@18.0,
handle interaction loop
vars[0] = epSendNetEnergy@464778.718750
length of vars = 10
j = 0
token = epSendNetEnergy@464778.718750
token1[0] = epSendNetEnergy
token1[1] = 464778.718750
varNames[j] = epSendNetEnergy
doubles[j] = 464778.718750
j = 1
token = epSendZoneMeanAirTemp@20.000147
token1[0] = epSendZoneMeanAirTemp
token1[1] = 20.000147
varNames[j] = epSendZoneMeanAirTemp
doubles[j] = 20.000147
j = 2
token = epSendOutdoorAirTemp@4.150000
token1[0] = epSendOutdoorAirTemp
token1[1] = 4.150000
varNames[j] = epSendOutdoorAirTemp
doubles[j] = 4.150000
j = 3
token = epSendZoneHumidity@30.030397
token1[0] = epSendZoneHumidity
token1[1] = 30.030397
varNames[j] = epSendZoneHumidity
doubles[j] = 30.030397
j = 4
token = epSendEnergyPurchased@464778.718750
token1[0] = epSendEnergyPurchased
token1[1] = 464778.718750
varNames[j] = epSendEnergyPurchased
doubles[j] = 464778.718750
j = 5
token = epSendEnergySurplus@0.000000
token1[0] = epSendEnergySurplus
token1[1] = 0.000000
varNames[j] = epSendEnergySurplus
doubles[j] = 0.000000
j = 6
token = epSendSolarRadiation@0.000000
token1[0] = epSendSolarRadiation
token1[1] = 0.000000
varNames[j] = epSendSolarRadiation
doubles[j] = 0.000000
j = 7
token = epSendHeatingSetpoint@20.000000
token1[0] = epSendHeatingSetpoint
token1[1] = 20.000000
varNames[j] = epSendHeatingSetpoint
doubles[j] = 20.000000
j = 8
token = epSendCoolingSetpoint@28.000000
token1[0] = epSendCoolingSetpoint
token1[1] = 28.000000
varNames[j] = epSendCoolingSetpoint
doubles[j] = 28.000000
j = 9
token = timestep@18.0
token1[0] = timestep
token1[1] = 18.0
varNames[j] = timestep
doubles[j] = 18.0
i = 0
i = 1
i = 2
i = 3
i = 4
i = 5
i = 6
i = 7
i = 8
i = 9
timestep after receiving Socket/Reader and before sending to Market: 18.0
09:11:52.869 [org.webgme.guest.controller.Controller.main()] INFO  org.webgme.guest.controller.Controller - hour is: 
hour is:1.5
determine setpoints loop
outTemps[i] = 4.15
zoneTemps[i] = 20.000147
heatTemps[i] = 018.9
coolTemps[i] = 022.9
send to sockets interactions loop
dataStrings[simID] = epGetStartCooling@22.9,epGetStartHeating@18.9,
Send sendControls interaction: 22.9 to socket #0
timestep after sending Socket... should advance after this: 18.0
timestep before receiving Socket/Reader: 19.0
09:11:53.762 [org.webgme.guest.controller.Controller.main()] INFO  org.webgme.guest.controller.Controller - timestep before receiving Socket/Reader: 
09:11:53.763 [org.webgme.guest.controller.Controller.main()] INFO  org.webgme.guest.controller.Controller - waiting to receive Socket_Controller interaction...
09:11:53.869 [org.webgme.guest.controller.Controller.main()] INFO  org.webgme.guest.controller.Controller - waiting to receive Socket_Controller interaction...
09:11:53.869 [org.webgme.guest.controller.Controller.main()] INFO  org.webgme.guest.controller.Controller - received RCModel_Controller interaction
numVars[simID] = 0
holder[simID] = epSendNetEnergy@462404.968750,epSendZoneMeanAirTemp@20.000147,epSendOutdoorAirTemp@4.191667,epSendZoneHumidity@30.072895,epSendEnergyPurchased@462404.968750,epSendEnergySurplus@0.000000,epSendSolarRadiation@0.000000,epSendHeatingSetpoint@20.000000,epSendCoolingSetpoint@28.000000,timestep@19.0,
handle interaction loop
vars[0] = epSendNetEnergy@462404.968750
length of vars = 10
j = 0
token = epSendNetEnergy@462404.968750
token1[0] = epSendNetEnergy
token1[1] = 462404.968750
varNames[j] = epSendNetEnergy
doubles[j] = 462404.968750
j = 1
token = epSendZoneMeanAirTemp@20.000147
token1[0] = epSendZoneMeanAirTemp
token1[1] = 20.000147
varNames[j] = epSendZoneMeanAirTemp
doubles[j] = 20.000147
j = 2
token = epSendOutdoorAirTemp@4.191667
token1[0] = epSendOutdoorAirTemp
token1[1] = 4.191667
varNames[j] = epSendOutdoorAirTemp
doubles[j] = 4.191667
j = 3
token = epSendZoneHumidity@30.072895
token1[0] = epSendZoneHumidity
token1[1] = 30.072895
varNames[j] = epSendZoneHumidity
doubles[j] = 30.072895
j = 4
token = epSendEnergyPurchased@462404.968750
token1[0] = epSendEnergyPurchased
token1[1] = 462404.968750
varNames[j] = epSendEnergyPurchased
doubles[j] = 462404.968750
j = 5
token = epSendEnergySurplus@0.000000
token1[0] = epSendEnergySurplus
token1[1] = 0.000000
varNames[j] = epSendEnergySurplus
doubles[j] = 0.000000
j = 6
token = epSendSolarRadiation@0.000000
token1[0] = epSendSolarRadiation
token1[1] = 0.000000
varNames[j] = epSendSolarRadiation
doubles[j] = 0.000000
j = 7
token = epSendHeatingSetpoint@20.000000
token1[0] = epSendHeatingSetpoint
token1[1] = 20.000000
varNames[j] = epSendHeatingSetpoint
doubles[j] = 20.000000
j = 8
token = epSendCoolingSetpoint@28.000000
token1[0] = epSendCoolingSetpoint
token1[1] = 28.000000
varNames[j] = epSendCoolingSetpoint
doubles[j] = 28.000000
j = 9
token = timestep@19.0
token1[0] = timestep
token1[1] = 19.0
varNames[j] = timestep
doubles[j] = 19.0
i = 0
i = 1
i = 2
i = 3
i = 4
i = 5
i = 6
i = 7
i = 8
i = 9
timestep after receiving Socket/Reader and before sending to Market: 19.0
09:11:53.875 [org.webgme.guest.controller.Controller.main()] INFO  org.webgme.guest.controller.Controller - hour is: 
hour is:1.5833333333333333
determine setpoints loop
outTemps[i] = 4.191667
zoneTemps[i] = 20.000147
heatTemps[i] = 018.9
coolTemps[i] = 022.9
send to sockets interactions loop
dataStrings[simID] = epGetStartCooling@22.9,epGetStartHeating@18.9,
Send sendControls interaction: 22.9 to socket #0
timestep after sending Socket... should advance after this: 19.0
timestep before receiving Socket/Reader: 20.0
09:11:54.759 [org.webgme.guest.controller.Controller.main()] INFO  org.webgme.guest.controller.Controller - timestep before receiving Socket/Reader: 
09:11:54.760 [org.webgme.guest.controller.Controller.main()] INFO  org.webgme.guest.controller.Controller - waiting to receive Socket_Controller interaction...
09:11:54.869 [org.webgme.guest.controller.Controller.main()] INFO  org.webgme.guest.controller.Controller - waiting to receive Socket_Controller interaction...
09:11:54.870 [org.webgme.guest.controller.Controller.main()] INFO  org.webgme.guest.controller.Controller - received RCModel_Controller interaction
numVars[simID] = 0
holder[simID] = epSendNetEnergy@459975.968750,epSendZoneMeanAirTemp@20.000147,epSendOutdoorAirTemp@4.233333,epSendZoneHumidity@30.103861,epSendEnergyPurchased@459975.968750,epSendEnergySurplus@0.000000,epSendSolarRadiation@0.000000,epSendHeatingSetpoint@20.000000,epSendCoolingSetpoint@28.000000,timestep@20.0,
handle interaction loop
vars[0] = epSendNetEnergy@459975.968750
length of vars = 10
j = 0
token = epSendNetEnergy@459975.968750
token1[0] = epSendNetEnergy
token1[1] = 459975.968750
varNames[j] = epSendNetEnergy
doubles[j] = 459975.968750
j = 1
token = epSendZoneMeanAirTemp@20.000147
token1[0] = epSendZoneMeanAirTemp
token1[1] = 20.000147
varNames[j] = epSendZoneMeanAirTemp
doubles[j] = 20.000147
j = 2
token = epSendOutdoorAirTemp@4.233333
token1[0] = epSendOutdoorAirTemp
token1[1] = 4.233333
varNames[j] = epSendOutdoorAirTemp
doubles[j] = 4.233333
j = 3
token = epSendZoneHumidity@30.103861
token1[0] = epSendZoneHumidity
token1[1] = 30.103861
varNames[j] = epSendZoneHumidity
doubles[j] = 30.103861
j = 4
token = epSendEnergyPurchased@459975.968750
token1[0] = epSendEnergyPurchased
token1[1] = 459975.968750
varNames[j] = epSendEnergyPurchased
doubles[j] = 459975.968750
j = 5
token = epSendEnergySurplus@0.000000
token1[0] = epSendEnergySurplus
token1[1] = 0.000000
varNames[j] = epSendEnergySurplus
doubles[j] = 0.000000
j = 6
token = epSendSolarRadiation@0.000000
token1[0] = epSendSolarRadiation
token1[1] = 0.000000
varNames[j] = epSendSolarRadiation
doubles[j] = 0.000000
j = 7
token = epSendHeatingSetpoint@20.000000
token1[0] = epSendHeatingSetpoint
token1[1] = 20.000000
varNames[j] = epSendHeatingSetpoint
doubles[j] = 20.000000
j = 8
token = epSendCoolingSetpoint@28.000000
token1[0] = epSendCoolingSetpoint
token1[1] = 28.000000
varNames[j] = epSendCoolingSetpoint
doubles[j] = 28.000000
j = 9
token = timestep@20.0
token1[0] = timestep
token1[1] = 20.0
varNames[j] = timestep
doubles[j] = 20.0
i = 0
i = 1
i = 2
i = 3
i = 4
i = 5
i = 6
i = 7
i = 8
i = 9
timestep after receiving Socket/Reader and before sending to Market: 20.0
09:11:54.884 [org.webgme.guest.controller.Controller.main()] INFO  org.webgme.guest.controller.Controller - hour is: 
hour is:1.6666666666666667
determine setpoints loop
outTemps[i] = 4.233333
zoneTemps[i] = 20.000147
heatTemps[i] = 018.9
coolTemps[i] = 022.9
send to sockets interactions loop
dataStrings[simID] = epGetStartCooling@22.9,epGetStartHeating@18.9,
Send sendControls interaction: 22.9 to socket #0
timestep after sending Socket... should advance after this: 20.0
timestep before receiving Socket/Reader: 21.0
09:11:55.770 [org.webgme.guest.controller.Controller.main()] INFO  org.webgme.guest.controller.Controller - timestep before receiving Socket/Reader: 
09:11:55.771 [org.webgme.guest.controller.Controller.main()] INFO  org.webgme.guest.controller.Controller - waiting to receive Socket_Controller interaction...
09:11:55.877 [org.webgme.guest.controller.Controller.main()] INFO  org.webgme.guest.controller.Controller - waiting to receive Socket_Controller interaction...
09:11:55.878 [org.webgme.guest.controller.Controller.main()] INFO  org.webgme.guest.controller.Controller - received RCModel_Controller interaction
numVars[simID] = 0
holder[simID] = epSendNetEnergy@457490.093750,epSendZoneMeanAirTemp@20.000147,epSendOutdoorAirTemp@4.275000,epSendZoneHumidity@30.123442,epSendEnergyPurchased@457490.093750,epSendEnergySurplus@0.000000,epSendSolarRadiation@0.000000,epSendHeatingSetpoint@20.000000,epSendCoolingSetpoint@28.000000,timestep@21.0,
handle interaction loop
vars[0] = epSendNetEnergy@457490.093750
length of vars = 10
j = 0
token = epSendNetEnergy@457490.093750
token1[0] = epSendNetEnergy
token1[1] = 457490.093750
varNames[j] = epSendNetEnergy
doubles[j] = 457490.093750
j = 1
token = epSendZoneMeanAirTemp@20.000147
token1[0] = epSendZoneMeanAirTemp
token1[1] = 20.000147
varNames[j] = epSendZoneMeanAirTemp
doubles[j] = 20.000147
j = 2
token = epSendOutdoorAirTemp@4.275000
token1[0] = epSendOutdoorAirTemp
token1[1] = 4.275000
varNames[j] = epSendOutdoorAirTemp
doubles[j] = 4.275000
j = 3
token = epSendZoneHumidity@30.123442
token1[0] = epSendZoneHumidity
token1[1] = 30.123442
varNames[j] = epSendZoneHumidity
doubles[j] = 30.123442
j = 4
token = epSendEnergyPurchased@457490.093750
token1[0] = epSendEnergyPurchased
token1[1] = 457490.093750
varNames[j] = epSendEnergyPurchased
doubles[j] = 457490.093750
j = 5
token = epSendEnergySurplus@0.000000
token1[0] = epSendEnergySurplus
token1[1] = 0.000000
varNames[j] = epSendEnergySurplus
doubles[j] = 0.000000
j = 6
token = epSendSolarRadiation@0.000000
token1[0] = epSendSolarRadiation
token1[1] = 0.000000
varNames[j] = epSendSolarRadiation
doubles[j] = 0.000000
j = 7
token = epSendHeatingSetpoint@20.000000
token1[0] = epSendHeatingSetpoint
token1[1] = 20.000000
varNames[j] = epSendHeatingSetpoint
doubles[j] = 20.000000
j = 8
token = epSendCoolingSetpoint@28.000000
token1[0] = epSendCoolingSetpoint
token1[1] = 28.000000
varNames[j] = epSendCoolingSetpoint
doubles[j] = 28.000000
j = 9
token = timestep@21.0
token1[0] = timestep
token1[1] = 21.0
varNames[j] = timestep
doubles[j] = 21.0
i = 0
i = 1
i = 2
i = 3
i = 4
i = 5
i = 6
i = 7
i = 8
i = 9
timestep after receiving Socket/Reader and before sending to Market: 21.0
09:11:55.886 [org.webgme.guest.controller.Controller.main()] INFO  org.webgme.guest.controller.Controller - hour is: 
hour is:1.75
determine setpoints loop
outTemps[i] = 4.275
zoneTemps[i] = 20.000147
heatTemps[i] = 018.9
coolTemps[i] = 022.9
send to sockets interactions loop
dataStrings[simID] = epGetStartCooling@22.9,epGetStartHeating@18.9,
Send sendControls interaction: 22.9 to socket #0
timestep after sending Socket... should advance after this: 21.0
timestep before receiving Socket/Reader: 22.0
09:11:56.763 [org.webgme.guest.controller.Controller.main()] INFO  org.webgme.guest.controller.Controller - timestep before receiving Socket/Reader: 
09:11:56.765 [org.webgme.guest.controller.Controller.main()] INFO  org.webgme.guest.controller.Controller - waiting to receive Socket_Controller interaction...
09:11:56.876 [org.webgme.guest.controller.Controller.main()] INFO  org.webgme.guest.controller.Controller - waiting to receive Socket_Controller interaction...
09:11:56.876 [org.webgme.guest.controller.Controller.main()] INFO  org.webgme.guest.controller.Controller - received RCModel_Controller interaction
numVars[simID] = 0
holder[simID] = epSendNetEnergy@454945.718750,epSendZoneMeanAirTemp@20.000149,epSendOutdoorAirTemp@4.316667,epSendZoneHumidity@30.131784,epSendEnergyPurchased@454945.718750,epSendEnergySurplus@0.000000,epSendSolarRadiation@0.000000,epSendHeatingSetpoint@20.000000,epSendCoolingSetpoint@28.000000,timestep@22.0,
handle interaction loop
vars[0] = epSendNetEnergy@454945.718750
length of vars = 10
j = 0
token = epSendNetEnergy@454945.718750
token1[0] = epSendNetEnergy
token1[1] = 454945.718750
varNames[j] = epSendNetEnergy
doubles[j] = 454945.718750
j = 1
token = epSendZoneMeanAirTemp@20.000149
token1[0] = epSendZoneMeanAirTemp
token1[1] = 20.000149
varNames[j] = epSendZoneMeanAirTemp
doubles[j] = 20.000149
j = 2
token = epSendOutdoorAirTemp@4.316667
token1[0] = epSendOutdoorAirTemp
token1[1] = 4.316667
varNames[j] = epSendOutdoorAirTemp
doubles[j] = 4.316667
j = 3
token = epSendZoneHumidity@30.131784
token1[0] = epSendZoneHumidity
token1[1] = 30.131784
varNames[j] = epSendZoneHumidity
doubles[j] = 30.131784
j = 4
token = epSendEnergyPurchased@454945.718750
token1[0] = epSendEnergyPurchased
token1[1] = 454945.718750
varNames[j] = epSendEnergyPurchased
doubles[j] = 454945.718750
j = 5
token = epSendEnergySurplus@0.000000
token1[0] = epSendEnergySurplus
token1[1] = 0.000000
varNames[j] = epSendEnergySurplus
doubles[j] = 0.000000
j = 6
token = epSendSolarRadiation@0.000000
token1[0] = epSendSolarRadiation
token1[1] = 0.000000
varNames[j] = epSendSolarRadiation
doubles[j] = 0.000000
j = 7
token = epSendHeatingSetpoint@20.000000
token1[0] = epSendHeatingSetpoint
token1[1] = 20.000000
varNames[j] = epSendHeatingSetpoint
doubles[j] = 20.000000
j = 8
token = epSendCoolingSetpoint@28.000000
token1[0] = epSendCoolingSetpoint
token1[1] = 28.000000
varNames[j] = epSendCoolingSetpoint
doubles[j] = 28.000000
j = 9
token = timestep@22.0
token1[0] = timestep
token1[1] = 22.0
varNames[j] = timestep
doubles[j] = 22.0
i = 0
i = 1
i = 2
i = 3
i = 4
i = 5
i = 6
i = 7
i = 8
i = 9
timestep after receiving Socket/Reader and before sending to Market: 22.0
09:11:56.877 [org.webgme.guest.controller.Controller.main()] INFO  org.webgme.guest.controller.Controller - hour is: 
hour is:1.8333333333333333
determine setpoints loop
outTemps[i] = 4.316667
zoneTemps[i] = 20.000149
heatTemps[i] = 018.9
coolTemps[i] = 022.9
send to sockets interactions loop
dataStrings[simID] = epGetStartCooling@22.9,epGetStartHeating@18.9,
Send sendControls interaction: 22.9 to socket #0
timestep after sending Socket... should advance after this: 22.0
timestep before receiving Socket/Reader: 23.0
09:11:57.774 [org.webgme.guest.controller.Controller.main()] INFO  org.webgme.guest.controller.Controller - timestep before receiving Socket/Reader: 
09:11:57.775 [org.webgme.guest.controller.Controller.main()] INFO  org.webgme.guest.controller.Controller - waiting to receive Socket_Controller interaction...
09:11:57.881 [org.webgme.guest.controller.Controller.main()] INFO  org.webgme.guest.controller.Controller - waiting to receive Socket_Controller interaction...
09:11:57.882 [org.webgme.guest.controller.Controller.main()] INFO  org.webgme.guest.controller.Controller - received RCModel_Controller interaction
numVars[simID] = 0
holder[simID] = epSendNetEnergy@452341.437500,epSendZoneMeanAirTemp@20.000151,epSendOutdoorAirTemp@4.358333,epSendZoneHumidity@30.129044,epSendEnergyPurchased@452341.437500,epSendEnergySurplus@0.000000,epSendSolarRadiation@0.000000,epSendHeatingSetpoint@20.000000,epSendCoolingSetpoint@28.000000,timestep@23.0,
handle interaction loop
vars[0] = epSendNetEnergy@452341.437500
length of vars = 10
j = 0
token = epSendNetEnergy@452341.437500
token1[0] = epSendNetEnergy
token1[1] = 452341.437500
varNames[j] = epSendNetEnergy
doubles[j] = 452341.437500
j = 1
token = epSendZoneMeanAirTemp@20.000151
token1[0] = epSendZoneMeanAirTemp
token1[1] = 20.000151
varNames[j] = epSendZoneMeanAirTemp
doubles[j] = 20.000151
j = 2
token = epSendOutdoorAirTemp@4.358333
token1[0] = epSendOutdoorAirTemp
token1[1] = 4.358333
varNames[j] = epSendOutdoorAirTemp
doubles[j] = 4.358333
j = 3
token = epSendZoneHumidity@30.129044
token1[0] = epSendZoneHumidity
token1[1] = 30.129044
varNames[j] = epSendZoneHumidity
doubles[j] = 30.129044
j = 4
token = epSendEnergyPurchased@452341.437500
token1[0] = epSendEnergyPurchased
token1[1] = 452341.437500
varNames[j] = epSendEnergyPurchased
doubles[j] = 452341.437500
j = 5
token = epSendEnergySurplus@0.000000
token1[0] = epSendEnergySurplus
token1[1] = 0.000000
varNames[j] = epSendEnergySurplus
doubles[j] = 0.000000
j = 6
token = epSendSolarRadiation@0.000000
token1[0] = epSendSolarRadiation
token1[1] = 0.000000
varNames[j] = epSendSolarRadiation
doubles[j] = 0.000000
j = 7
token = epSendHeatingSetpoint@20.000000
token1[0] = epSendHeatingSetpoint
token1[1] = 20.000000
varNames[j] = epSendHeatingSetpoint
doubles[j] = 20.000000
j = 8
token = epSendCoolingSetpoint@28.000000
token1[0] = epSendCoolingSetpoint
token1[1] = 28.000000
varNames[j] = epSendCoolingSetpoint
doubles[j] = 28.000000
j = 9
token = timestep@23.0
token1[0] = timestep
token1[1] = 23.0
varNames[j] = timestep
doubles[j] = 23.0
i = 0
i = 1
i = 2
i = 3
i = 4
i = 5
i = 6
i = 7
i = 8
i = 9
timestep after receiving Socket/Reader and before sending to Market: 23.0
09:11:57.882 [org.webgme.guest.controller.Controller.main()] INFO  org.webgme.guest.controller.Controller - hour is: 
hour is:1.9166666666666667
determine setpoints loop
outTemps[i] = 4.358333
zoneTemps[i] = 20.000151
heatTemps[i] = 018.9
coolTemps[i] = 022.9
send to sockets interactions loop
dataStrings[simID] = epGetStartCooling@22.9,epGetStartHeating@18.9,
Send sendControls interaction: 22.9 to socket #0
timestep after sending Socket... should advance after this: 23.0
timestep before receiving Socket/Reader: 24.0
09:11:58.787 [org.webgme.guest.controller.Controller.main()] INFO  org.webgme.guest.controller.Controller - timestep before receiving Socket/Reader: 
09:11:58.788 [org.webgme.guest.controller.Controller.main()] INFO  org.webgme.guest.controller.Controller - waiting to receive Socket_Controller interaction...
09:11:58.894 [org.webgme.guest.controller.Controller.main()] INFO  org.webgme.guest.controller.Controller - waiting to receive Socket_Controller interaction...
09:11:58.894 [org.webgme.guest.controller.Controller.main()] INFO  org.webgme.guest.controller.Controller - received RCModel_Controller interaction
numVars[simID] = 0
holder[simID] = epSendNetEnergy@449691.343750,epSendZoneMeanAirTemp@20.000153,epSendOutdoorAirTemp@4.400000,epSendZoneHumidity@30.115364,epSendEnergyPurchased@449691.343750,epSendEnergySurplus@0.000000,epSendSolarRadiation@0.000000,epSendHeatingSetpoint@20.000000,epSendCoolingSetpoint@28.000000,timestep@24.0,
handle interaction loop
vars[0] = epSendNetEnergy@449691.343750
length of vars = 10
j = 0
token = epSendNetEnergy@449691.343750
token1[0] = epSendNetEnergy
token1[1] = 449691.343750
varNames[j] = epSendNetEnergy
doubles[j] = 449691.343750
j = 1
token = epSendZoneMeanAirTemp@20.000153
token1[0] = epSendZoneMeanAirTemp
token1[1] = 20.000153
varNames[j] = epSendZoneMeanAirTemp
doubles[j] = 20.000153
j = 2
token = epSendOutdoorAirTemp@4.400000
token1[0] = epSendOutdoorAirTemp
token1[1] = 4.400000
varNames[j] = epSendOutdoorAirTemp
doubles[j] = 4.400000
j = 3
token = epSendZoneHumidity@30.115364
token1[0] = epSendZoneHumidity
token1[1] = 30.115364
varNames[j] = epSendZoneHumidity
doubles[j] = 30.115364
j = 4
token = epSendEnergyPurchased@449691.343750
token1[0] = epSendEnergyPurchased
token1[1] = 449691.343750
varNames[j] = epSendEnergyPurchased
doubles[j] = 449691.343750
j = 5
token = epSendEnergySurplus@0.000000
token1[0] = epSendEnergySurplus
token1[1] = 0.000000
varNames[j] = epSendEnergySurplus
doubles[j] = 0.000000
j = 6
token = epSendSolarRadiation@0.000000
token1[0] = epSendSolarRadiation
token1[1] = 0.000000
varNames[j] = epSendSolarRadiation
doubles[j] = 0.000000
j = 7
token = epSendHeatingSetpoint@20.000000
token1[0] = epSendHeatingSetpoint
token1[1] = 20.000000
varNames[j] = epSendHeatingSetpoint
doubles[j] = 20.000000
j = 8
token = epSendCoolingSetpoint@28.000000
token1[0] = epSendCoolingSetpoint
token1[1] = 28.000000
varNames[j] = epSendCoolingSetpoint
doubles[j] = 28.000000
j = 9
token = timestep@24.0
token1[0] = timestep
token1[1] = 24.0
varNames[j] = timestep
doubles[j] = 24.0
i = 0
i = 1
i = 2
i = 3
i = 4
i = 5
i = 6
i = 7
i = 8
i = 9
timestep after receiving Socket/Reader and before sending to Market: 24.0
09:11:58.898 [org.webgme.guest.controller.Controller.main()] INFO  org.webgme.guest.controller.Controller - hour is: 
hour is:2.0
sblock:2
zonetemp stirng20.000153
Here is the result
java.lang.ArrayIndexOutOfBoundsException: 1
determine setpoints loop
outTemps[i] = 4.4
zoneTemps[i] = 20.000153
heatTemps[i] = 018.9
coolTemps[i] = 022.9
send to sockets interactions loop
dataStrings[simID] = epGetStartCooling@22.9,epGetStartHeating@18.9,
Send sendControls interaction: 22.9 to socket #0
timestep after sending Socket... should advance after this: 24.0
timestep before receiving Socket/Reader: 25.0
09:11:59.789 [org.webgme.guest.controller.Controller.main()] INFO  org.webgme.guest.controller.Controller - timestep before receiving Socket/Reader: 
09:11:59.791 [org.webgme.guest.controller.Controller.main()] INFO  org.webgme.guest.controller.Controller - waiting to receive Socket_Controller interaction...
09:11:59.900 [org.webgme.guest.controller.Controller.main()] INFO  org.webgme.guest.controller.Controller - waiting to receive Socket_Controller interaction...
09:11:59.904 [org.webgme.guest.controller.Controller.main()] INFO  org.webgme.guest.controller.Controller - received RCModel_Controller interaction
numVars[simID] = 0
holder[simID] = epSendNetEnergy@453109.593750,epSendZoneMeanAirTemp@20.000095,epSendOutdoorAirTemp@4.266667,epSendZoneHumidity@30.094332,epSendEnergyPurchased@453109.593750,epSendEnergySurplus@0.000000,epSendSolarRadiation@0.000000,epSendHeatingSetpoint@20.000000,epSendCoolingSetpoint@28.000000,timestep@25.0,
handle interaction loop
vars[0] = epSendNetEnergy@453109.593750
length of vars = 10
j = 0
token = epSendNetEnergy@453109.593750
token1[0] = epSendNetEnergy
token1[1] = 453109.593750
varNames[j] = epSendNetEnergy
doubles[j] = 453109.593750
j = 1
token = epSendZoneMeanAirTemp@20.000095
token1[0] = epSendZoneMeanAirTemp
token1[1] = 20.000095
varNames[j] = epSendZoneMeanAirTemp
doubles[j] = 20.000095
j = 2
token = epSendOutdoorAirTemp@4.266667
token1[0] = epSendOutdoorAirTemp
token1[1] = 4.266667
varNames[j] = epSendOutdoorAirTemp
doubles[j] = 4.266667
j = 3
token = epSendZoneHumidity@30.094332
token1[0] = epSendZoneHumidity
token1[1] = 30.094332
varNames[j] = epSendZoneHumidity
doubles[j] = 30.094332
j = 4
token = epSendEnergyPurchased@453109.593750
token1[0] = epSendEnergyPurchased
token1[1] = 453109.593750
varNames[j] = epSendEnergyPurchased
doubles[j] = 453109.593750
j = 5
token = epSendEnergySurplus@0.000000
token1[0] = epSendEnergySurplus
token1[1] = 0.000000
varNames[j] = epSendEnergySurplus
doubles[j] = 0.000000
j = 6
token = epSendSolarRadiation@0.000000
token1[0] = epSendSolarRadiation
token1[1] = 0.000000
varNames[j] = epSendSolarRadiation
doubles[j] = 0.000000
j = 7
token = epSendHeatingSetpoint@20.000000
token1[0] = epSendHeatingSetpoint
token1[1] = 20.000000
varNames[j] = epSendHeatingSetpoint
doubles[j] = 20.000000
j = 8
token = epSendCoolingSetpoint@28.000000
token1[0] = epSendCoolingSetpoint
token1[1] = 28.000000
varNames[j] = epSendCoolingSetpoint
doubles[j] = 28.000000
j = 9
token = timestep@25.0
token1[0] = timestep
token1[1] = 25.0
varNames[j] = timestep
doubles[j] = 25.0
i = 0
i = 1
i = 2
i = 3
i = 4
i = 5
i = 6
i = 7
i = 8
i = 9
timestep after receiving Socket/Reader and before sending to Market: 25.0
09:11:59.910 [org.webgme.guest.controller.Controller.main()] INFO  org.webgme.guest.controller.Controller - hour is: 
hour is:2.0833333333333335
determine setpoints loop
outTemps[i] = 4.266667
zoneTemps[i] = 20.000095
heatTemps[i] = 018.9
coolTemps[i] = 022.9
send to sockets interactions loop
dataStrings[simID] = epGetStartCooling@22.9,epGetStartHeating@18.9,
Send sendControls interaction: 22.9 to socket #0
timestep after sending Socket... should advance after this: 25.0
timestep before receiving Socket/Reader: 26.0
09:12:00.800 [org.webgme.guest.controller.Controller.main()] INFO  org.webgme.guest.controller.Controller - timestep before receiving Socket/Reader: 
09:12:00.800 [org.webgme.guest.controller.Controller.main()] INFO  org.webgme.guest.controller.Controller - waiting to receive Socket_Controller interaction...
09:12:00.906 [org.webgme.guest.controller.Controller.main()] INFO  org.webgme.guest.controller.Controller - waiting to receive Socket_Controller interaction...
09:12:00.907 [org.webgme.guest.controller.Controller.main()] INFO  org.webgme.guest.controller.Controller - received RCModel_Controller interaction
numVars[simID] = 0
holder[simID] = epSendNetEnergy@456570.312500,epSendZoneMeanAirTemp@20.000031,epSendOutdoorAirTemp@4.133333,epSendZoneHumidity@30.071760,epSendEnergyPurchased@456570.312500,epSendEnergySurplus@0.000000,epSendSolarRadiation@0.000000,epSendHeatingSetpoint@20.000000,epSendCoolingSetpoint@28.000000,timestep@26.0,
handle interaction loop
vars[0] = epSendNetEnergy@456570.312500
length of vars = 10
j = 0
token = epSendNetEnergy@456570.312500
token1[0] = epSendNetEnergy
token1[1] = 456570.312500
varNames[j] = epSendNetEnergy
doubles[j] = 456570.312500
j = 1
token = epSendZoneMeanAirTemp@20.000031
token1[0] = epSendZoneMeanAirTemp
token1[1] = 20.000031
varNames[j] = epSendZoneMeanAirTemp
doubles[j] = 20.000031
j = 2
token = epSendOutdoorAirTemp@4.133333
token1[0] = epSendOutdoorAirTemp
token1[1] = 4.133333
varNames[j] = epSendOutdoorAirTemp
doubles[j] = 4.133333
j = 3
token = epSendZoneHumidity@30.071760
token1[0] = epSendZoneHumidity
token1[1] = 30.071760
varNames[j] = epSendZoneHumidity
doubles[j] = 30.071760
j = 4
token = epSendEnergyPurchased@456570.312500
token1[0] = epSendEnergyPurchased
token1[1] = 456570.312500
varNames[j] = epSendEnergyPurchased
doubles[j] = 456570.312500
j = 5
token = epSendEnergySurplus@0.000000
token1[0] = epSendEnergySurplus
token1[1] = 0.000000
varNames[j] = epSendEnergySurplus
doubles[j] = 0.000000
j = 6
token = epSendSolarRadiation@0.000000
token1[0] = epSendSolarRadiation
token1[1] = 0.000000
varNames[j] = epSendSolarRadiation
doubles[j] = 0.000000
j = 7
token = epSendHeatingSetpoint@20.000000
token1[0] = epSendHeatingSetpoint
token1[1] = 20.000000
varNames[j] = epSendHeatingSetpoint
doubles[j] = 20.000000
j = 8
token = epSendCoolingSetpoint@28.000000
token1[0] = epSendCoolingSetpoint
token1[1] = 28.000000
varNames[j] = epSendCoolingSetpoint
doubles[j] = 28.000000
j = 9
token = timestep@26.0
token1[0] = timestep
token1[1] = 26.0
varNames[j] = timestep
doubles[j] = 26.0
i = 0
i = 1
i = 2
i = 3
i = 4
i = 5
i = 6
i = 7
i = 8
i = 9
timestep after receiving Socket/Reader and before sending to Market: 26.0
09:12:00.918 [org.webgme.guest.controller.Controller.main()] INFO  org.webgme.guest.controller.Controller - hour is: 
hour is:2.1666666666666665
determine setpoints loop
outTemps[i] = 4.133333
zoneTemps[i] = 20.000031
heatTemps[i] = 018.9
coolTemps[i] = 022.9
send to sockets interactions loop
dataStrings[simID] = epGetStartCooling@22.9,epGetStartHeating@18.9,
Send sendControls interaction: 22.9 to socket #0
timestep after sending Socket... should advance after this: 26.0
timestep before receiving Socket/Reader: 27.0
09:12:01.801 [org.webgme.guest.controller.Controller.main()] INFO  org.webgme.guest.controller.Controller - timestep before receiving Socket/Reader: 
09:12:01.806 [org.webgme.guest.controller.Controller.main()] INFO  org.webgme.guest.controller.Controller - waiting to receive Socket_Controller interaction...
09:12:01.916 [org.webgme.guest.controller.Controller.main()] INFO  org.webgme.guest.controller.Controller - waiting to receive Socket_Controller interaction...
09:12:01.917 [org.webgme.guest.controller.Controller.main()] INFO  org.webgme.guest.controller.Controller - received RCModel_Controller interaction
numVars[simID] = 0
holder[simID] = epSendNetEnergy@460384.437500,epSendZoneMeanAirTemp@20.000002,epSendOutdoorAirTemp@4.000000,epSendZoneHumidity@30.048592,epSendEnergyPurchased@460384.437500,epSendEnergySurplus@0.000000,epSendSolarRadiation@0.000000,epSendHeatingSetpoint@20.000000,epSendCoolingSetpoint@28.000000,timestep@27.0,
handle interaction loop
vars[0] = epSendNetEnergy@460384.437500
length of vars = 10
j = 0
token = epSendNetEnergy@460384.437500
token1[0] = epSendNetEnergy
token1[1] = 460384.437500
varNames[j] = epSendNetEnergy
doubles[j] = 460384.437500
j = 1
token = epSendZoneMeanAirTemp@20.000002
token1[0] = epSendZoneMeanAirTemp
token1[1] = 20.000002
varNames[j] = epSendZoneMeanAirTemp
doubles[j] = 20.000002
j = 2
token = epSendOutdoorAirTemp@4.000000
token1[0] = epSendOutdoorAirTemp
token1[1] = 4.000000
varNames[j] = epSendOutdoorAirTemp
doubles[j] = 4.000000
j = 3
token = epSendZoneHumidity@30.048592
token1[0] = epSendZoneHumidity
token1[1] = 30.048592
varNames[j] = epSendZoneHumidity
doubles[j] = 30.048592
j = 4
token = epSendEnergyPurchased@460384.437500
token1[0] = epSendEnergyPurchased
token1[1] = 460384.437500
varNames[j] = epSendEnergyPurchased
doubles[j] = 460384.437500
j = 5
token = epSendEnergySurplus@0.000000
token1[0] = epSendEnergySurplus
token1[1] = 0.000000
varNames[j] = epSendEnergySurplus
doubles[j] = 0.000000
j = 6
token = epSendSolarRadiation@0.000000
token1[0] = epSendSolarRadiation
token1[1] = 0.000000
varNames[j] = epSendSolarRadiation
doubles[j] = 0.000000
j = 7
token = epSendHeatingSetpoint@20.000000
token1[0] = epSendHeatingSetpoint
token1[1] = 20.000000
varNames[j] = epSendHeatingSetpoint
doubles[j] = 20.000000
j = 8
token = epSendCoolingSetpoint@28.000000
token1[0] = epSendCoolingSetpoint
token1[1] = 28.000000
varNames[j] = epSendCoolingSetpoint
doubles[j] = 28.000000
j = 9
token = timestep@27.0
token1[0] = timestep
token1[1] = 27.0
varNames[j] = timestep
doubles[j] = 27.0
i = 0
i = 1
i = 2
i = 3
i = 4
i = 5
i = 6
i = 7
i = 8
i = 9
timestep after receiving Socket/Reader and before sending to Market: 27.0
09:12:01.926 [org.webgme.guest.controller.Controller.main()] INFO  org.webgme.guest.controller.Controller - hour is: 
hour is:2.25
determine setpoints loop
outTemps[i] = 4.0
zoneTemps[i] = 20.000002
heatTemps[i] = 018.9
coolTemps[i] = 022.9
send to sockets interactions loop
dataStrings[simID] = epGetStartCooling@22.9,epGetStartHeating@18.9,
Send sendControls interaction: 22.9 to socket #0
timestep after sending Socket... should advance after this: 27.0
timestep before receiving Socket/Reader: 28.0
09:12:02.812 [org.webgme.guest.controller.Controller.main()] INFO  org.webgme.guest.controller.Controller - timestep before receiving Socket/Reader: 
09:12:02.813 [org.webgme.guest.controller.Controller.main()] INFO  org.webgme.guest.controller.Controller - waiting to receive Socket_Controller interaction...
09:12:02.919 [org.webgme.guest.controller.Controller.main()] INFO  org.webgme.guest.controller.Controller - waiting to receive Socket_Controller interaction...
09:12:02.919 [org.webgme.guest.controller.Controller.main()] INFO  org.webgme.guest.controller.Controller - received RCModel_Controller interaction
numVars[simID] = 0
holder[simID] = epSendNetEnergy@469622.437500,epSendZoneMeanAirTemp@20.000000,epSendOutdoorAirTemp@3.866667,epSendZoneHumidity@30.024822,epSendEnergyPurchased@469622.437500,epSendEnergySurplus@0.000000,epSendSolarRadiation@0.000000,epSendHeatingSetpoint@20.000000,epSendCoolingSetpoint@28.000000,timestep@28.0,
handle interaction loop
vars[0] = epSendNetEnergy@469622.437500
length of vars = 10
j = 0
token = epSendNetEnergy@469622.437500
token1[0] = epSendNetEnergy
token1[1] = 469622.437500
varNames[j] = epSendNetEnergy
doubles[j] = 469622.437500
j = 1
token = epSendZoneMeanAirTemp@20.000000
token1[0] = epSendZoneMeanAirTemp
token1[1] = 20.000000
varNames[j] = epSendZoneMeanAirTemp
doubles[j] = 20.000000
j = 2
token = epSendOutdoorAirTemp@3.866667
token1[0] = epSendOutdoorAirTemp
token1[1] = 3.866667
varNames[j] = epSendOutdoorAirTemp
doubles[j] = 3.866667
j = 3
token = epSendZoneHumidity@30.024822
token1[0] = epSendZoneHumidity
token1[1] = 30.024822
varNames[j] = epSendZoneHumidity
doubles[j] = 30.024822
j = 4
token = epSendEnergyPurchased@469622.437500
token1[0] = epSendEnergyPurchased
token1[1] = 469622.437500
varNames[j] = epSendEnergyPurchased
doubles[j] = 469622.437500
j = 5
token = epSendEnergySurplus@0.000000
token1[0] = epSendEnergySurplus
token1[1] = 0.000000
varNames[j] = epSendEnergySurplus
doubles[j] = 0.000000
j = 6
token = epSendSolarRadiation@0.000000
token1[0] = epSendSolarRadiation
token1[1] = 0.000000
varNames[j] = epSendSolarRadiation
doubles[j] = 0.000000
j = 7
token = epSendHeatingSetpoint@20.000000
token1[0] = epSendHeatingSetpoint
token1[1] = 20.000000
varNames[j] = epSendHeatingSetpoint
doubles[j] = 20.000000
j = 8
token = epSendCoolingSetpoint@28.000000
token1[0] = epSendCoolingSetpoint
token1[1] = 28.000000
varNames[j] = epSendCoolingSetpoint
doubles[j] = 28.000000
j = 9
token = timestep@28.0
token1[0] = timestep
token1[1] = 28.0
varNames[j] = timestep
doubles[j] = 28.0
i = 0
i = 1
i = 2
i = 3
i = 4
i = 5
i = 6
i = 7
i = 8
i = 9
timestep after receiving Socket/Reader and before sending to Market: 28.0
09:12:02.920 [org.webgme.guest.controller.Controller.main()] INFO  org.webgme.guest.controller.Controller - hour is: 
hour is:2.3333333333333335
determine setpoints loop
outTemps[i] = 3.866667
zoneTemps[i] = 20.0
heatTemps[i] = 018.9
coolTemps[i] = 022.9
send to sockets interactions loop
dataStrings[simID] = epGetStartCooling@22.9,epGetStartHeating@18.9,
Send sendControls interaction: 22.9 to socket #0
timestep after sending Socket... should advance after this: 28.0
