[INFO] Scanning for projects...
[INFO]                                                                         
[INFO] ------------------------------------------------------------------------
[INFO] Building EnergyPlusOpt2Fed_exec 0.1.0-SNAPSHOT
[INFO] ------------------------------------------------------------------------
[INFO] 
[INFO] --- exec-maven-plugin:1.5.0:java (default-cli) @ EnergyPlusOpt2Fed_exec ---

-------------------------------------------------------------------
GMS: address=vagrant-7324, cluster=EnergyPlusOpt2Fed1, physical address=172.16.119.10:41614
-------------------------------------------------------------------
00:51:30.774 [org.webgme.guest.socket.Socket.main()] INFO  org.webgme.guest.socket.Socket - create bufferedReader
00:51:30.777 [org.webgme.guest.socket.Socket.main()] INFO  org.webgme.guest.socket.Socket - bufferedreader successful
00:51:30.802 [org.webgme.guest.socket.Socket.main()] INFO  org.webgme.guest.socket.Socket - ip_adress:
00:51:30.804 [org.webgme.guest.socket.Socket.main()] INFO  org.webgme.guest.socket.Socket - port_number:
00:51:30.805 [org.webgme.guest.socket.Socket.main()] INFO  org.webgme.guest.socket.Socket - 172.16.119.10
00:51:30.806 [org.webgme.guest.socket.Socket.main()] INFO  org.webgme.guest.socket.Socket - 6789
00:51:30.807 [org.webgme.guest.socket.Socket.main()] INFO  org.webgme.guest.socket.Socket - Waiting for EnergyPlus simulations to join...
connection successful
00:52:17.221 [org.webgme.guest.socket.Socket.main()] INFO  org.webgme.guest.socket.Socket - connection successful
00:52:17.224 [org.webgme.guest.socket.Socket.main()] INFO  org.webgme.guest.socket.Socket - waiting on readyToPopulate...
00:52:17.478 [org.webgme.guest.socket.Socket.main()] INFO  org.webgme.guest.socket.Socket - ...synchronized on readyToPopulate
00:52:17.479 [org.webgme.guest.socket.Socket.main()] INFO  org.webgme.guest.socket.Socket - waiting on readyToRun...
00:52:17.731 [org.webgme.guest.socket.Socket.main()] INFO  org.webgme.guest.socket.Socket - ...synchronized on readyToRun
00:52:17.743 [org.webgme.guest.socket.Socket.main()] INFO  org.webgme.guest.socket.Socket - started logical time progression
in loop header=UPDATE t=0
Received: epSendNetEnergy as 467518.468750
Received: epSendZoneMeanAirTemp as 20.000101
Received: epSendOutdoorAirTemp as 2.250000
Received: epSendZoneHumidity as 28.944389
Received: epSendDayofWeek as 2.000000
Received: epSendEnergyPurchased as 467518.468750
Received: epSendEnergySurplus as 0.000000
Received: epSendSolarRadiation as 0.000000
Received: epSendHeatingSetpoint as 20.000000
Received: epSendCoolingSetpoint as 23.000000
Received: epGetStartHeating as 20.000000
Received: epGetStartCooling as 23.000000
00:52:17.763 [org.webgme.guest.socket.Socket.main()] INFO  org.webgme.guest.socket.Socket - Sent sendEPData interaction from socket0 with epSendNetEnergy@467518.468750,epSendZoneMeanAirTemp@20.000101,epSendOutdoorAirTemp@2.250000,epSendZoneHumidity@28.944389,epSendEnergyPurchased@467518.468750,epSendEnergySurplus@0.000000,epSendSolarRadiation@0.000000,epSendHeatingSetpoint@20.000000,epSendCoolingSetpoint@23.000000,timestep@0.0,
00:52:17.767 [org.webgme.guest.socket.Socket.main()] INFO  org.webgme.guest.socket.Socket - waiting to receive SimTime...
00:52:17.870 [org.webgme.guest.socket.Socket.main()] INFO  org.webgme.guest.socket.Socket - waiting to receive SimTime...
00:52:17.979 [org.webgme.guest.socket.Socket.main()] INFO  org.webgme.guest.socket.Socket - waiting to receive SimTime...
00:52:18.086 [org.webgme.guest.socket.Socket.main()] INFO  org.webgme.guest.socket.Socket - waiting to receive SimTime...
00:52:18.193 [org.webgme.guest.socket.Socket.main()] INFO  org.webgme.guest.socket.Socket - waiting to receive SimTime...
00:52:18.302 [org.webgme.guest.socket.Socket.main()] INFO  org.webgme.guest.socket.Socket - waiting to receive SimTime...
00:52:18.416 [org.webgme.guest.socket.Socket.main()] INFO  org.webgme.guest.socket.Socket - waiting to receive SimTime...
00:52:18.523 [org.webgme.guest.socket.Socket.main()] INFO  org.webgme.guest.socket.Socket - waiting to receive SimTime...
00:52:18.631 [org.webgme.guest.socket.Socket.main()] INFO  org.webgme.guest.socket.Socket - waiting to receive SimTime...
00:52:18.738 [org.webgme.guest.socket.Socket.main()] INFO  org.webgme.guest.socket.Socket - waiting to receive SimTime...
00:52:18.846 [org.webgme.guest.socket.Socket.main()] INFO  org.webgme.guest.socket.Socket - waiting to receive SimTime...
00:52:18.954 [org.webgme.guest.socket.Socket.main()] INFO  org.webgme.guest.socket.Socket - waiting to receive SimTime...
00:52:19.061 [org.webgme.guest.socket.Socket.main()] INFO  org.webgme.guest.socket.Socket - waiting to receive SimTime...
00:52:19.169 [org.webgme.guest.socket.Socket.main()] INFO  org.webgme.guest.socket.Socket - waiting to receive SimTime...
00:52:19.276 [org.webgme.guest.socket.Socket.main()] INFO  org.webgme.guest.socket.Socket - waiting to receive SimTime...
00:52:19.384 [org.webgme.guest.socket.Socket.main()] INFO  org.webgme.guest.socket.Socket - waiting to receive SimTime...
00:52:19.492 [org.webgme.guest.socket.Socket.main()] INFO  org.webgme.guest.socket.Socket - waiting to receive SimTime...
00:52:19.604 [org.webgme.guest.socket.Socket.main()] INFO  org.webgme.guest.socket.Socket - waiting to receive SimTime...
00:52:19.713 [org.webgme.guest.socket.Socket.main()] INFO  org.webgme.guest.socket.Socket - waiting to receive SimTime...
00:52:19.821 [org.webgme.guest.socket.Socket.main()] INFO  org.webgme.guest.socket.Socket - waiting to receive SimTime...
00:52:19.932 [org.webgme.guest.socket.Socket.main()] INFO  org.webgme.guest.socket.Socket - waiting to receive SimTime...
00:52:20.039 [org.webgme.guest.socket.Socket.main()] INFO  org.webgme.guest.socket.Socket - waiting to receive SimTime...
00:52:20.150 [org.webgme.guest.socket.Socket.main()] INFO  org.webgme.guest.socket.Socket - waiting to receive SimTime...
00:52:20.258 [org.webgme.guest.socket.Socket.main()] INFO  org.webgme.guest.socket.Socket - waiting to receive SimTime...
00:52:20.365 [org.webgme.guest.socket.Socket.main()] INFO  org.webgme.guest.socket.Socket - waiting to receive SimTime...
00:52:20.476 [org.webgme.guest.socket.Socket.main()] INFO  org.webgme.guest.socket.Socket - waiting to receive SimTime...
00:52:20.586 [org.webgme.guest.socket.Socket.main()] INFO  org.webgme.guest.socket.Socket - waiting to receive SimTime...
00:52:20.693 [org.webgme.guest.socket.Socket.main()] INFO  org.webgme.guest.socket.Socket - waiting to receive SimTime...
00:52:20.800 [org.webgme.guest.socket.Socket.main()] INFO  org.webgme.guest.socket.Socket - waiting to receive SimTime...
00:52:20.908 [org.webgme.guest.socket.Socket.main()] INFO  org.webgme.guest.socket.Socket - waiting to receive SimTime...
00:52:21.015 [org.webgme.guest.socket.Socket.main()] INFO  org.webgme.guest.socket.Socket - waiting to receive SimTime...
00:52:21.122 [org.webgme.guest.socket.Socket.main()] INFO  org.webgme.guest.socket.Socket - waiting to receive SimTime...
00:52:21.230 [org.webgme.guest.socket.Socket.main()] INFO  org.webgme.guest.socket.Socket - waiting to receive SimTime...
00:52:21.338 [org.webgme.guest.socket.Socket.main()] INFO  org.webgme.guest.socket.Socket - waiting to receive SimTime...
00:52:21.446 [org.webgme.guest.socket.Socket.main()] INFO  org.webgme.guest.socket.Socket - waiting to receive SimTime...
00:52:21.554 [org.webgme.guest.socket.Socket.main()] INFO  org.webgme.guest.socket.Socket - waiting to receive SimTime...
00:52:21.662 [org.webgme.guest.socket.Socket.main()] INFO  org.webgme.guest.socket.Socket - waiting to receive SimTime...
00:52:21.769 [org.webgme.guest.socket.Socket.main()] INFO  org.webgme.guest.socket.Socket - waiting to receive SimTime...
00:52:21.877 [org.webgme.guest.socket.Socket.main()] INFO  org.webgme.guest.socket.Socket - waiting to receive SimTime...
00:52:21.985 [org.webgme.guest.socket.Socket.main()] INFO  org.webgme.guest.socket.Socket - waiting to receive SimTime...
00:52:22.092 [org.webgme.guest.socket.Socket.main()] INFO  org.webgme.guest.socket.Socket - waiting to receive SimTime...
00:52:22.200 [org.webgme.guest.socket.Socket.main()] INFO  org.webgme.guest.socket.Socket - waiting to receive SimTime...
00:52:22.307 [org.webgme.guest.socket.Socket.main()] INFO  org.webgme.guest.socket.Socket - waiting to receive SimTime...
00:52:22.415 [org.webgme.guest.socket.Socket.main()] INFO  org.webgme.guest.socket.Socket - waiting to receive SimTime...
00:52:22.523 [org.webgme.guest.socket.Socket.main()] INFO  org.webgme.guest.socket.Socket - waiting to receive SimTime...
00:52:22.630 [org.webgme.guest.socket.Socket.main()] INFO  org.webgme.guest.socket.Socket - waiting to receive SimTime...
00:52:22.738 [org.webgme.guest.socket.Socket.main()] INFO  org.webgme.guest.socket.Socket - waiting to receive SimTime...
00:52:22.846 [org.webgme.guest.socket.Socket.main()] INFO  org.webgme.guest.socket.Socket - waiting to receive SimTime...
00:52:22.954 [org.webgme.guest.socket.Socket.main()] INFO  org.webgme.guest.socket.Socket - waiting to receive SimTime...
00:52:23.061 [org.webgme.guest.socket.Socket.main()] INFO  org.webgme.guest.socket.Socket - waiting to receive SimTime...
00:52:23.171 [org.webgme.guest.socket.Socket.main()] INFO  org.webgme.guest.socket.Socket - waiting to receive SimTime...
00:52:23.280 [org.webgme.guest.socket.Socket.main()] INFO  org.webgme.guest.socket.Socket - waiting to receive SimTime...
00:52:23.387 [org.webgme.guest.socket.Socket.main()] INFO  org.webgme.guest.socket.Socket - waiting to receive SimTime...
00:52:23.495 [org.webgme.guest.socket.Socket.main()] INFO  org.webgme.guest.socket.Socket - waiting to receive SimTime...
00:52:23.608 [org.webgme.guest.socket.Socket.main()] INFO  org.webgme.guest.socket.Socket - waiting to receive SimTime...
00:52:23.720 [org.webgme.guest.socket.Socket.main()] INFO  org.webgme.guest.socket.Socket - waiting to receive SimTime...
00:52:23.829 [org.webgme.guest.socket.Socket.main()] INFO  org.webgme.guest.socket.Socket - waiting to receive SimTime...
00:52:23.935 [org.webgme.guest.socket.Socket.main()] INFO  org.webgme.guest.socket.Socket - waiting to receive SimTime...
00:52:24.041 [org.webgme.guest.socket.Socket.main()] INFO  org.webgme.guest.socket.Socket - waiting to receive SimTime...
00:52:24.151 [org.webgme.guest.socket.Socket.main()] INFO  org.webgme.guest.socket.Socket - waiting to receive SimTime...
00:52:24.258 [org.webgme.guest.socket.Socket.main()] INFO  org.webgme.guest.socket.Socket - waiting to receive SimTime...
00:52:24.365 [org.webgme.guest.socket.Socket.main()] INFO  org.webgme.guest.socket.Socket - waiting to receive SimTime...
00:52:24.471 [org.webgme.guest.socket.Socket.main()] INFO  org.webgme.guest.socket.Socket - waiting to receive SimTime...
00:52:24.579 [org.webgme.guest.socket.Socket.main()] INFO  org.webgme.guest.socket.Socket - waiting to receive SimTime...
00:52:24.686 [org.webgme.guest.socket.Socket.main()] INFO  org.webgme.guest.socket.Socket - waiting to receive SimTime...
00:52:24.793 [org.webgme.guest.socket.Socket.main()] INFO  org.webgme.guest.socket.Socket - waiting to receive SimTime...
00:52:24.902 [org.webgme.guest.socket.Socket.main()] INFO  org.webgme.guest.socket.Socket - waiting to receive SimTime...
00:52:25.010 [org.webgme.guest.socket.Socket.main()] INFO  org.webgme.guest.socket.Socket - waiting to receive SimTime...
00:52:25.117 [org.webgme.guest.socket.Socket.main()] INFO  org.webgme.guest.socket.Socket - waiting to receive SimTime...
00:52:25.225 [org.webgme.guest.socket.Socket.main()] INFO  org.webgme.guest.socket.Socket - waiting to receive SimTime...
00:52:25.330 [org.webgme.guest.socket.Socket.main()] INFO  org.webgme.guest.socket.Socket - waiting to receive SimTime...
00:52:25.436 [org.webgme.guest.socket.Socket.main()] INFO  org.webgme.guest.socket.Socket - waiting to receive SimTime...
00:52:25.542 [org.webgme.guest.socket.Socket.main()] INFO  org.webgme.guest.socket.Socket - waiting to receive SimTime...
00:52:25.648 [org.webgme.guest.socket.Socket.main()] INFO  org.webgme.guest.socket.Socket - waiting to receive SimTime...
00:52:25.755 [org.webgme.guest.socket.Socket.main()] INFO  org.webgme.guest.socket.Socket - waiting to receive SimTime...
00:52:25.862 [org.webgme.guest.socket.Socket.main()] INFO  org.webgme.guest.socket.Socket - waiting to receive SimTime...
00:52:25.968 [org.webgme.guest.socket.Socket.main()] INFO  org.webgme.guest.socket.Socket - waiting to receive SimTime...
00:52:26.080 [org.webgme.guest.socket.Socket.main()] INFO  org.webgme.guest.socket.Socket - waiting to receive SimTime...
00:52:26.187 [org.webgme.guest.socket.Socket.main()] INFO  org.webgme.guest.socket.Socket - waiting to receive SimTime...
00:52:26.295 [org.webgme.guest.socket.Socket.main()] INFO  org.webgme.guest.socket.Socket - waiting to receive SimTime...
00:52:26.406 [org.webgme.guest.socket.Socket.main()] INFO  org.webgme.guest.socket.Socket - waiting to receive SimTime...
00:52:26.512 [org.webgme.guest.socket.Socket.main()] INFO  org.webgme.guest.socket.Socket - waiting to receive SimTime...
00:52:26.618 [org.webgme.guest.socket.Socket.main()] INFO  org.webgme.guest.socket.Socket - waiting to receive SimTime...
00:52:26.732 [org.webgme.guest.socket.Socket.main()] INFO  org.webgme.guest.socket.Socket - waiting to receive SimTime...
00:52:26.838 [org.webgme.guest.socket.Socket.main()] INFO  org.webgme.guest.socket.Socket - waiting to receive SimTime...
00:52:26.943 [org.webgme.guest.socket.Socket.main()] INFO  org.webgme.guest.socket.Socket - waiting to receive SimTime...
00:52:27.050 [org.webgme.guest.socket.Socket.main()] INFO  org.webgme.guest.socket.Socket - waiting to receive SimTime...
00:52:27.158 [org.webgme.guest.socket.Socket.main()] INFO  org.webgme.guest.socket.Socket - waiting to receive SimTime...
00:52:27.267 [org.webgme.guest.socket.Socket.main()] INFO  org.webgme.guest.socket.Socket - waiting to receive SimTime...
00:52:27.377 [org.webgme.guest.socket.Socket.main()] INFO  org.webgme.guest.socket.Socket - waiting to receive SimTime...
00:52:27.483 [org.webgme.guest.socket.Socket.main()] INFO  org.webgme.guest.socket.Socket - waiting to receive SimTime...
00:52:27.591 [org.webgme.guest.socket.Socket.main()] INFO  org.webgme.guest.socket.Socket - waiting to receive SimTime...
00:52:27.698 [org.webgme.guest.socket.Socket.main()] INFO  org.webgme.guest.socket.Socket - waiting to receive SimTime...
00:52:27.807 [org.webgme.guest.socket.Socket.main()] INFO  org.webgme.guest.socket.Socket - waiting to receive SimTime...
00:52:27.914 [org.webgme.guest.socket.Socket.main()] INFO  org.webgme.guest.socket.Socket - waiting to receive SimTime...
00:52:28.020 [org.webgme.guest.socket.Socket.main()] INFO  org.webgme.guest.socket.Socket - waiting to receive SimTime...
00:52:28.125 [org.webgme.guest.socket.Socket.main()] INFO  org.webgme.guest.socket.Socket - waiting to receive SimTime...
00:52:28.232 [org.webgme.guest.socket.Socket.main()] INFO  org.webgme.guest.socket.Socket - waiting to receive SimTime...
00:52:28.338 [org.webgme.guest.socket.Socket.main()] INFO  org.webgme.guest.socket.Socket - waiting to receive SimTime...
00:52:28.444 [org.webgme.guest.socket.Socket.main()] INFO  org.webgme.guest.socket.Socket - waiting to receive SimTime...
00:52:28.555 [org.webgme.guest.socket.Socket.main()] INFO  org.webgme.guest.socket.Socket - waiting to receive SimTime...
00:52:28.662 [org.webgme.guest.socket.Socket.main()] INFO  org.webgme.guest.socket.Socket - waiting to receive SimTime...
00:52:28.768 [org.webgme.guest.socket.Socket.main()] INFO  org.webgme.guest.socket.Socket - waiting to receive SimTime...
00:52:28.874 [org.webgme.guest.socket.Socket.main()] INFO  org.webgme.guest.socket.Socket - waiting to receive SimTime...
00:52:28.980 [org.webgme.guest.socket.Socket.main()] INFO  org.webgme.guest.socket.Socket - waiting to receive SimTime...
00:52:29.087 [org.webgme.guest.socket.Socket.main()] INFO  org.webgme.guest.socket.Socket - waiting to receive SimTime...
00:52:29.194 [org.webgme.guest.socket.Socket.main()] INFO  org.webgme.guest.socket.Socket - waiting to receive SimTime...
00:52:29.299 [org.webgme.guest.socket.Socket.main()] INFO  org.webgme.guest.socket.Socket - waiting to receive SimTime...
00:52:29.406 [org.webgme.guest.socket.Socket.main()] INFO  org.webgme.guest.socket.Socket - waiting to receive SimTime...
00:52:29.512 [org.webgme.guest.socket.Socket.main()] INFO  org.webgme.guest.socket.Socket - waiting to receive SimTime...
00:52:29.622 [org.webgme.guest.socket.Socket.main()] INFO  org.webgme.guest.socket.Socket - waiting to receive SimTime...
00:52:29.728 [org.webgme.guest.socket.Socket.main()] INFO  org.webgme.guest.socket.Socket - waiting to receive SimTime...
00:52:29.837 [org.webgme.guest.socket.Socket.main()] INFO  org.webgme.guest.socket.Socket - waiting to receive SimTime...
00:52:29.943 [org.webgme.guest.socket.Socket.main()] INFO  org.webgme.guest.socket.Socket - waiting to receive SimTime...
00:52:30.056 [org.webgme.guest.socket.Socket.main()] INFO  org.webgme.guest.socket.Socket - waiting to receive SimTime...
00:52:30.162 [org.webgme.guest.socket.Socket.main()] INFO  org.webgme.guest.socket.Socket - waiting to receive SimTime...
00:52:30.268 [org.webgme.guest.socket.Socket.main()] INFO  org.webgme.guest.socket.Socket - waiting to receive SimTime...
00:52:30.373 [org.webgme.guest.socket.Socket.main()] INFO  org.webgme.guest.socket.Socket - waiting to receive SimTime...
00:52:30.479 [org.webgme.guest.socket.Socket.main()] INFO  org.webgme.guest.socket.Socket - waiting to receive SimTime...
00:52:30.585 [org.webgme.guest.socket.Socket.main()] INFO  org.webgme.guest.socket.Socket - waiting to receive SimTime...
00:52:30.690 [org.webgme.guest.socket.Socket.main()] INFO  org.webgme.guest.socket.Socket - waiting to receive SimTime...
00:52:30.798 [org.webgme.guest.socket.Socket.main()] INFO  org.webgme.guest.socket.Socket - waiting to receive SimTime...
00:52:30.905 [org.webgme.guest.socket.Socket.main()] INFO  org.webgme.guest.socket.Socket - waiting to receive SimTime...
00:52:31.015 [org.webgme.guest.socket.Socket.main()] INFO  org.webgme.guest.socket.Socket - waiting to receive SimTime...
00:52:31.122 [org.webgme.guest.socket.Socket.main()] INFO  org.webgme.guest.socket.Socket - waiting to receive SimTime...
00:52:31.230 [org.webgme.guest.socket.Socket.main()] INFO  org.webgme.guest.socket.Socket - waiting to receive SimTime...
00:52:31.338 [org.webgme.guest.socket.Socket.main()] INFO  org.webgme.guest.socket.Socket - waiting to receive SimTime...
00:52:31.445 [org.webgme.guest.socket.Socket.main()] INFO  org.webgme.guest.socket.Socket - waiting to receive SimTime...
00:52:31.552 [org.webgme.guest.socket.Socket.main()] INFO  org.webgme.guest.socket.Socket - waiting to receive SimTime...
00:52:31.659 [org.webgme.guest.socket.Socket.main()] INFO  org.webgme.guest.socket.Socket - waiting to receive SimTime...
00:52:31.768 [org.webgme.guest.socket.Socket.main()] INFO  org.webgme.guest.socket.Socket - waiting to receive SimTime...
00:52:31.876 [org.webgme.guest.socket.Socket.main()] INFO  org.webgme.guest.socket.Socket - waiting to receive SimTime...
00:52:31.984 [org.webgme.guest.socket.Socket.main()] INFO  org.webgme.guest.socket.Socket - waiting to receive SimTime...
00:52:32.095 [org.webgme.guest.socket.Socket.main()] INFO  org.webgme.guest.socket.Socket - waiting to receive SimTime...
00:52:32.201 [org.webgme.guest.socket.Socket.main()] INFO  org.webgme.guest.socket.Socket - waiting to receive SimTime...
00:52:32.308 [org.webgme.guest.socket.Socket.main()] INFO  org.webgme.guest.socket.Socket - waiting to receive SimTime...
00:52:32.414 [org.webgme.guest.socket.Socket.main()] INFO  org.webgme.guest.socket.Socket - waiting to receive SimTime...
00:52:32.520 [org.webgme.guest.socket.Socket.main()] INFO  org.webgme.guest.socket.Socket - waiting to receive SimTime...
00:52:32.626 [org.webgme.guest.socket.Socket.main()] INFO  org.webgme.guest.socket.Socket - waiting to receive SimTime...
00:52:32.732 [org.webgme.guest.socket.Socket.main()] INFO  org.webgme.guest.socket.Socket - waiting to receive SimTime...
00:52:32.838 [org.webgme.guest.socket.Socket.main()] INFO  org.webgme.guest.socket.Socket - waiting to receive SimTime...
00:52:32.944 [org.webgme.guest.socket.Socket.main()] INFO  org.webgme.guest.socket.Socket - waiting to receive SimTime...
00:52:33.051 [org.webgme.guest.socket.Socket.main()] INFO  org.webgme.guest.socket.Socket - waiting to receive SimTime...
00:52:33.157 [org.webgme.guest.socket.Socket.main()] INFO  org.webgme.guest.socket.Socket - waiting to receive SimTime...
00:52:33.263 [org.webgme.guest.socket.Socket.main()] INFO  org.webgme.guest.socket.Socket - waiting to receive SimTime...
00:52:33.369 [org.webgme.guest.socket.Socket.main()] INFO  org.webgme.guest.socket.Socket - waiting to receive SimTime...
00:52:33.475 [org.webgme.guest.socket.Socket.main()] INFO  org.webgme.guest.socket.Socket - waiting to receive SimTime...
00:52:33.581 [org.webgme.guest.socket.Socket.main()] INFO  org.webgme.guest.socket.Socket - waiting to receive SimTime...
00:52:33.689 [org.webgme.guest.socket.Socket.main()] INFO  org.webgme.guest.socket.Socket - waiting to receive SimTime...
00:52:33.796 [org.webgme.guest.socket.Socket.main()] INFO  org.webgme.guest.socket.Socket - waiting to receive SimTime...
00:52:33.902 [org.webgme.guest.socket.Socket.main()] INFO  org.webgme.guest.socket.Socket - waiting to receive SimTime...
00:52:34.008 [org.webgme.guest.socket.Socket.main()] INFO  org.webgme.guest.socket.Socket - waiting to receive SimTime...
00:52:34.114 [org.webgme.guest.socket.Socket.main()] INFO  org.webgme.guest.socket.Socket - waiting to receive SimTime...
00:52:34.220 [org.webgme.guest.socket.Socket.main()] INFO  org.webgme.guest.socket.Socket - waiting to receive SimTime...
00:52:34.326 [org.webgme.guest.socket.Socket.main()] INFO  org.webgme.guest.socket.Socket - waiting to receive SimTime...
00:52:34.433 [org.webgme.guest.socket.Socket.main()] INFO  org.webgme.guest.socket.Socket - waiting to receive SimTime...
00:52:34.539 [org.webgme.guest.socket.Socket.main()] INFO  org.webgme.guest.socket.Socket - waiting to receive SimTime...
00:52:34.647 [org.webgme.guest.socket.Socket.main()] INFO  org.webgme.guest.socket.Socket - waiting to receive SimTime...
00:52:34.754 [org.webgme.guest.socket.Socket.main()] INFO  org.webgme.guest.socket.Socket - waiting to receive SimTime...
00:52:34.860 [org.webgme.guest.socket.Socket.main()] INFO  org.webgme.guest.socket.Socket - waiting to receive SimTime...
00:52:34.967 [org.webgme.guest.socket.Socket.main()] INFO  org.webgme.guest.socket.Socket - waiting to receive SimTime...
00:52:35.072 [org.webgme.guest.socket.Socket.main()] INFO  org.webgme.guest.socket.Socket - waiting to receive SimTime...
00:52:35.178 [org.webgme.guest.socket.Socket.main()] INFO  org.webgme.guest.socket.Socket - waiting to receive SimTime...
00:52:35.287 [org.webgme.guest.socket.Socket.main()] INFO  org.webgme.guest.socket.Socket - waiting to receive SimTime...
00:52:35.394 [org.webgme.guest.socket.Socket.main()] INFO  org.webgme.guest.socket.Socket - waiting to receive SimTime...
00:52:35.502 [org.webgme.guest.socket.Socket.main()] INFO  org.webgme.guest.socket.Socket - waiting to receive SimTime...
00:52:35.607 [org.webgme.guest.socket.Socket.main()] INFO  org.webgme.guest.socket.Socket - waiting to receive SimTime...
00:52:35.713 [org.webgme.guest.socket.Socket.main()] INFO  org.webgme.guest.socket.Socket - waiting to receive SimTime...
00:52:35.818 [org.webgme.guest.socket.Socket.main()] INFO  org.webgme.guest.socket.Socket - waiting to receive SimTime...
00:52:35.927 [org.webgme.guest.socket.Socket.main()] INFO  org.webgme.guest.socket.Socket - waiting to receive SimTime...
00:52:36.033 [org.webgme.guest.socket.Socket.main()] INFO  org.webgme.guest.socket.Socket - waiting to receive SimTime...
00:52:36.138 [org.webgme.guest.socket.Socket.main()] INFO  org.webgme.guest.socket.Socket - waiting to receive SimTime...
00:52:36.244 [org.webgme.guest.socket.Socket.main()] INFO  org.webgme.guest.socket.Socket - waiting to receive SimTime...
00:52:36.351 [org.webgme.guest.socket.Socket.main()] INFO  org.webgme.guest.socket.Socket - waiting to receive SimTime...
00:52:36.457 [org.webgme.guest.socket.Socket.main()] INFO  org.webgme.guest.socket.Socket - waiting to receive SimTime...
00:52:36.567 [org.webgme.guest.socket.Socket.main()] INFO  org.webgme.guest.socket.Socket - waiting to receive SimTime...
00:52:36.674 [org.webgme.guest.socket.Socket.main()] INFO  org.webgme.guest.socket.Socket - waiting to receive SimTime...
00:52:36.780 [org.webgme.guest.socket.Socket.main()] INFO  org.webgme.guest.socket.Socket - waiting to receive SimTime...
00:52:36.891 [org.webgme.guest.socket.Socket.main()] INFO  org.webgme.guest.socket.Socket - waiting to receive SimTime...
00:52:36.999 [org.webgme.guest.socket.Socket.main()] INFO  org.webgme.guest.socket.Socket - waiting to receive SimTime...
00:52:37.107 [org.webgme.guest.socket.Socket.main()] INFO  org.webgme.guest.socket.Socket - waiting to receive SimTime...
00:52:37.214 [org.webgme.guest.socket.Socket.main()] INFO  org.webgme.guest.socket.Socket - waiting to receive SimTime...
00:52:37.323 [org.webgme.guest.socket.Socket.main()] INFO  org.webgme.guest.socket.Socket - waiting to receive SimTime...
00:52:37.429 [org.webgme.guest.socket.Socket.main()] INFO  org.webgme.guest.socket.Socket - waiting to receive SimTime...
00:52:37.536 [org.webgme.guest.socket.Socket.main()] INFO  org.webgme.guest.socket.Socket - waiting to receive SimTime...
00:52:37.644 [org.webgme.guest.socket.Socket.main()] INFO  org.webgme.guest.socket.Socket - waiting to receive SimTime...
00:52:37.751 [org.webgme.guest.socket.Socket.main()] INFO  org.webgme.guest.socket.Socket - waiting to receive SimTime...
00:52:37.858 [org.webgme.guest.socket.Socket.main()] INFO  org.webgme.guest.socket.Socket - waiting to receive SimTime...
00:52:37.964 [org.webgme.guest.socket.Socket.main()] INFO  org.webgme.guest.socket.Socket - waiting to receive SimTime...
00:52:38.070 [org.webgme.guest.socket.Socket.main()] INFO  org.webgme.guest.socket.Socket - waiting to receive SimTime...
00:52:38.177 [org.webgme.guest.socket.Socket.main()] INFO  org.webgme.guest.socket.Socket - waiting to receive SimTime...
00:52:38.286 [org.webgme.guest.socket.Socket.main()] INFO  org.webgme.guest.socket.Socket - waiting to receive SimTime...
00:52:38.398 [org.webgme.guest.socket.Socket.main()] INFO  org.webgme.guest.socket.Socket - waiting to receive SimTime...
00:52:38.505 [org.webgme.guest.socket.Socket.main()] INFO  org.webgme.guest.socket.Socket - waiting to receive SimTime...
00:52:38.619 [org.webgme.guest.socket.Socket.main()] INFO  org.webgme.guest.socket.Socket - waiting to receive SimTime...
00:52:38.725 [org.webgme.guest.socket.Socket.main()] INFO  org.webgme.guest.socket.Socket - waiting to receive SimTime...
00:52:38.833 [org.webgme.guest.socket.Socket.main()] INFO  org.webgme.guest.socket.Socket - waiting to receive SimTime...
00:52:38.940 [org.webgme.guest.socket.Socket.main()] INFO  org.webgme.guest.socket.Socket - waiting to receive SimTime...
00:52:39.049 [org.webgme.guest.socket.Socket.main()] INFO  org.webgme.guest.socket.Socket - waiting to receive SimTime...
00:52:39.158 [org.webgme.guest.socket.Socket.main()] INFO  org.webgme.guest.socket.Socket - waiting to receive SimTime...
00:52:39.268 [org.webgme.guest.socket.Socket.main()] INFO  org.webgme.guest.socket.Socket - waiting to receive SimTime...
00:52:39.378 [org.webgme.guest.socket.Socket.main()] INFO  org.webgme.guest.socket.Socket - waiting to receive SimTime...
00:52:39.485 [org.webgme.guest.socket.Socket.main()] INFO  org.webgme.guest.socket.Socket - waiting to receive SimTime...
00:52:39.593 [org.webgme.guest.socket.Socket.main()] INFO  org.webgme.guest.socket.Socket - waiting to receive SimTime...
00:52:39.700 [org.webgme.guest.socket.Socket.main()] INFO  org.webgme.guest.socket.Socket - waiting to receive SimTime...
00:52:39.808 [org.webgme.guest.socket.Socket.main()] INFO  org.webgme.guest.socket.Socket - waiting to receive SimTime...
00:52:39.917 [org.webgme.guest.socket.Socket.main()] INFO  org.webgme.guest.socket.Socket - waiting to receive SimTime...
00:52:40.022 [org.webgme.guest.socket.Socket.main()] INFO  org.webgme.guest.socket.Socket - waiting to receive SimTime...
00:52:40.128 [org.webgme.guest.socket.Socket.main()] INFO  org.webgme.guest.socket.Socket - waiting to receive SimTime...
00:52:40.235 [org.webgme.guest.socket.Socket.main()] INFO  org.webgme.guest.socket.Socket - waiting to receive SimTime...
00:52:40.340 [org.webgme.guest.socket.Socket.main()] INFO  org.webgme.guest.socket.Socket - waiting to receive SimTime...
00:52:40.449 [org.webgme.guest.socket.Socket.main()] INFO  org.webgme.guest.socket.Socket - waiting to receive SimTime...
00:52:40.555 [org.webgme.guest.socket.Socket.main()] INFO  org.webgme.guest.socket.Socket - waiting to receive SimTime...
00:52:40.661 [org.webgme.guest.socket.Socket.main()] INFO  org.webgme.guest.socket.Socket - waiting to receive SimTime...
00:52:40.768 [org.webgme.guest.socket.Socket.main()] INFO  org.webgme.guest.socket.Socket - waiting to receive SimTime...
00:52:40.874 [org.webgme.guest.socket.Socket.main()] INFO  org.webgme.guest.socket.Socket - waiting to receive SimTime...
00:52:40.980 [org.webgme.guest.socket.Socket.main()] INFO  org.webgme.guest.socket.Socket - waiting to receive SimTime...
00:52:41.087 [org.webgme.guest.socket.Socket.main()] INFO  org.webgme.guest.socket.Socket - waiting to receive SimTime...
00:52:41.193 [org.webgme.guest.socket.Socket.main()] INFO  org.webgme.guest.socket.Socket - waiting to receive SimTime...
00:52:41.299 [org.webgme.guest.socket.Socket.main()] INFO  org.webgme.guest.socket.Socket - waiting to receive SimTime...
00:52:41.405 [org.webgme.guest.socket.Socket.main()] INFO  org.webgme.guest.socket.Socket - waiting to receive SimTime...
00:52:41.513 [org.webgme.guest.socket.Socket.main()] INFO  org.webgme.guest.socket.Socket - waiting to receive SimTime...
00:52:41.619 [org.webgme.guest.socket.Socket.main()] INFO  org.webgme.guest.socket.Socket - waiting to receive SimTime...
00:52:41.725 [org.webgme.guest.socket.Socket.main()] INFO  org.webgme.guest.socket.Socket - waiting to receive SimTime...
00:52:41.831 [org.webgme.guest.socket.Socket.main()] INFO  org.webgme.guest.socket.Socket - waiting to receive SimTime...
00:52:41.937 [org.webgme.guest.socket.Socket.main()] INFO  org.webgme.guest.socket.Socket - waiting to receive SimTime...
00:52:42.042 [org.webgme.guest.socket.Socket.main()] INFO  org.webgme.guest.socket.Socket - waiting to receive SimTime...
00:52:42.148 [org.webgme.guest.socket.Socket.main()] INFO  org.webgme.guest.socket.Socket - waiting to receive SimTime...
00:52:42.254 [org.webgme.guest.socket.Socket.main()] INFO  org.webgme.guest.socket.Socket - waiting to receive SimTime...
00:52:42.360 [org.webgme.guest.socket.Socket.main()] INFO  org.webgme.guest.socket.Socket - waiting to receive SimTime...
