[INFO] Scanning for projects...
[INFO]                                                                         
[INFO] ------------------------------------------------------------------------
[INFO] Building EnergyPlusOpt2Fed_exec 0.1.0-SNAPSHOT
[INFO] ------------------------------------------------------------------------
[INFO] 
[INFO] --- exec-maven-plugin:1.5.0:java (default-cli) @ EnergyPlusOpt2Fed_exec ---

-------------------------------------------------------------------
GMS: address=vagrant-17313, cluster=EnergyPlusOpt2Fed1, physical address=172.16.119.10:41411
-------------------------------------------------------------------
18:06:21.406 [org.webgme.guest.socket.Socket.main()] INFO  org.webgme.guest.socket.Socket - create bufferedReader
18:06:21.411 [org.webgme.guest.socket.Socket.main()] INFO  org.webgme.guest.socket.Socket - bufferedreader successful
18:06:21.412 [org.webgme.guest.socket.Socket.main()] INFO  org.webgme.guest.socket.Socket - ip_adress:
18:06:21.414 [org.webgme.guest.socket.Socket.main()] INFO  org.webgme.guest.socket.Socket - port_number:
18:06:21.416 [org.webgme.guest.socket.Socket.main()] INFO  org.webgme.guest.socket.Socket - 172.16.119.10
18:06:21.417 [org.webgme.guest.socket.Socket.main()] INFO  org.webgme.guest.socket.Socket - 6789
18:06:21.419 [org.webgme.guest.socket.Socket.main()] INFO  org.webgme.guest.socket.Socket - Waiting for EnergyPlus simulations to join...
connection successful
18:07:04.792 [org.webgme.guest.socket.Socket.main()] INFO  org.webgme.guest.socket.Socket - connection successful
18:07:04.796 [org.webgme.guest.socket.Socket.main()] INFO  org.webgme.guest.socket.Socket - waiting on readyToPopulate...
18:07:05.049 [org.webgme.guest.socket.Socket.main()] INFO  org.webgme.guest.socket.Socket - ...synchronized on readyToPopulate
18:07:05.053 [org.webgme.guest.socket.Socket.main()] INFO  org.webgme.guest.socket.Socket - waiting on readyToRun...
18:07:05.312 [org.webgme.guest.socket.Socket.main()] INFO  org.webgme.guest.socket.Socket - ...synchronized on readyToRun
18:07:05.314 [org.webgme.guest.socket.Socket.main()] INFO  org.webgme.guest.socket.Socket - started logical time progression
in loop header=UPDATE t=0
Received: epSendNetEnergy as 467551.687500
Received: epSendZoneMeanAirTemp as 20.000101
Received: epSendOutdoorAirTemp as 2.250000
Received: epSendZoneHumidity as 28.944349
Received: epSendDayofWeek as 2.000000
Received: epSendEnergyPurchased as 467551.687500
Received: epSendEnergySurplus as 0.000000
Received: epSendSolarRadiation as 0.000000
Received: epSendHeatingSetpoint as 20.000000
Received: epSendCoolingSetpoint as 23.000000
Received: epGetStartHeating as 20.000000
Received: epGetStartCooling as 23.000000
18:07:05.324 [org.webgme.guest.socket.Socket.main()] INFO  org.webgme.guest.socket.Socket - Sent sendEPData interaction from socket0 with epSendNetEnergy@467551.687500,epSendZoneMeanAirTemp@20.000101,epSendOutdoorAirTemp@2.250000,epSendZoneHumidity@28.944349,epSendEnergyPurchased@467551.687500,epSendEnergySurplus@0.000000,epSendSolarRadiation@0.000000,epSendHeatingSetpoint@20.000000,epSendCoolingSetpoint@23.000000,timestep@0.0,
18:07:05.329 [org.webgme.guest.socket.Socket.main()] INFO  org.webgme.guest.socket.Socket - waiting to receive SimTime...
18:07:05.432 [org.webgme.guest.socket.Socket.main()] INFO  org.webgme.guest.socket.Socket - waiting to receive SimTime...
18:07:05.540 [org.webgme.guest.socket.Socket.main()] INFO  org.webgme.guest.socket.Socket - waiting to receive SimTime...
18:07:05.649 [org.webgme.guest.socket.Socket.main()] INFO  org.webgme.guest.socket.Socket - waiting to receive SimTime...
18:07:05.758 [org.webgme.guest.socket.Socket.main()] INFO  org.webgme.guest.socket.Socket - waiting to receive SimTime...
18:07:05.865 [org.webgme.guest.socket.Socket.main()] INFO  org.webgme.guest.socket.Socket - waiting to receive SimTime...
18:07:05.972 [org.webgme.guest.socket.Socket.main()] INFO  org.webgme.guest.socket.Socket - waiting to receive SimTime...
18:07:06.079 [org.webgme.guest.socket.Socket.main()] INFO  org.webgme.guest.socket.Socket - waiting to receive SimTime...
18:07:06.188 [org.webgme.guest.socket.Socket.main()] INFO  org.webgme.guest.socket.Socket - waiting to receive SimTime...
18:07:06.297 [org.webgme.guest.socket.Socket.main()] INFO  org.webgme.guest.socket.Socket - waiting to receive SimTime...
18:07:06.404 [org.webgme.guest.socket.Socket.main()] INFO  org.webgme.guest.socket.Socket - waiting to receive SimTime...
18:07:06.511 [org.webgme.guest.socket.Socket.main()] INFO  org.webgme.guest.socket.Socket - waiting to receive SimTime...
18:07:06.623 [org.webgme.guest.socket.Socket.main()] INFO  org.webgme.guest.socket.Socket - waiting to receive SimTime...
18:07:06.733 [org.webgme.guest.socket.Socket.main()] INFO  org.webgme.guest.socket.Socket - waiting to receive SimTime...
18:07:06.840 [org.webgme.guest.socket.Socket.main()] INFO  org.webgme.guest.socket.Socket - waiting to receive SimTime...
18:07:06.950 [org.webgme.guest.socket.Socket.main()] INFO  org.webgme.guest.socket.Socket - waiting to receive SimTime...
18:07:07.058 [org.webgme.guest.socket.Socket.main()] INFO  org.webgme.guest.socket.Socket - waiting to receive SimTime...
18:07:07.165 [org.webgme.guest.socket.Socket.main()] INFO  org.webgme.guest.socket.Socket - waiting to receive SimTime...
18:07:07.272 [org.webgme.guest.socket.Socket.main()] INFO  org.webgme.guest.socket.Socket - waiting to receive SimTime...
18:07:07.377 [org.webgme.guest.socket.Socket.main()] INFO  org.webgme.guest.socket.Socket - waiting to receive SimTime...
18:07:07.484 [org.webgme.guest.socket.Socket.main()] INFO  org.webgme.guest.socket.Socket - waiting to receive SimTime...
18:07:07.593 [org.webgme.guest.socket.Socket.main()] INFO  org.webgme.guest.socket.Socket - waiting to receive SimTime...
18:07:07.704 [org.webgme.guest.socket.Socket.main()] INFO  org.webgme.guest.socket.Socket - waiting to receive SimTime...
18:07:07.811 [org.webgme.guest.socket.Socket.main()] INFO  org.webgme.guest.socket.Socket - waiting to receive SimTime...
18:07:07.919 [org.webgme.guest.socket.Socket.main()] INFO  org.webgme.guest.socket.Socket - waiting to receive SimTime...
18:07:08.026 [org.webgme.guest.socket.Socket.main()] INFO  org.webgme.guest.socket.Socket - waiting to receive SimTime...
18:07:08.133 [org.webgme.guest.socket.Socket.main()] INFO  org.webgme.guest.socket.Socket - waiting to receive SimTime...
18:07:08.238 [org.webgme.guest.socket.Socket.main()] INFO  org.webgme.guest.socket.Socket - waiting to receive SimTime...
18:07:08.345 [org.webgme.guest.socket.Socket.main()] INFO  org.webgme.guest.socket.Socket - waiting to receive SimTime...
18:07:08.450 [org.webgme.guest.socket.Socket.main()] INFO  org.webgme.guest.socket.Socket - waiting to receive SimTime...
18:07:08.556 [org.webgme.guest.socket.Socket.main()] INFO  org.webgme.guest.socket.Socket - waiting to receive SimTime...
18:07:08.663 [org.webgme.guest.socket.Socket.main()] INFO  org.webgme.guest.socket.Socket - waiting to receive SimTime...
18:07:08.770 [org.webgme.guest.socket.Socket.main()] INFO  org.webgme.guest.socket.Socket - waiting to receive SimTime...
18:07:08.877 [org.webgme.guest.socket.Socket.main()] INFO  org.webgme.guest.socket.Socket - waiting to receive SimTime...
18:07:08.984 [org.webgme.guest.socket.Socket.main()] INFO  org.webgme.guest.socket.Socket - waiting to receive SimTime...
18:07:09.090 [org.webgme.guest.socket.Socket.main()] INFO  org.webgme.guest.socket.Socket - waiting to receive SimTime...
18:07:09.196 [org.webgme.guest.socket.Socket.main()] INFO  org.webgme.guest.socket.Socket - waiting to receive SimTime...
18:07:09.302 [org.webgme.guest.socket.Socket.main()] INFO  org.webgme.guest.socket.Socket - waiting to receive SimTime...
18:07:09.409 [org.webgme.guest.socket.Socket.main()] INFO  org.webgme.guest.socket.Socket - waiting to receive SimTime...
18:07:09.515 [org.webgme.guest.socket.Socket.main()] INFO  org.webgme.guest.socket.Socket - waiting to receive SimTime...
18:07:09.622 [org.webgme.guest.socket.Socket.main()] INFO  org.webgme.guest.socket.Socket - waiting to receive SimTime...
18:07:09.727 [org.webgme.guest.socket.Socket.main()] INFO  org.webgme.guest.socket.Socket - waiting to receive SimTime...
18:07:09.833 [org.webgme.guest.socket.Socket.main()] INFO  org.webgme.guest.socket.Socket - waiting to receive SimTime...
18:07:09.938 [org.webgme.guest.socket.Socket.main()] INFO  org.webgme.guest.socket.Socket - waiting to receive SimTime...
18:07:10.044 [org.webgme.guest.socket.Socket.main()] INFO  org.webgme.guest.socket.Socket - waiting to receive SimTime...
18:07:10.149 [org.webgme.guest.socket.Socket.main()] INFO  org.webgme.guest.socket.Socket - waiting to receive SimTime...
18:07:10.254 [org.webgme.guest.socket.Socket.main()] INFO  org.webgme.guest.socket.Socket - waiting to receive SimTime...
18:07:10.360 [org.webgme.guest.socket.Socket.main()] INFO  org.webgme.guest.socket.Socket - waiting to receive SimTime...
18:07:10.465 [org.webgme.guest.socket.Socket.main()] INFO  org.webgme.guest.socket.Socket - waiting to receive SimTime...
18:07:10.572 [org.webgme.guest.socket.Socket.main()] INFO  org.webgme.guest.socket.Socket - waiting to receive SimTime...
18:07:10.678 [org.webgme.guest.socket.Socket.main()] INFO  org.webgme.guest.socket.Socket - waiting to receive SimTime...
18:07:10.784 [org.webgme.guest.socket.Socket.main()] INFO  org.webgme.guest.socket.Socket - waiting to receive SimTime...
18:07:10.890 [org.webgme.guest.socket.Socket.main()] INFO  org.webgme.guest.socket.Socket - waiting to receive SimTime...
18:07:10.996 [org.webgme.guest.socket.Socket.main()] INFO  org.webgme.guest.socket.Socket - waiting to receive SimTime...
18:07:11.101 [org.webgme.guest.socket.Socket.main()] INFO  org.webgme.guest.socket.Socket - waiting to receive SimTime...
18:07:11.207 [org.webgme.guest.socket.Socket.main()] INFO  org.webgme.guest.socket.Socket - waiting to receive SimTime...
18:07:11.312 [org.webgme.guest.socket.Socket.main()] INFO  org.webgme.guest.socket.Socket - waiting to receive SimTime...
18:07:11.418 [org.webgme.guest.socket.Socket.main()] INFO  org.webgme.guest.socket.Socket - waiting to receive SimTime...
18:07:11.523 [org.webgme.guest.socket.Socket.main()] INFO  org.webgme.guest.socket.Socket - waiting to receive SimTime...
18:07:11.629 [org.webgme.guest.socket.Socket.main()] INFO  org.webgme.guest.socket.Socket - waiting to receive SimTime...
18:07:11.734 [org.webgme.guest.socket.Socket.main()] INFO  org.webgme.guest.socket.Socket - waiting to receive SimTime...
18:07:11.841 [org.webgme.guest.socket.Socket.main()] INFO  org.webgme.guest.socket.Socket - waiting to receive SimTime...
18:07:11.947 [org.webgme.guest.socket.Socket.main()] INFO  org.webgme.guest.socket.Socket - waiting to receive SimTime...
18:07:12.053 [org.webgme.guest.socket.Socket.main()] INFO  org.webgme.guest.socket.Socket - waiting to receive SimTime...
18:07:12.159 [org.webgme.guest.socket.Socket.main()] INFO  org.webgme.guest.socket.Socket - waiting to receive SimTime...
18:07:12.266 [org.webgme.guest.socket.Socket.main()] INFO  org.webgme.guest.socket.Socket - waiting to receive SimTime...
18:07:12.375 [org.webgme.guest.socket.Socket.main()] INFO  org.webgme.guest.socket.Socket - waiting to receive SimTime...
18:07:12.483 [org.webgme.guest.socket.Socket.main()] INFO  org.webgme.guest.socket.Socket - waiting to receive SimTime...
