[INFO] Scanning for projects...
[INFO]                                                                         
[INFO] ------------------------------------------------------------------------
[INFO] Building EnergyPlusOpt2Fed_exec 0.1.0-SNAPSHOT
[INFO] ------------------------------------------------------------------------
[INFO] 
[INFO] --- exec-maven-plugin:1.5.0:java (default-cli) @ EnergyPlusOpt2Fed_exec ---

-------------------------------------------------------------------
GMS: address=vagrant-23665, cluster=EnergyPlusOpt2Fed1, physical address=172.16.119.10:45208
-------------------------------------------------------------------
02:50:07.524 [org.webgme.guest.socket.Socket.main()] INFO  org.webgme.guest.socket.Socket - create bufferedReader
02:50:07.526 [org.webgme.guest.socket.Socket.main()] INFO  org.webgme.guest.socket.Socket - bufferedreader successful
02:50:07.551 [org.webgme.guest.socket.Socket.main()] INFO  org.webgme.guest.socket.Socket - ip_adress:
02:50:07.552 [org.webgme.guest.socket.Socket.main()] INFO  org.webgme.guest.socket.Socket - port_number:
02:50:07.553 [org.webgme.guest.socket.Socket.main()] INFO  org.webgme.guest.socket.Socket - 172.16.119.10
02:50:07.554 [org.webgme.guest.socket.Socket.main()] INFO  org.webgme.guest.socket.Socket - 6789
02:50:07.555 [org.webgme.guest.socket.Socket.main()] INFO  org.webgme.guest.socket.Socket - Waiting for EnergyPlus simulations to join...
connection successful
02:50:28.750 [org.webgme.guest.socket.Socket.main()] INFO  org.webgme.guest.socket.Socket - connection successful
02:50:28.754 [org.webgme.guest.socket.Socket.main()] INFO  org.webgme.guest.socket.Socket - waiting on readyToPopulate...
02:50:29.007 [org.webgme.guest.socket.Socket.main()] INFO  org.webgme.guest.socket.Socket - ...synchronized on readyToPopulate
02:50:29.008 [org.webgme.guest.socket.Socket.main()] INFO  org.webgme.guest.socket.Socket - waiting on readyToRun...
02:50:29.260 [org.webgme.guest.socket.Socket.main()] INFO  org.webgme.guest.socket.Socket - ...synchronized on readyToRun
02:50:29.276 [org.webgme.guest.socket.Socket.main()] INFO  org.webgme.guest.socket.Socket - started logical time progression
in loop header=UPDATE t=0
Received: epSendNetEnergy as 650148.687500
Received: epSendZoneMeanAirTemp as 22.500000
Received: epSendOutdoorAirTemp as 2.250000
Received: epSendZoneHumidity as 25.650948
Received: epSendDayofWeek as 2.000000
Received: epSendEnergyPurchased as 650148.687500
Received: epSendEnergySurplus as 0.000000
Received: epSendSolarRadiation as 0.000000
Received: epSendHeatingSetpoint as 22.500000
Received: epSendCoolingSetpoint as 28.000000
Received: epGetStartHeating as 20.000000
Received: epGetStartCooling as 23.000000
02:50:29.292 [org.webgme.guest.socket.Socket.main()] INFO  org.webgme.guest.socket.Socket - Sent sendEPData interaction from socket0 with epSendNetEnergy@650148.687500,epSendZoneMeanAirTemp@22.500000,epSendOutdoorAirTemp@2.250000,epSendZoneHumidity@25.650948,epSendEnergyPurchased@650148.687500,epSendEnergySurplus@0.000000,epSendSolarRadiation@0.000000,epSendHeatingSetpoint@22.500000,epSendCoolingSetpoint@28.000000,timestep@0.0,
02:50:29.309 [org.webgme.guest.socket.Socket.main()] INFO  org.webgme.guest.socket.Socket - waiting to receive SimTime...
02:50:29.411 [org.webgme.guest.socket.Socket.main()] INFO  org.webgme.guest.socket.Socket - waiting to receive SimTime...
02:50:29.512 [org.webgme.guest.socket.Socket.main()] INFO  org.webgme.guest.socket.Socket - waiting to receive SimTime...
02:50:29.619 [org.webgme.guest.socket.Socket.main()] INFO  org.webgme.guest.socket.Socket - waiting to receive SimTime...
02:50:29.727 [org.webgme.guest.socket.Socket.main()] INFO  org.webgme.guest.socket.Socket - waiting to receive SimTime...
02:50:29.835 [org.webgme.guest.socket.Socket.main()] INFO  org.webgme.guest.socket.Socket - waiting to receive SimTime...
02:50:29.943 [org.webgme.guest.socket.Socket.main()] INFO  org.webgme.guest.socket.Socket - waiting to receive SimTime...
02:50:30.051 [org.webgme.guest.socket.Socket.main()] INFO  org.webgme.guest.socket.Socket - waiting to receive SimTime...
02:50:30.162 [org.webgme.guest.socket.Socket.main()] INFO  org.webgme.guest.socket.Socket - waiting to receive SimTime...
02:50:30.269 [org.webgme.guest.socket.Socket.main()] INFO  org.webgme.guest.socket.Socket - waiting to receive SimTime...
02:50:30.377 [org.webgme.guest.socket.Socket.main()] INFO  org.webgme.guest.socket.Socket - waiting to receive SimTime...
02:50:30.484 [org.webgme.guest.socket.Socket.main()] INFO  org.webgme.guest.socket.Socket - waiting to receive SimTime...
02:50:30.590 [org.webgme.guest.socket.Socket.main()] INFO  org.webgme.guest.socket.Socket - waiting to receive SimTime...
02:50:30.698 [org.webgme.guest.socket.Socket.main()] INFO  org.webgme.guest.socket.Socket - waiting to receive SimTime...
02:50:30.806 [org.webgme.guest.socket.Socket.main()] INFO  org.webgme.guest.socket.Socket - waiting to receive SimTime...
02:50:30.914 [org.webgme.guest.socket.Socket.main()] INFO  org.webgme.guest.socket.Socket - waiting to receive SimTime...
02:50:31.021 [org.webgme.guest.socket.Socket.main()] INFO  org.webgme.guest.socket.Socket - waiting to receive SimTime...
02:50:31.128 [org.webgme.guest.socket.Socket.main()] INFO  org.webgme.guest.socket.Socket - waiting to receive SimTime...
02:50:31.235 [org.webgme.guest.socket.Socket.main()] INFO  org.webgme.guest.socket.Socket - waiting to receive SimTime...
02:50:31.342 [org.webgme.guest.socket.Socket.main()] INFO  org.webgme.guest.socket.Socket - waiting to receive SimTime...
02:50:31.451 [org.webgme.guest.socket.Socket.main()] INFO  org.webgme.guest.socket.Socket - waiting to receive SimTime...
02:50:31.560 [org.webgme.guest.socket.Socket.main()] INFO  org.webgme.guest.socket.Socket - waiting to receive SimTime...
02:50:31.671 [org.webgme.guest.socket.Socket.main()] INFO  org.webgme.guest.socket.Socket - waiting to receive SimTime...
02:50:31.778 [org.webgme.guest.socket.Socket.main()] INFO  org.webgme.guest.socket.Socket - waiting to receive SimTime...
02:50:31.885 [org.webgme.guest.socket.Socket.main()] INFO  org.webgme.guest.socket.Socket - waiting to receive SimTime...
02:50:31.993 [org.webgme.guest.socket.Socket.main()] INFO  org.webgme.guest.socket.Socket - waiting to receive SimTime...
02:50:32.101 [org.webgme.guest.socket.Socket.main()] INFO  org.webgme.guest.socket.Socket - waiting to receive SimTime...
02:50:32.214 [org.webgme.guest.socket.Socket.main()] INFO  org.webgme.guest.socket.Socket - waiting to receive SimTime...
02:50:32.321 [org.webgme.guest.socket.Socket.main()] INFO  org.webgme.guest.socket.Socket - waiting to receive SimTime...
02:50:32.428 [org.webgme.guest.socket.Socket.main()] INFO  org.webgme.guest.socket.Socket - waiting to receive SimTime...
02:50:32.535 [org.webgme.guest.socket.Socket.main()] INFO  org.webgme.guest.socket.Socket - waiting to receive SimTime...
02:50:32.644 [org.webgme.guest.socket.Socket.main()] INFO  org.webgme.guest.socket.Socket - waiting to receive SimTime...
02:50:32.751 [org.webgme.guest.socket.Socket.main()] INFO  org.webgme.guest.socket.Socket - waiting to receive SimTime...
02:50:32.858 [org.webgme.guest.socket.Socket.main()] INFO  org.webgme.guest.socket.Socket - waiting to receive SimTime...
02:50:32.965 [org.webgme.guest.socket.Socket.main()] INFO  org.webgme.guest.socket.Socket - waiting to receive SimTime...
02:50:33.073 [org.webgme.guest.socket.Socket.main()] INFO  org.webgme.guest.socket.Socket - waiting to receive SimTime...
02:50:33.181 [org.webgme.guest.socket.Socket.main()] INFO  org.webgme.guest.socket.Socket - waiting to receive SimTime...
02:50:33.292 [org.webgme.guest.socket.Socket.main()] INFO  org.webgme.guest.socket.Socket - waiting to receive SimTime...
02:50:33.398 [org.webgme.guest.socket.Socket.main()] INFO  org.webgme.guest.socket.Socket - waiting to receive SimTime...
02:50:33.507 [org.webgme.guest.socket.Socket.main()] INFO  org.webgme.guest.socket.Socket - waiting to receive SimTime...
02:50:33.614 [org.webgme.guest.socket.Socket.main()] INFO  org.webgme.guest.socket.Socket - waiting to receive SimTime...
02:50:33.722 [org.webgme.guest.socket.Socket.main()] INFO  org.webgme.guest.socket.Socket - waiting to receive SimTime...
02:50:33.829 [org.webgme.guest.socket.Socket.main()] INFO  org.webgme.guest.socket.Socket - waiting to receive SimTime...
02:50:33.936 [org.webgme.guest.socket.Socket.main()] INFO  org.webgme.guest.socket.Socket - waiting to receive SimTime...
02:50:34.043 [org.webgme.guest.socket.Socket.main()] INFO  org.webgme.guest.socket.Socket - waiting to receive SimTime...
02:50:34.151 [org.webgme.guest.socket.Socket.main()] INFO  org.webgme.guest.socket.Socket - waiting to receive SimTime...
02:50:34.259 [org.webgme.guest.socket.Socket.main()] INFO  org.webgme.guest.socket.Socket - waiting to receive SimTime...
02:50:34.366 [org.webgme.guest.socket.Socket.main()] INFO  org.webgme.guest.socket.Socket - waiting to receive SimTime...
02:50:34.474 [org.webgme.guest.socket.Socket.main()] INFO  org.webgme.guest.socket.Socket - waiting to receive SimTime...
02:50:34.581 [org.webgme.guest.socket.Socket.main()] INFO  org.webgme.guest.socket.Socket - waiting to receive SimTime...
02:50:34.689 [org.webgme.guest.socket.Socket.main()] INFO  org.webgme.guest.socket.Socket - waiting to receive SimTime...
02:50:34.797 [org.webgme.guest.socket.Socket.main()] INFO  org.webgme.guest.socket.Socket - waiting to receive SimTime...
02:50:34.904 [org.webgme.guest.socket.Socket.main()] INFO  org.webgme.guest.socket.Socket - waiting to receive SimTime...
02:50:35.013 [org.webgme.guest.socket.Socket.main()] INFO  org.webgme.guest.socket.Socket - waiting to receive SimTime...
02:50:35.121 [org.webgme.guest.socket.Socket.main()] INFO  org.webgme.guest.socket.Socket - waiting to receive SimTime...
02:50:35.228 [org.webgme.guest.socket.Socket.main()] INFO  org.webgme.guest.socket.Socket - waiting to receive SimTime...
02:50:35.337 [org.webgme.guest.socket.Socket.main()] INFO  org.webgme.guest.socket.Socket - waiting to receive SimTime...
02:50:35.445 [org.webgme.guest.socket.Socket.main()] INFO  org.webgme.guest.socket.Socket - waiting to receive SimTime...
02:50:35.552 [org.webgme.guest.socket.Socket.main()] INFO  org.webgme.guest.socket.Socket - waiting to receive SimTime...
02:50:35.662 [org.webgme.guest.socket.Socket.main()] INFO  org.webgme.guest.socket.Socket - waiting to receive SimTime...
02:50:35.770 [org.webgme.guest.socket.Socket.main()] INFO  org.webgme.guest.socket.Socket - waiting to receive SimTime...
02:50:35.878 [org.webgme.guest.socket.Socket.main()] INFO  org.webgme.guest.socket.Socket - waiting to receive SimTime...
02:50:35.991 [org.webgme.guest.socket.Socket.main()] INFO  org.webgme.guest.socket.Socket - waiting to receive SimTime...
02:50:36.098 [org.webgme.guest.socket.Socket.main()] INFO  org.webgme.guest.socket.Socket - waiting to receive SimTime...
02:50:36.206 [org.webgme.guest.socket.Socket.main()] INFO  org.webgme.guest.socket.Socket - waiting to receive SimTime...
02:50:36.314 [org.webgme.guest.socket.Socket.main()] INFO  org.webgme.guest.socket.Socket - waiting to receive SimTime...
02:50:36.421 [org.webgme.guest.socket.Socket.main()] INFO  org.webgme.guest.socket.Socket - waiting to receive SimTime...
02:50:36.528 [org.webgme.guest.socket.Socket.main()] INFO  org.webgme.guest.socket.Socket - waiting to receive SimTime...
02:50:36.636 [org.webgme.guest.socket.Socket.main()] INFO  org.webgme.guest.socket.Socket - waiting to receive SimTime...
02:50:36.744 [org.webgme.guest.socket.Socket.main()] INFO  org.webgme.guest.socket.Socket - waiting to receive SimTime...
02:50:36.852 [org.webgme.guest.socket.Socket.main()] INFO  org.webgme.guest.socket.Socket - waiting to receive SimTime...
02:50:36.959 [org.webgme.guest.socket.Socket.main()] INFO  org.webgme.guest.socket.Socket - waiting to receive SimTime...
02:50:37.067 [org.webgme.guest.socket.Socket.main()] INFO  org.webgme.guest.socket.Socket - waiting to receive SimTime...
02:50:37.173 [org.webgme.guest.socket.Socket.main()] INFO  org.webgme.guest.socket.Socket - waiting to receive SimTime...
02:50:37.281 [org.webgme.guest.socket.Socket.main()] INFO  org.webgme.guest.socket.Socket - waiting to receive SimTime...
02:50:37.388 [org.webgme.guest.socket.Socket.main()] INFO  org.webgme.guest.socket.Socket - waiting to receive SimTime...
02:50:37.497 [org.webgme.guest.socket.Socket.main()] INFO  org.webgme.guest.socket.Socket - waiting to receive SimTime...
02:50:37.605 [org.webgme.guest.socket.Socket.main()] INFO  org.webgme.guest.socket.Socket - waiting to receive SimTime...
02:50:37.712 [org.webgme.guest.socket.Socket.main()] INFO  org.webgme.guest.socket.Socket - waiting to receive SimTime...
02:50:37.821 [org.webgme.guest.socket.Socket.main()] INFO  org.webgme.guest.socket.Socket - waiting to receive SimTime...
02:50:37.929 [org.webgme.guest.socket.Socket.main()] INFO  org.webgme.guest.socket.Socket - waiting to receive SimTime...
02:50:38.037 [org.webgme.guest.socket.Socket.main()] INFO  org.webgme.guest.socket.Socket - waiting to receive SimTime...
02:50:38.146 [org.webgme.guest.socket.Socket.main()] INFO  org.webgme.guest.socket.Socket - waiting to receive SimTime...
02:50:38.254 [org.webgme.guest.socket.Socket.main()] INFO  org.webgme.guest.socket.Socket - waiting to receive SimTime...
02:50:38.363 [org.webgme.guest.socket.Socket.main()] INFO  org.webgme.guest.socket.Socket - waiting to receive SimTime...
02:50:38.470 [org.webgme.guest.socket.Socket.main()] INFO  org.webgme.guest.socket.Socket - waiting to receive SimTime...
02:50:38.578 [org.webgme.guest.socket.Socket.main()] INFO  org.webgme.guest.socket.Socket - waiting to receive SimTime...
02:50:38.685 [org.webgme.guest.socket.Socket.main()] INFO  org.webgme.guest.socket.Socket - waiting to receive SimTime...
02:50:38.796 [org.webgme.guest.socket.Socket.main()] INFO  org.webgme.guest.socket.Socket - waiting to receive SimTime...
02:50:38.906 [org.webgme.guest.socket.Socket.main()] INFO  org.webgme.guest.socket.Socket - waiting to receive SimTime...
02:50:39.011 [org.webgme.guest.socket.Socket.main()] INFO  org.webgme.guest.socket.Socket - waiting to receive SimTime...
02:50:39.117 [org.webgme.guest.socket.Socket.main()] INFO  org.webgme.guest.socket.Socket - waiting to receive SimTime...
02:50:39.224 [org.webgme.guest.socket.Socket.main()] INFO  org.webgme.guest.socket.Socket - waiting to receive SimTime...
02:50:39.331 [org.webgme.guest.socket.Socket.main()] INFO  org.webgme.guest.socket.Socket - waiting to receive SimTime...
02:50:39.437 [org.webgme.guest.socket.Socket.main()] INFO  org.webgme.guest.socket.Socket - waiting to receive SimTime...
02:50:39.543 [org.webgme.guest.socket.Socket.main()] INFO  org.webgme.guest.socket.Socket - waiting to receive SimTime...
02:50:39.650 [org.webgme.guest.socket.Socket.main()] INFO  org.webgme.guest.socket.Socket - waiting to receive SimTime...
02:50:39.756 [org.webgme.guest.socket.Socket.main()] INFO  org.webgme.guest.socket.Socket - waiting to receive SimTime...
02:50:39.862 [org.webgme.guest.socket.Socket.main()] INFO  org.webgme.guest.socket.Socket - waiting to receive SimTime...
02:50:39.968 [org.webgme.guest.socket.Socket.main()] INFO  org.webgme.guest.socket.Socket - waiting to receive SimTime...
02:50:40.074 [org.webgme.guest.socket.Socket.main()] INFO  org.webgme.guest.socket.Socket - waiting to receive SimTime...
02:50:40.179 [org.webgme.guest.socket.Socket.main()] INFO  org.webgme.guest.socket.Socket - waiting to receive SimTime...
02:50:40.285 [org.webgme.guest.socket.Socket.main()] INFO  org.webgme.guest.socket.Socket - waiting to receive SimTime...
02:50:40.391 [org.webgme.guest.socket.Socket.main()] INFO  org.webgme.guest.socket.Socket - waiting to receive SimTime...
02:50:40.497 [org.webgme.guest.socket.Socket.main()] INFO  org.webgme.guest.socket.Socket - waiting to receive SimTime...
02:50:40.603 [org.webgme.guest.socket.Socket.main()] INFO  org.webgme.guest.socket.Socket - waiting to receive SimTime...
02:50:40.710 [org.webgme.guest.socket.Socket.main()] INFO  org.webgme.guest.socket.Socket - waiting to receive SimTime...
02:50:40.816 [org.webgme.guest.socket.Socket.main()] INFO  org.webgme.guest.socket.Socket - waiting to receive SimTime...
02:50:40.923 [org.webgme.guest.socket.Socket.main()] INFO  org.webgme.guest.socket.Socket - waiting to receive SimTime...
02:50:41.028 [org.webgme.guest.socket.Socket.main()] INFO  org.webgme.guest.socket.Socket - waiting to receive SimTime...
02:50:41.134 [org.webgme.guest.socket.Socket.main()] INFO  org.webgme.guest.socket.Socket - waiting to receive SimTime...
02:50:41.240 [org.webgme.guest.socket.Socket.main()] INFO  org.webgme.guest.socket.Socket - waiting to receive SimTime...
02:50:41.348 [org.webgme.guest.socket.Socket.main()] INFO  org.webgme.guest.socket.Socket - waiting to receive SimTime...
02:50:41.454 [org.webgme.guest.socket.Socket.main()] INFO  org.webgme.guest.socket.Socket - waiting to receive SimTime...
02:50:41.563 [org.webgme.guest.socket.Socket.main()] INFO  org.webgme.guest.socket.Socket - waiting to receive SimTime...
02:50:41.669 [org.webgme.guest.socket.Socket.main()] INFO  org.webgme.guest.socket.Socket - waiting to receive SimTime...
02:50:41.774 [org.webgme.guest.socket.Socket.main()] INFO  org.webgme.guest.socket.Socket - waiting to receive SimTime...
02:50:41.880 [org.webgme.guest.socket.Socket.main()] INFO  org.webgme.guest.socket.Socket - waiting to receive SimTime...
02:50:41.986 [org.webgme.guest.socket.Socket.main()] INFO  org.webgme.guest.socket.Socket - waiting to receive SimTime...
02:50:42.092 [org.webgme.guest.socket.Socket.main()] INFO  org.webgme.guest.socket.Socket - waiting to receive SimTime...
02:50:42.197 [org.webgme.guest.socket.Socket.main()] INFO  org.webgme.guest.socket.Socket - waiting to receive SimTime...
02:50:42.307 [org.webgme.guest.socket.Socket.main()] INFO  org.webgme.guest.socket.Socket - waiting to receive SimTime...
02:50:42.415 [org.webgme.guest.socket.Socket.main()] INFO  org.webgme.guest.socket.Socket - waiting to receive SimTime...
02:50:42.520 [org.webgme.guest.socket.Socket.main()] INFO  org.webgme.guest.socket.Socket - waiting to receive SimTime...
02:50:42.627 [org.webgme.guest.socket.Socket.main()] INFO  org.webgme.guest.socket.Socket - waiting to receive SimTime...
02:50:42.733 [org.webgme.guest.socket.Socket.main()] INFO  org.webgme.guest.socket.Socket - waiting to receive SimTime...
02:50:42.842 [org.webgme.guest.socket.Socket.main()] INFO  org.webgme.guest.socket.Socket - waiting to receive SimTime...
02:50:42.949 [org.webgme.guest.socket.Socket.main()] INFO  org.webgme.guest.socket.Socket - waiting to receive SimTime...
02:50:43.058 [org.webgme.guest.socket.Socket.main()] INFO  org.webgme.guest.socket.Socket - waiting to receive SimTime...
02:50:43.166 [org.webgme.guest.socket.Socket.main()] INFO  org.webgme.guest.socket.Socket - waiting to receive SimTime...
02:50:43.273 [org.webgme.guest.socket.Socket.main()] INFO  org.webgme.guest.socket.Socket - waiting to receive SimTime...
02:50:43.380 [org.webgme.guest.socket.Socket.main()] INFO  org.webgme.guest.socket.Socket - waiting to receive SimTime...
02:50:43.487 [org.webgme.guest.socket.Socket.main()] INFO  org.webgme.guest.socket.Socket - waiting to receive SimTime...
02:50:43.595 [org.webgme.guest.socket.Socket.main()] INFO  org.webgme.guest.socket.Socket - waiting to receive SimTime...
02:50:43.702 [org.webgme.guest.socket.Socket.main()] INFO  org.webgme.guest.socket.Socket - waiting to receive SimTime...
02:50:43.809 [org.webgme.guest.socket.Socket.main()] INFO  org.webgme.guest.socket.Socket - waiting to receive SimTime...
02:50:43.914 [org.webgme.guest.socket.Socket.main()] INFO  org.webgme.guest.socket.Socket - waiting to receive SimTime...
02:50:44.019 [org.webgme.guest.socket.Socket.main()] INFO  org.webgme.guest.socket.Socket - waiting to receive SimTime...
02:50:44.125 [org.webgme.guest.socket.Socket.main()] INFO  org.webgme.guest.socket.Socket - waiting to receive SimTime...
02:50:44.231 [org.webgme.guest.socket.Socket.main()] INFO  org.webgme.guest.socket.Socket - waiting to receive SimTime...
02:50:44.337 [org.webgme.guest.socket.Socket.main()] INFO  org.webgme.guest.socket.Socket - waiting to receive SimTime...
02:50:44.443 [org.webgme.guest.socket.Socket.main()] INFO  org.webgme.guest.socket.Socket - waiting to receive SimTime...
02:50:44.549 [org.webgme.guest.socket.Socket.main()] INFO  org.webgme.guest.socket.Socket - waiting to receive SimTime...
02:50:44.654 [org.webgme.guest.socket.Socket.main()] INFO  org.webgme.guest.socket.Socket - waiting to receive SimTime...
02:50:44.760 [org.webgme.guest.socket.Socket.main()] INFO  org.webgme.guest.socket.Socket - waiting to receive SimTime...
02:50:44.866 [org.webgme.guest.socket.Socket.main()] INFO  org.webgme.guest.socket.Socket - waiting to receive SimTime...
02:50:44.973 [org.webgme.guest.socket.Socket.main()] INFO  org.webgme.guest.socket.Socket - waiting to receive SimTime...
02:50:45.079 [org.webgme.guest.socket.Socket.main()] INFO  org.webgme.guest.socket.Socket - waiting to receive SimTime...
02:50:45.185 [org.webgme.guest.socket.Socket.main()] INFO  org.webgme.guest.socket.Socket - waiting to receive SimTime...
02:50:45.290 [org.webgme.guest.socket.Socket.main()] INFO  org.webgme.guest.socket.Socket - waiting to receive SimTime...
02:50:45.397 [org.webgme.guest.socket.Socket.main()] INFO  org.webgme.guest.socket.Socket - waiting to receive SimTime...
02:50:45.503 [org.webgme.guest.socket.Socket.main()] INFO  org.webgme.guest.socket.Socket - waiting to receive SimTime...
02:50:45.608 [org.webgme.guest.socket.Socket.main()] INFO  org.webgme.guest.socket.Socket - waiting to receive SimTime...
02:50:45.714 [org.webgme.guest.socket.Socket.main()] INFO  org.webgme.guest.socket.Socket - waiting to receive SimTime...
02:50:45.819 [org.webgme.guest.socket.Socket.main()] INFO  org.webgme.guest.socket.Socket - waiting to receive SimTime...
02:50:45.925 [org.webgme.guest.socket.Socket.main()] INFO  org.webgme.guest.socket.Socket - waiting to receive SimTime...
02:50:46.031 [org.webgme.guest.socket.Socket.main()] INFO  org.webgme.guest.socket.Socket - waiting to receive SimTime...
02:50:46.136 [org.webgme.guest.socket.Socket.main()] INFO  org.webgme.guest.socket.Socket - waiting to receive SimTime...
02:50:46.242 [org.webgme.guest.socket.Socket.main()] INFO  org.webgme.guest.socket.Socket - waiting to receive SimTime...
02:50:46.348 [org.webgme.guest.socket.Socket.main()] INFO  org.webgme.guest.socket.Socket - waiting to receive SimTime...
02:50:46.455 [org.webgme.guest.socket.Socket.main()] INFO  org.webgme.guest.socket.Socket - waiting to receive SimTime...
02:50:46.560 [org.webgme.guest.socket.Socket.main()] INFO  org.webgme.guest.socket.Socket - waiting to receive SimTime...
02:50:46.666 [org.webgme.guest.socket.Socket.main()] INFO  org.webgme.guest.socket.Socket - waiting to receive SimTime...
02:50:46.772 [org.webgme.guest.socket.Socket.main()] INFO  org.webgme.guest.socket.Socket - waiting to receive SimTime...
02:50:46.877 [org.webgme.guest.socket.Socket.main()] INFO  org.webgme.guest.socket.Socket - waiting to receive SimTime...
02:50:46.983 [org.webgme.guest.socket.Socket.main()] INFO  org.webgme.guest.socket.Socket - waiting to receive SimTime...
02:50:47.089 [org.webgme.guest.socket.Socket.main()] INFO  org.webgme.guest.socket.Socket - waiting to receive SimTime...
02:50:47.195 [org.webgme.guest.socket.Socket.main()] INFO  org.webgme.guest.socket.Socket - waiting to receive SimTime...
02:50:47.302 [org.webgme.guest.socket.Socket.main()] INFO  org.webgme.guest.socket.Socket - waiting to receive SimTime...
02:50:47.407 [org.webgme.guest.socket.Socket.main()] INFO  org.webgme.guest.socket.Socket - waiting to receive SimTime...
02:50:47.514 [org.webgme.guest.socket.Socket.main()] INFO  org.webgme.guest.socket.Socket - waiting to receive SimTime...
02:50:47.620 [org.webgme.guest.socket.Socket.main()] INFO  org.webgme.guest.socket.Socket - waiting to receive SimTime...
02:50:47.726 [org.webgme.guest.socket.Socket.main()] INFO  org.webgme.guest.socket.Socket - waiting to receive SimTime...
02:50:47.835 [org.webgme.guest.socket.Socket.main()] INFO  org.webgme.guest.socket.Socket - waiting to receive SimTime...
02:50:47.945 [org.webgme.guest.socket.Socket.main()] INFO  org.webgme.guest.socket.Socket - waiting to receive SimTime...
02:50:48.051 [org.webgme.guest.socket.Socket.main()] INFO  org.webgme.guest.socket.Socket - waiting to receive SimTime...
02:50:48.157 [org.webgme.guest.socket.Socket.main()] INFO  org.webgme.guest.socket.Socket - waiting to receive SimTime...
02:50:48.263 [org.webgme.guest.socket.Socket.main()] INFO  org.webgme.guest.socket.Socket - waiting to receive SimTime...
02:50:48.375 [org.webgme.guest.socket.Socket.main()] INFO  org.webgme.guest.socket.Socket - waiting to receive SimTime...
02:50:48.483 [org.webgme.guest.socket.Socket.main()] INFO  org.webgme.guest.socket.Socket - waiting to receive SimTime...
02:50:48.590 [org.webgme.guest.socket.Socket.main()] INFO  org.webgme.guest.socket.Socket - waiting to receive SimTime...
02:50:48.697 [org.webgme.guest.socket.Socket.main()] INFO  org.webgme.guest.socket.Socket - waiting to receive SimTime...
02:50:48.804 [org.webgme.guest.socket.Socket.main()] INFO  org.webgme.guest.socket.Socket - waiting to receive SimTime...
02:50:48.910 [org.webgme.guest.socket.Socket.main()] INFO  org.webgme.guest.socket.Socket - waiting to receive SimTime...
02:50:49.018 [org.webgme.guest.socket.Socket.main()] INFO  org.webgme.guest.socket.Socket - waiting to receive SimTime...
02:50:49.124 [org.webgme.guest.socket.Socket.main()] INFO  org.webgme.guest.socket.Socket - waiting to receive SimTime...
02:50:49.232 [org.webgme.guest.socket.Socket.main()] INFO  org.webgme.guest.socket.Socket - waiting to receive SimTime...
02:50:49.340 [org.webgme.guest.socket.Socket.main()] INFO  org.webgme.guest.socket.Socket - waiting to receive SimTime...
02:50:49.447 [org.webgme.guest.socket.Socket.main()] INFO  org.webgme.guest.socket.Socket - waiting to receive SimTime...
02:50:49.553 [org.webgme.guest.socket.Socket.main()] INFO  org.webgme.guest.socket.Socket - waiting to receive SimTime...
02:50:49.659 [org.webgme.guest.socket.Socket.main()] INFO  org.webgme.guest.socket.Socket - waiting to receive SimTime...
02:50:49.766 [org.webgme.guest.socket.Socket.main()] INFO  org.webgme.guest.socket.Socket - waiting to receive SimTime...
02:50:49.872 [org.webgme.guest.socket.Socket.main()] INFO  org.webgme.guest.socket.Socket - waiting to receive SimTime...
02:50:49.978 [org.webgme.guest.socket.Socket.main()] INFO  org.webgme.guest.socket.Socket - waiting to receive SimTime...
02:50:50.084 [org.webgme.guest.socket.Socket.main()] INFO  org.webgme.guest.socket.Socket - waiting to receive SimTime...
02:50:50.190 [org.webgme.guest.socket.Socket.main()] INFO  org.webgme.guest.socket.Socket - waiting to receive SimTime...
02:50:50.296 [org.webgme.guest.socket.Socket.main()] INFO  org.webgme.guest.socket.Socket - waiting to receive SimTime...
02:50:50.401 [org.webgme.guest.socket.Socket.main()] INFO  org.webgme.guest.socket.Socket - waiting to receive SimTime...
02:50:50.507 [org.webgme.guest.socket.Socket.main()] INFO  org.webgme.guest.socket.Socket - waiting to receive SimTime...
02:50:50.614 [org.webgme.guest.socket.Socket.main()] INFO  org.webgme.guest.socket.Socket - waiting to receive SimTime...
02:50:50.723 [org.webgme.guest.socket.Socket.main()] INFO  org.webgme.guest.socket.Socket - waiting to receive SimTime...
02:50:50.828 [org.webgme.guest.socket.Socket.main()] INFO  org.webgme.guest.socket.Socket - waiting to receive SimTime...
02:50:50.934 [org.webgme.guest.socket.Socket.main()] INFO  org.webgme.guest.socket.Socket - waiting to receive SimTime...
02:50:51.039 [org.webgme.guest.socket.Socket.main()] INFO  org.webgme.guest.socket.Socket - waiting to receive SimTime...
02:50:51.144 [org.webgme.guest.socket.Socket.main()] INFO  org.webgme.guest.socket.Socket - waiting to receive SimTime...
02:50:51.251 [org.webgme.guest.socket.Socket.main()] INFO  org.webgme.guest.socket.Socket - waiting to receive SimTime...
02:50:51.357 [org.webgme.guest.socket.Socket.main()] INFO  org.webgme.guest.socket.Socket - waiting to receive SimTime...
02:50:51.463 [org.webgme.guest.socket.Socket.main()] INFO  org.webgme.guest.socket.Socket - waiting to receive SimTime...
02:50:51.570 [org.webgme.guest.socket.Socket.main()] INFO  org.webgme.guest.socket.Socket - waiting to receive SimTime...
02:50:51.675 [org.webgme.guest.socket.Socket.main()] INFO  org.webgme.guest.socket.Socket - waiting to receive SimTime...
02:50:51.781 [org.webgme.guest.socket.Socket.main()] INFO  org.webgme.guest.socket.Socket - waiting to receive SimTime...
02:50:51.887 [org.webgme.guest.socket.Socket.main()] INFO  org.webgme.guest.socket.Socket - waiting to receive SimTime...
02:50:51.993 [org.webgme.guest.socket.Socket.main()] INFO  org.webgme.guest.socket.Socket - waiting to receive SimTime...
02:50:52.098 [org.webgme.guest.socket.Socket.main()] INFO  org.webgme.guest.socket.Socket - waiting to receive SimTime...
02:50:52.204 [org.webgme.guest.socket.Socket.main()] INFO  org.webgme.guest.socket.Socket - waiting to receive SimTime...
02:50:52.309 [org.webgme.guest.socket.Socket.main()] INFO  org.webgme.guest.socket.Socket - waiting to receive SimTime...
02:50:52.415 [org.webgme.guest.socket.Socket.main()] INFO  org.webgme.guest.socket.Socket - waiting to receive SimTime...
02:50:52.521 [org.webgme.guest.socket.Socket.main()] INFO  org.webgme.guest.socket.Socket - waiting to receive SimTime...
02:50:52.628 [org.webgme.guest.socket.Socket.main()] INFO  org.webgme.guest.socket.Socket - waiting to receive SimTime...
02:50:52.734 [org.webgme.guest.socket.Socket.main()] INFO  org.webgme.guest.socket.Socket - waiting to receive SimTime...
02:50:52.841 [org.webgme.guest.socket.Socket.main()] INFO  org.webgme.guest.socket.Socket - waiting to receive SimTime...
02:50:52.949 [org.webgme.guest.socket.Socket.main()] INFO  org.webgme.guest.socket.Socket - waiting to receive SimTime...
02:50:53.060 [org.webgme.guest.socket.Socket.main()] INFO  org.webgme.guest.socket.Socket - waiting to receive SimTime...
02:50:53.167 [org.webgme.guest.socket.Socket.main()] INFO  org.webgme.guest.socket.Socket - waiting to receive SimTime...
02:50:53.273 [org.webgme.guest.socket.Socket.main()] INFO  org.webgme.guest.socket.Socket - waiting to receive SimTime...
02:50:53.378 [org.webgme.guest.socket.Socket.main()] INFO  org.webgme.guest.socket.Socket - waiting to receive SimTime...
02:50:53.484 [org.webgme.guest.socket.Socket.main()] INFO  org.webgme.guest.socket.Socket - waiting to receive SimTime...
02:50:53.590 [org.webgme.guest.socket.Socket.main()] INFO  org.webgme.guest.socket.Socket - waiting to receive SimTime...
02:50:53.696 [org.webgme.guest.socket.Socket.main()] INFO  org.webgme.guest.socket.Socket - waiting to receive SimTime...
02:50:53.802 [org.webgme.guest.socket.Socket.main()] INFO  org.webgme.guest.socket.Socket - waiting to receive SimTime...
02:50:53.908 [org.webgme.guest.socket.Socket.main()] INFO  org.webgme.guest.socket.Socket - waiting to receive SimTime...
02:50:54.013 [org.webgme.guest.socket.Socket.main()] INFO  org.webgme.guest.socket.Socket - waiting to receive SimTime...
02:50:54.121 [org.webgme.guest.socket.Socket.main()] INFO  org.webgme.guest.socket.Socket - waiting to receive SimTime...
02:50:54.226 [org.webgme.guest.socket.Socket.main()] INFO  org.webgme.guest.socket.Socket - waiting to receive SimTime...
02:50:54.333 [org.webgme.guest.socket.Socket.main()] INFO  org.webgme.guest.socket.Socket - waiting to receive SimTime...
02:50:54.441 [org.webgme.guest.socket.Socket.main()] INFO  org.webgme.guest.socket.Socket - waiting to receive SimTime...
02:50:54.548 [org.webgme.guest.socket.Socket.main()] INFO  org.webgme.guest.socket.Socket - waiting to receive SimTime...
02:50:54.655 [org.webgme.guest.socket.Socket.main()] INFO  org.webgme.guest.socket.Socket - waiting to receive SimTime...
02:50:54.761 [org.webgme.guest.socket.Socket.main()] INFO  org.webgme.guest.socket.Socket - waiting to receive SimTime...
02:50:54.871 [org.webgme.guest.socket.Socket.main()] INFO  org.webgme.guest.socket.Socket - waiting to receive SimTime...
02:50:54.981 [org.webgme.guest.socket.Socket.main()] INFO  org.webgme.guest.socket.Socket - waiting to receive SimTime...
02:50:55.091 [org.webgme.guest.socket.Socket.main()] INFO  org.webgme.guest.socket.Socket - waiting to receive SimTime...
02:50:55.200 [org.webgme.guest.socket.Socket.main()] INFO  org.webgme.guest.socket.Socket - waiting to receive SimTime...
02:50:55.308 [org.webgme.guest.socket.Socket.main()] INFO  org.webgme.guest.socket.Socket - waiting to receive SimTime...
02:50:55.416 [org.webgme.guest.socket.Socket.main()] INFO  org.webgme.guest.socket.Socket - waiting to receive SimTime...
02:50:55.526 [org.webgme.guest.socket.Socket.main()] INFO  org.webgme.guest.socket.Socket - waiting to receive SimTime...
02:50:55.634 [org.webgme.guest.socket.Socket.main()] INFO  org.webgme.guest.socket.Socket - waiting to receive SimTime...
02:50:55.741 [org.webgme.guest.socket.Socket.main()] INFO  org.webgme.guest.socket.Socket - waiting to receive SimTime...
02:50:55.846 [org.webgme.guest.socket.Socket.main()] INFO  org.webgme.guest.socket.Socket - waiting to receive SimTime...
02:50:55.952 [org.webgme.guest.socket.Socket.main()] INFO  org.webgme.guest.socket.Socket - waiting to receive SimTime...
02:50:56.058 [org.webgme.guest.socket.Socket.main()] INFO  org.webgme.guest.socket.Socket - waiting to receive SimTime...
02:50:56.164 [org.webgme.guest.socket.Socket.main()] INFO  org.webgme.guest.socket.Socket - waiting to receive SimTime...
02:50:56.269 [org.webgme.guest.socket.Socket.main()] INFO  org.webgme.guest.socket.Socket - waiting to receive SimTime...
02:50:56.376 [org.webgme.guest.socket.Socket.main()] INFO  org.webgme.guest.socket.Socket - waiting to receive SimTime...
02:50:56.483 [org.webgme.guest.socket.Socket.main()] INFO  org.webgme.guest.socket.Socket - waiting to receive SimTime...
02:50:56.589 [org.webgme.guest.socket.Socket.main()] INFO  org.webgme.guest.socket.Socket - waiting to receive SimTime...
02:50:56.695 [org.webgme.guest.socket.Socket.main()] INFO  org.webgme.guest.socket.Socket - waiting to receive SimTime...
02:50:56.802 [org.webgme.guest.socket.Socket.main()] INFO  org.webgme.guest.socket.Socket - waiting to receive SimTime...
02:50:56.911 [org.webgme.guest.socket.Socket.main()] INFO  org.webgme.guest.socket.Socket - waiting to receive SimTime...
02:50:57.016 [org.webgme.guest.socket.Socket.main()] INFO  org.webgme.guest.socket.Socket - waiting to receive SimTime...
02:50:57.122 [org.webgme.guest.socket.Socket.main()] INFO  org.webgme.guest.socket.Socket - waiting to receive SimTime...
02:50:57.229 [org.webgme.guest.socket.Socket.main()] INFO  org.webgme.guest.socket.Socket - waiting to receive SimTime...
02:50:57.336 [org.webgme.guest.socket.Socket.main()] INFO  org.webgme.guest.socket.Socket - waiting to receive SimTime...
02:50:57.443 [org.webgme.guest.socket.Socket.main()] INFO  org.webgme.guest.socket.Socket - waiting to receive SimTime...
02:50:57.550 [org.webgme.guest.socket.Socket.main()] INFO  org.webgme.guest.socket.Socket - waiting to receive SimTime...
02:50:57.660 [org.webgme.guest.socket.Socket.main()] INFO  org.webgme.guest.socket.Socket - waiting to receive SimTime...
02:50:57.767 [org.webgme.guest.socket.Socket.main()] INFO  org.webgme.guest.socket.Socket - waiting to receive SimTime...
02:50:57.873 [org.webgme.guest.socket.Socket.main()] INFO  org.webgme.guest.socket.Socket - waiting to receive SimTime...
02:50:57.980 [org.webgme.guest.socket.Socket.main()] INFO  org.webgme.guest.socket.Socket - waiting to receive SimTime...
02:50:58.087 [org.webgme.guest.socket.Socket.main()] INFO  org.webgme.guest.socket.Socket - waiting to receive SimTime...
02:50:58.193 [org.webgme.guest.socket.Socket.main()] INFO  org.webgme.guest.socket.Socket - waiting to receive SimTime...
02:50:58.298 [org.webgme.guest.socket.Socket.main()] INFO  org.webgme.guest.socket.Socket - waiting to receive SimTime...
02:50:58.406 [org.webgme.guest.socket.Socket.main()] INFO  org.webgme.guest.socket.Socket - waiting to receive SimTime...
02:50:58.512 [org.webgme.guest.socket.Socket.main()] INFO  org.webgme.guest.socket.Socket - waiting to receive SimTime...
02:50:58.620 [org.webgme.guest.socket.Socket.main()] INFO  org.webgme.guest.socket.Socket - waiting to receive SimTime...
02:50:58.726 [org.webgme.guest.socket.Socket.main()] INFO  org.webgme.guest.socket.Socket - waiting to receive SimTime...
02:50:58.832 [org.webgme.guest.socket.Socket.main()] INFO  org.webgme.guest.socket.Socket - waiting to receive SimTime...
02:50:58.938 [org.webgme.guest.socket.Socket.main()] INFO  org.webgme.guest.socket.Socket - waiting to receive SimTime...
02:50:59.044 [org.webgme.guest.socket.Socket.main()] INFO  org.webgme.guest.socket.Socket - waiting to receive SimTime...
02:50:59.149 [org.webgme.guest.socket.Socket.main()] INFO  org.webgme.guest.socket.Socket - waiting to receive SimTime...
02:50:59.255 [org.webgme.guest.socket.Socket.main()] INFO  org.webgme.guest.socket.Socket - waiting to receive SimTime...
02:50:59.360 [org.webgme.guest.socket.Socket.main()] INFO  org.webgme.guest.socket.Socket - waiting to receive SimTime...
02:50:59.467 [org.webgme.guest.socket.Socket.main()] INFO  org.webgme.guest.socket.Socket - waiting to receive SimTime...
02:50:59.572 [org.webgme.guest.socket.Socket.main()] INFO  org.webgme.guest.socket.Socket - waiting to receive SimTime...
02:50:59.678 [org.webgme.guest.socket.Socket.main()] INFO  org.webgme.guest.socket.Socket - waiting to receive SimTime...
02:50:59.783 [org.webgme.guest.socket.Socket.main()] INFO  org.webgme.guest.socket.Socket - waiting to receive SimTime...
02:50:59.888 [org.webgme.guest.socket.Socket.main()] INFO  org.webgme.guest.socket.Socket - waiting to receive SimTime...
02:50:59.994 [org.webgme.guest.socket.Socket.main()] INFO  org.webgme.guest.socket.Socket - waiting to receive SimTime...
02:51:00.101 [org.webgme.guest.socket.Socket.main()] INFO  org.webgme.guest.socket.Socket - waiting to receive SimTime...
02:51:00.208 [org.webgme.guest.socket.Socket.main()] INFO  org.webgme.guest.socket.Socket - waiting to receive SimTime...
02:51:00.314 [org.webgme.guest.socket.Socket.main()] INFO  org.webgme.guest.socket.Socket - waiting to receive SimTime...
02:51:00.420 [org.webgme.guest.socket.Socket.main()] INFO  org.webgme.guest.socket.Socket - waiting to receive SimTime...
02:51:00.527 [org.webgme.guest.socket.Socket.main()] INFO  org.webgme.guest.socket.Socket - waiting to receive SimTime...
02:51:00.633 [org.webgme.guest.socket.Socket.main()] INFO  org.webgme.guest.socket.Socket - waiting to receive SimTime...
02:51:00.738 [org.webgme.guest.socket.Socket.main()] INFO  org.webgme.guest.socket.Socket - waiting to receive SimTime...
02:51:00.844 [org.webgme.guest.socket.Socket.main()] INFO  org.webgme.guest.socket.Socket - waiting to receive SimTime...
02:51:00.949 [org.webgme.guest.socket.Socket.main()] INFO  org.webgme.guest.socket.Socket - waiting to receive SimTime...
02:51:01.055 [org.webgme.guest.socket.Socket.main()] INFO  org.webgme.guest.socket.Socket - waiting to receive SimTime...
02:51:01.160 [org.webgme.guest.socket.Socket.main()] INFO  org.webgme.guest.socket.Socket - waiting to receive SimTime...
02:51:01.265 [org.webgme.guest.socket.Socket.main()] INFO  org.webgme.guest.socket.Socket - waiting to receive SimTime...
02:51:01.371 [org.webgme.guest.socket.Socket.main()] INFO  org.webgme.guest.socket.Socket - waiting to receive SimTime...
02:51:01.477 [org.webgme.guest.socket.Socket.main()] INFO  org.webgme.guest.socket.Socket - waiting to receive SimTime...
02:51:01.583 [org.webgme.guest.socket.Socket.main()] INFO  org.webgme.guest.socket.Socket - waiting to receive SimTime...
02:51:01.688 [org.webgme.guest.socket.Socket.main()] INFO  org.webgme.guest.socket.Socket - waiting to receive SimTime...
02:51:01.794 [org.webgme.guest.socket.Socket.main()] INFO  org.webgme.guest.socket.Socket - waiting to receive SimTime...
02:51:01.900 [org.webgme.guest.socket.Socket.main()] INFO  org.webgme.guest.socket.Socket - waiting to receive SimTime...
02:51:02.006 [org.webgme.guest.socket.Socket.main()] INFO  org.webgme.guest.socket.Socket - waiting to receive SimTime...
02:51:02.114 [org.webgme.guest.socket.Socket.main()] INFO  org.webgme.guest.socket.Socket - waiting to receive SimTime...
02:51:02.219 [org.webgme.guest.socket.Socket.main()] INFO  org.webgme.guest.socket.Socket - waiting to receive SimTime...
02:51:02.325 [org.webgme.guest.socket.Socket.main()] INFO  org.webgme.guest.socket.Socket - waiting to receive SimTime...
02:51:02.430 [org.webgme.guest.socket.Socket.main()] INFO  org.webgme.guest.socket.Socket - waiting to receive SimTime...
02:51:02.536 [org.webgme.guest.socket.Socket.main()] INFO  org.webgme.guest.socket.Socket - waiting to receive SimTime...
02:51:02.642 [org.webgme.guest.socket.Socket.main()] INFO  org.webgme.guest.socket.Socket - waiting to receive SimTime...
02:51:02.748 [org.webgme.guest.socket.Socket.main()] INFO  org.webgme.guest.socket.Socket - waiting to receive SimTime...
02:51:02.854 [org.webgme.guest.socket.Socket.main()] INFO  org.webgme.guest.socket.Socket - waiting to receive SimTime...
02:51:02.960 [org.webgme.guest.socket.Socket.main()] INFO  org.webgme.guest.socket.Socket - waiting to receive SimTime...
02:51:03.065 [org.webgme.guest.socket.Socket.main()] INFO  org.webgme.guest.socket.Socket - waiting to receive SimTime...
02:51:03.172 [org.webgme.guest.socket.Socket.main()] INFO  org.webgme.guest.socket.Socket - waiting to receive SimTime...
02:51:03.278 [org.webgme.guest.socket.Socket.main()] INFO  org.webgme.guest.socket.Socket - waiting to receive SimTime...
02:51:03.385 [org.webgme.guest.socket.Socket.main()] INFO  org.webgme.guest.socket.Socket - waiting to receive SimTime...
02:51:03.490 [org.webgme.guest.socket.Socket.main()] INFO  org.webgme.guest.socket.Socket - waiting to receive SimTime...
02:51:03.596 [org.webgme.guest.socket.Socket.main()] INFO  org.webgme.guest.socket.Socket - waiting to receive SimTime...
02:51:03.701 [org.webgme.guest.socket.Socket.main()] INFO  org.webgme.guest.socket.Socket - waiting to receive SimTime...
02:51:03.807 [org.webgme.guest.socket.Socket.main()] INFO  org.webgme.guest.socket.Socket - waiting to receive SimTime...
02:51:03.913 [org.webgme.guest.socket.Socket.main()] INFO  org.webgme.guest.socket.Socket - waiting to receive SimTime...
02:51:04.019 [org.webgme.guest.socket.Socket.main()] INFO  org.webgme.guest.socket.Socket - waiting to receive SimTime...
02:51:04.124 [org.webgme.guest.socket.Socket.main()] INFO  org.webgme.guest.socket.Socket - waiting to receive SimTime...
02:51:04.232 [org.webgme.guest.socket.Socket.main()] INFO  org.webgme.guest.socket.Socket - waiting to receive SimTime...
02:51:04.338 [org.webgme.guest.socket.Socket.main()] INFO  org.webgme.guest.socket.Socket - waiting to receive SimTime...
02:51:04.444 [org.webgme.guest.socket.Socket.main()] INFO  org.webgme.guest.socket.Socket - waiting to receive SimTime...
02:51:04.552 [org.webgme.guest.socket.Socket.main()] INFO  org.webgme.guest.socket.Socket - waiting to receive SimTime...
02:51:04.659 [org.webgme.guest.socket.Socket.main()] INFO  org.webgme.guest.socket.Socket - waiting to receive SimTime...
02:51:04.765 [org.webgme.guest.socket.Socket.main()] INFO  org.webgme.guest.socket.Socket - waiting to receive SimTime...
02:51:04.871 [org.webgme.guest.socket.Socket.main()] INFO  org.webgme.guest.socket.Socket - waiting to receive SimTime...
02:51:04.979 [org.webgme.guest.socket.Socket.main()] INFO  org.webgme.guest.socket.Socket - waiting to receive SimTime...
02:51:05.087 [org.webgme.guest.socket.Socket.main()] INFO  org.webgme.guest.socket.Socket - waiting to receive SimTime...
02:51:05.194 [org.webgme.guest.socket.Socket.main()] INFO  org.webgme.guest.socket.Socket - waiting to receive SimTime...
02:51:05.300 [org.webgme.guest.socket.Socket.main()] INFO  org.webgme.guest.socket.Socket - waiting to receive SimTime...
02:51:05.406 [org.webgme.guest.socket.Socket.main()] INFO  org.webgme.guest.socket.Socket - waiting to receive SimTime...
02:51:05.513 [org.webgme.guest.socket.Socket.main()] INFO  org.webgme.guest.socket.Socket - waiting to receive SimTime...
02:51:05.619 [org.webgme.guest.socket.Socket.main()] INFO  org.webgme.guest.socket.Socket - waiting to receive SimTime...
02:51:05.727 [org.webgme.guest.socket.Socket.main()] INFO  org.webgme.guest.socket.Socket - waiting to receive SimTime...
02:51:05.833 [org.webgme.guest.socket.Socket.main()] INFO  org.webgme.guest.socket.Socket - waiting to receive SimTime...
02:51:05.939 [org.webgme.guest.socket.Socket.main()] INFO  org.webgme.guest.socket.Socket - waiting to receive SimTime...
02:51:06.044 [org.webgme.guest.socket.Socket.main()] INFO  org.webgme.guest.socket.Socket - waiting to receive SimTime...
02:51:06.150 [org.webgme.guest.socket.Socket.main()] INFO  org.webgme.guest.socket.Socket - waiting to receive SimTime...
02:51:06.256 [org.webgme.guest.socket.Socket.main()] INFO  org.webgme.guest.socket.Socket - waiting to receive SimTime...
02:51:06.363 [org.webgme.guest.socket.Socket.main()] INFO  org.webgme.guest.socket.Socket - waiting to receive SimTime...
02:51:06.468 [org.webgme.guest.socket.Socket.main()] INFO  org.webgme.guest.socket.Socket - waiting to receive SimTime...
02:51:06.574 [org.webgme.guest.socket.Socket.main()] INFO  org.webgme.guest.socket.Socket - waiting to receive SimTime...
02:51:06.679 [org.webgme.guest.socket.Socket.main()] INFO  org.webgme.guest.socket.Socket - waiting to receive SimTime...
02:51:06.786 [org.webgme.guest.socket.Socket.main()] INFO  org.webgme.guest.socket.Socket - waiting to receive SimTime...
02:51:06.892 [org.webgme.guest.socket.Socket.main()] INFO  org.webgme.guest.socket.Socket - waiting to receive SimTime...
02:51:06.997 [org.webgme.guest.socket.Socket.main()] INFO  org.webgme.guest.socket.Socket - waiting to receive SimTime...
02:51:07.103 [org.webgme.guest.socket.Socket.main()] INFO  org.webgme.guest.socket.Socket - waiting to receive SimTime...
02:51:07.211 [org.webgme.guest.socket.Socket.main()] INFO  org.webgme.guest.socket.Socket - waiting to receive SimTime...
02:51:07.316 [org.webgme.guest.socket.Socket.main()] INFO  org.webgme.guest.socket.Socket - waiting to receive SimTime...
02:51:07.422 [org.webgme.guest.socket.Socket.main()] INFO  org.webgme.guest.socket.Socket - waiting to receive SimTime...
02:51:07.528 [org.webgme.guest.socket.Socket.main()] INFO  org.webgme.guest.socket.Socket - waiting to receive SimTime...
02:51:07.634 [org.webgme.guest.socket.Socket.main()] INFO  org.webgme.guest.socket.Socket - waiting to receive SimTime...
02:51:07.740 [org.webgme.guest.socket.Socket.main()] INFO  org.webgme.guest.socket.Socket - waiting to receive SimTime...
02:51:07.846 [org.webgme.guest.socket.Socket.main()] INFO  org.webgme.guest.socket.Socket - waiting to receive SimTime...
02:51:07.952 [org.webgme.guest.socket.Socket.main()] INFO  org.webgme.guest.socket.Socket - waiting to receive SimTime...
02:51:08.058 [org.webgme.guest.socket.Socket.main()] INFO  org.webgme.guest.socket.Socket - waiting to receive SimTime...
